TN:
SF:src\app.controller.ts
FN:6,(anonymous_2)
FN:9,(anonymous_3)
FNF:2
FNH:0
FNDA:0,(anonymous_2)
FNDA:0,(anonymous_3)
DA:1,0
DA:2,0
DA:5,0
DA:6,0
DA:9,0
DA:10,0
LF:6
LH:0
BRDA:6,0,0,0
BRDA:6,0,1,0
BRDA:6,1,0,0
BRDA:6,1,1,0
BRF:4
BRH:0
end_of_record
TN:
SF:src\app.module.ts
FN:31,resolveTracker
FNF:1
FNH:0
FNDA:0,resolveTracker
DA:1,0
DA:2,0
DA:3,0
DA:4,0
DA:5,0
DA:6,0
DA:7,0
DA:8,0
DA:9,0
DA:10,0
DA:11,0
DA:12,0
DA:13,0
DA:14,0
DA:15,0
DA:16,0
DA:17,0
DA:18,0
DA:19,0
DA:20,0
DA:21,0
DA:22,0
DA:23,0
DA:24,0
DA:25,0
DA:26,0
DA:27,0
DA:29,0
DA:32,0
DA:33,0
DA:34,0
DA:37,0
DA:86,0
LF:33
LH:0
BRDA:33,0,0,0
BRDA:33,1,0,0
BRDA:33,1,1,0
BRDA:34,2,0,0
BRDA:34,2,1,0
BRDA:37,3,0,0
BRDA:37,3,1,0
BRDA:37,3,2,0
BRF:8
BRH:0
end_of_record
TN:
SF:src\app.service.ts
FN:5,(anonymous_1)
FNF:1
FNH:0
FNDA:0,(anonymous_1)
DA:1,0
DA:4,0
DA:6,0
LF:3
LH:0
BRF:0
BRH:0
end_of_record
TN:
SF:src\main.ts
FN:10,parseAllowedOrigins
FN:16,(anonymous_2)
FN:17,(anonymous_3)
FN:18,(anonymous_4)
FN:24,bootstrap
FN:63,(anonymous_6)
FNF:6
FNH:0
FNDA:0,parseAllowedOrigins
FNDA:0,(anonymous_2)
FNDA:0,(anonymous_3)
FNDA:0,(anonymous_4)
FNDA:0,bootstrap
FNDA:0,(anonymous_6)
DA:1,0
DA:2,0
DA:3,0
DA:4,0
DA:5,0
DA:6,0
DA:7,0
DA:8,0
DA:11,0
DA:16,0
DA:17,0
DA:18,0
DA:21,0
DA:25,0
DA:29,0
DA:30,0
DA:31,0
DA:33,0
DA:34,0
DA:43,0
DA:44,0
DA:52,0
DA:53,0
DA:65,0
DA:66,0
DA:67,0
DA:70,0
DA:71,0
DA:72,0
DA:75,0
DA:79,0
DA:84,0
DA:86,0
DA:87,0
DA:88,0
DA:91,0
LF:36
LH:0
BRDA:16,0,0,0
BRDA:16,0,1,0
BRDA:65,1,0,0
BRDA:70,2,0,0
BRDA:70,3,0,0
BRDA:70,3,1,0
BRDA:86,4,0,0
BRDA:86,4,1,0
BRF:8
BRH:0
end_of_record
TN:
SF:src\activity\activity.controller.ts
FN:26,(anonymous_4)
FN:29,(anonymous_5)
FNF:2
FNH:0
FNDA:0,(anonymous_4)
FNDA:0,(anonymous_5)
DA:1,0
DA:11,0
DA:12,0
DA:13,0
DA:25,0
DA:26,0
DA:29,0
DA:34,0
DA:35,0
DA:36,0
DA:39,0
LF:11
LH:0
BRDA:35,0,0,0
BRDA:43,1,0,0
BRDA:43,1,1,0
BRDA:44,2,0,0
BRDA:44,2,1,0
BRDA:30,3,0,0
BRDA:30,3,1,0
BRDA:30,4,0,0
BRDA:30,4,1,0
BRDA:30,5,0,0
BRDA:30,5,1,0
BRDA:30,6,0,0
BRDA:30,6,1,0
BRDA:26,7,0,0
BRDA:26,7,1,0
BRDA:26,8,0,0
BRDA:26,8,1,0
BRF:17
BRH:0
end_of_record
TN:
SF:src\activity\activity.module.ts
FNF:0
FNH:0
DA:1,0
DA:2,0
DA:3,0
DA:4,0
DA:12,0
LF:5
LH:0
BRF:0
BRH:0
end_of_record
TN:
SF:src\activity\activity.service.ts
FN:26,(anonymous_2)
FN:28,(anonymous_3)
FN:48,(anonymous_4)
FN:76,(anonymous_5)
FN:104,(anonymous_6)
FN:132,(anonymous_7)
FN:163,(anonymous_8)
FN:191,(anonymous_9)
FN:218,(anonymous_10)
FN:248,(anonymous_11)
FN:279,(anonymous_12)
FN:306,(anonymous_13)
FN:333,(anonymous_14)
FN:352,(anonymous_15)
FN:355,(anonymous_16)
FN:379,(anonymous_17)
FN:382,(anonymous_18)
FN:412,(anonymous_19)
FN:420,(anonymous_20)
FN:434,(anonymous_21)
FN:448,(anonymous_22)
FN:471,(anonymous_23)
FNF:22
FNH:11
FNDA:3,(anonymous_2)
FNDA:1,(anonymous_3)
FNDA:0,(anonymous_4)
FNDA:0,(anonymous_5)
FNDA:0,(anonymous_6)
FNDA:1,(anonymous_7)
FNDA:0,(anonymous_8)
FNDA:0,(anonymous_9)
FNDA:0,(anonymous_10)
FNDA:0,(anonymous_11)
FNDA:0,(anonymous_12)
FNDA:0,(anonymous_13)
FNDA:0,(anonymous_14)
FNDA:0,(anonymous_15)
FNDA:2,(anonymous_16)
FNDA:1,(anonymous_17)
FNDA:1,(anonymous_18)
FNDA:2,(anonymous_19)
FNDA:1,(anonymous_20)
FNDA:1,(anonymous_21)
FNDA:2,(anonymous_22)
FNDA:2,(anonymous_23)
DA:1,8
DA:2,8
DA:3,8
DA:4,8
DA:25,8
DA:26,3
DA:29,1
DA:31,1
DA:58,0
DA:60,0
DA:86,0
DA:88,0
DA:114,0
DA:116,0
DA:142,1
DA:144,1
DA:173,0
DA:174,0
DA:176,0
DA:200,0
DA:202,0
DA:229,0
DA:230,0
DA:232,0
DA:260,0
DA:261,0
DA:263,0
DA:289,0
DA:291,0
DA:316,0
DA:318,0
DA:338,0
DA:352,0
DA:362,2
DA:364,1
DA:365,1
DA:367,1
DA:379,1
DA:396,1
DA:413,2
DA:414,0
DA:417,2
DA:424,1
DA:425,1
DA:427,1
DA:428,1
DA:431,0
DA:438,1
DA:439,0
DA:442,1
DA:452,2
DA:453,2
DA:454,2
DA:457,0
DA:460,0
DA:463,0
DA:467,0
DA:476,2
DA:477,1
DA:480,1
DA:481,0
DA:484,1
DA:492,1
DA:493,0
DA:496,1
LF:65
LH:33
BRDA:29,0,0,1
BRDA:29,0,1,1
BRDA:37,1,0,1
BRDA:37,1,1,0
BRDA:38,2,0,1
BRDA:38,2,1,0
BRDA:40,3,0,1
BRDA:40,3,1,0
BRDA:42,4,0,1
BRDA:42,4,1,0
BRDA:43,5,0,1
BRDA:43,5,1,0
BRDA:67,6,0,0
BRDA:67,6,1,0
BRDA:69,7,0,0
BRDA:69,7,1,0
BRDA:71,8,0,0
BRDA:71,8,1,0
BRDA:72,9,0,0
BRDA:72,9,1,0
BRDA:95,10,0,0
BRDA:95,10,1,0
BRDA:97,11,0,0
BRDA:97,11,1,0
BRDA:99,12,0,0
BRDA:99,12,1,0
BRDA:100,13,0,0
BRDA:100,13,1,0
BRDA:123,14,0,0
BRDA:123,14,1,0
BRDA:125,15,0,0
BRDA:125,15,1,0
BRDA:127,16,0,0
BRDA:127,16,1,0
BRDA:128,17,0,0
BRDA:128,17,1,0
BRDA:151,18,0,1
BRDA:151,18,1,0
BRDA:153,19,0,1
BRDA:153,19,1,0
BRDA:155,20,0,1
BRDA:155,20,1,0
BRDA:157,21,0,1
BRDA:157,21,1,0
BRDA:173,22,0,0
BRDA:173,22,1,0
BRDA:184,23,0,0
BRDA:184,23,1,0
BRDA:186,24,0,0
BRDA:186,24,1,0
BRDA:187,25,0,0
BRDA:187,25,1,0
BRDA:209,26,0,0
BRDA:209,26,1,0
BRDA:213,27,0,0
BRDA:213,27,1,0
BRDA:214,28,0,0
BRDA:214,28,1,0
BRDA:229,29,0,0
BRDA:229,29,1,0
BRDA:239,30,0,0
BRDA:239,30,1,0
BRDA:243,31,0,0
BRDA:243,31,1,0
BRDA:244,32,0,0
BRDA:244,32,1,0
BRDA:260,33,0,0
BRDA:260,33,1,0
BRDA:269,34,0,0
BRDA:269,34,1,0
BRDA:270,35,0,0
BRDA:270,35,1,0
BRDA:272,36,0,0
BRDA:272,36,1,0
BRDA:274,37,0,0
BRDA:274,37,1,0
BRDA:275,38,0,0
BRDA:275,38,1,0
BRDA:297,39,0,0
BRDA:297,39,1,0
BRDA:299,40,0,0
BRDA:299,40,1,0
BRDA:301,41,0,0
BRDA:301,41,1,0
BRDA:302,42,0,0
BRDA:302,42,1,0
BRDA:324,43,0,0
BRDA:324,43,1,0
BRDA:326,44,0,0
BRDA:326,44,1,0
BRDA:328,45,0,0
BRDA:328,45,1,0
BRDA:329,46,0,0
BRDA:329,46,1,0
BRDA:343,47,0,0
BRDA:343,47,1,0
BRDA:413,48,0,0
BRDA:413,49,0,2
BRDA:413,49,1,2
BRDA:413,49,2,2
BRDA:427,50,0,1
BRDA:438,51,0,0
BRDA:438,52,0,1
BRDA:438,52,1,1
BRDA:438,52,2,1
BRDA:453,53,0,2
BRDA:457,54,0,0
BRDA:457,54,1,0
BRDA:457,54,2,0
BRDA:457,54,3,0
BRDA:457,54,4,0
BRDA:457,54,5,0
BRDA:457,54,6,0
BRDA:476,55,0,1
BRDA:480,56,0,0
BRDA:492,57,0,0
BRDA:26,58,0,8
BRDA:26,58,1,0
BRDA:26,59,0,8
BRDA:26,59,1,8
BRF:120
BRH:23
end_of_record
TN:
SF:src\activity\dto\list-recent-activity.dto.ts
FN:6,(anonymous_2)
FN:13,(anonymous_3)
FNF:2
FNH:0
FNDA:0,(anonymous_2)
FNDA:0,(anonymous_3)
DA:1,0
DA:2,0
DA:4,0
DA:6,0
DA:10,0
DA:13,0
DA:17,0
LF:7
LH:0
BRF:0
BRH:0
end_of_record
TN:
SF:src\alerts\alerts.controller.ts
FN:9,(anonymous_4)
FN:12,(anonymous_5)
FN:23,(anonymous_6)
FN:40,(anonymous_7)
FN:51,(anonymous_8)
FNF:5
FNH:0
FNDA:0,(anonymous_4)
FNDA:0,(anonymous_5)
FNDA:0,(anonymous_6)
FNDA:0,(anonymous_7)
FNDA:0,(anonymous_8)
DA:1,0
DA:2,0
DA:3,0
DA:4,0
DA:8,0
DA:9,0
DA:12,0
DA:13,0
DA:14,0
DA:16,0
DA:17,0
DA:19,0
DA:23,0
DA:27,0
DA:28,0
DA:30,0
DA:31,0
DA:32,0
DA:33,0
DA:36,0
DA:40,0
DA:41,0
DA:42,0
DA:44,0
DA:45,0
DA:47,0
DA:51,0
DA:52,0
DA:53,0
DA:55,0
DA:56,0
DA:58,0
LF:32
LH:0
BRDA:13,0,0,0
BRDA:13,0,1,0
BRDA:16,1,0,0
BRDA:17,2,0,0
BRDA:27,3,0,0
BRDA:27,3,1,0
BRDA:30,4,0,0
BRDA:31,5,0,0
BRDA:32,6,0,0
BRDA:32,7,0,0
BRDA:32,7,1,0
BRDA:32,7,2,0
BRDA:36,8,0,0
BRDA:36,8,1,0
BRDA:41,9,0,0
BRDA:41,9,1,0
BRDA:44,10,0,0
BRDA:45,11,0,0
BRDA:52,12,0,0
BRDA:52,12,1,0
BRDA:55,13,0,0
BRDA:56,14,0,0
BRDA:25,15,0,0
BRDA:25,15,1,0
BRDA:25,16,0,0
BRDA:25,16,1,0
BRDA:9,17,0,0
BRDA:9,17,1,0
BRDA:9,18,0,0
BRDA:9,18,1,0
BRF:30
BRH:0
end_of_record
TN:
SF:src\alerts\alerts.module.ts
FNF:0
FNH:0
DA:1,0
DA:2,0
DA:3,0
DA:4,0
DA:11,0
LF:5
LH:0
BRF:0
BRH:0
end_of_record
TN:
SF:src\alerts\alerts.service.ts
FN:7,(anonymous_2)
FN:9,(anonymous_3)
FN:24,(anonymous_4)
FN:82,(anonymous_5)
FN:110,(anonymous_6)
FN:228,(anonymous_7)
FN:229,(anonymous_8)
FN:232,(anonymous_9)
FN:241,(anonymous_10)
FN:254,(anonymous_11)
FN:280,(anonymous_12)
FN:345,(anonymous_13)
FN:380,(anonymous_14)
FN:396,(anonymous_15)
FNF:14
FNH:14
FNDA:8,(anonymous_2)
FNDA:2,(anonymous_3)
FNDA:1,(anonymous_4)
FNDA:1,(anonymous_5)
FNDA:2,(anonymous_6)
FNDA:1,(anonymous_7)
FNDA:2,(anonymous_8)
FNDA:1,(anonymous_9)
FNDA:1,(anonymous_10)
FNDA:1,(anonymous_11)
FNDA:1,(anonymous_12)
FNDA:2,(anonymous_13)
FNDA:1,(anonymous_14)
FNDA:6,(anonymous_15)
DA:1,6
DA:2,6
DA:3,6
DA:6,6
DA:7,8
DA:10,2
DA:12,1
DA:21,1
DA:25,1
DA:27,1
DA:81,1
DA:82,1
DA:111,2
DA:113,2
DA:172,2
DA:174,1
DA:188,1
DA:228,1
DA:229,2
DA:232,1
DA:241,1
DA:255,1
DA:257,1
DA:268,1
DA:270,1
DA:271,1
DA:277,1
DA:286,1
DA:323,1
DA:325,1
DA:326,1
DA:327,1
DA:328,1
DA:329,1
DA:330,1
DA:335,1
DA:344,1
DA:346,2
DA:377,1
DA:381,1
DA:397,6
DA:409,6
DA:410,6
DA:411,1
DA:414,5
LF:45
LH:45
BRDA:102,0,0,1
BRDA:102,0,1,0
BRDA:103,1,0,1
BRDA:103,1,1,0
BRDA:104,2,0,1
BRDA:104,2,1,0
BRDA:172,3,0,1
BRDA:197,4,0,1
BRDA:197,4,1,0
BRDA:200,5,0,1
BRDA:200,5,1,0
BRDA:200,5,2,0
BRDA:227,6,0,1
BRDA:227,6,1,0
BRDA:228,7,0,1
BRDA:228,7,1,0
BRDA:238,8,0,1
BRDA:238,8,1,0
BRDA:239,9,0,1
BRDA:239,9,1,0
BRDA:268,10,0,0
BRDA:270,11,0,1
BRDA:323,12,0,0
BRDA:323,13,0,1
BRDA:323,13,1,1
BRDA:325,14,0,1
BRDA:325,14,1,0
BRDA:326,15,0,1
BRDA:326,15,1,0
BRDA:327,16,0,1
BRDA:327,16,1,0
BRDA:329,17,0,1
BRDA:329,17,1,0
BRDA:330,18,0,1
BRDA:330,18,1,0
BRDA:331,19,0,1
BRDA:331,19,1,0
BRDA:340,20,0,1
BRDA:340,20,1,0
BRDA:409,21,0,0
BRDA:410,22,0,1
BRDA:410,23,0,6
BRDA:410,23,1,6
BRDA:7,24,0,6
BRDA:7,24,1,0
BRDA:7,25,0,6
BRDA:7,25,1,6
BRF:47
BRH:26
end_of_record
TN:
SF:src\auth\auth.controller.ts
FN:8,(anonymous_4)
FN:14,(anonymous_5)
FN:26,(anonymous_6)
FN:61,(anonymous_7)
FN:66,(anonymous_8)
FN:100,(anonymous_9)
FN:106,(anonymous_10)
FN:112,(anonymous_11)
FN:177,(anonymous_12)
FN:217,(anonymous_13)
FNF:10
FNH:0
FNDA:0,(anonymous_4)
FNDA:0,(anonymous_5)
FNDA:0,(anonymous_6)
FNDA:0,(anonymous_7)
FNDA:0,(anonymous_8)
FNDA:0,(anonymous_9)
FNDA:0,(anonymous_10)
FNDA:0,(anonymous_11)
FNDA:0,(anonymous_12)
FNDA:0,(anonymous_13)
DA:1,0
DA:2,0
DA:3,0
DA:4,0
DA:7,0
DA:9,0
DA:10,0
DA:11,0
DA:15,0
DA:16,0
DA:18,0
DA:27,0
DA:29,0
DA:30,0
DA:33,0
DA:34,0
DA:35,0
DA:38,0
DA:39,0
DA:40,0
DA:43,0
DA:46,0
DA:47,0
DA:48,0
DA:49,0
DA:51,0
DA:52,0
DA:55,0
DA:57,0
DA:62,0
DA:63,0
DA:67,0
DA:68,0
DA:69,0
DA:70,0
DA:71,0
DA:73,0
DA:77,0
DA:78,0
DA:79,0
DA:84,0
DA:93,0
DA:100,0
DA:101,0
DA:102,0
DA:106,0
DA:107,0
DA:108,0
DA:112,0
DA:113,0
DA:114,0
DA:115,0
DA:116,0
DA:117,0
DA:118,0
DA:119,0
DA:121,0
DA:122,0
DA:123,0
DA:126,0
DA:127,0
DA:134,0
DA:135,0
DA:136,0
DA:139,0
DA:140,0
DA:146,0
DA:147,0
DA:150,0
DA:151,0
DA:152,0
DA:153,0
DA:155,0
DA:156,0
DA:157,0
DA:160,0
DA:161,0
DA:162,0
DA:163,0
DA:165,0
DA:167,0
DA:168,0
DA:169,0
DA:170,0
DA:171,0
DA:172,0
DA:177,0
DA:178,0
DA:179,0
DA:181,0
DA:182,0
DA:183,0
DA:186,0
DA:188,0
DA:189,0
DA:195,0
DA:196,0
DA:197,0
DA:200,0
DA:201,0
DA:203,0
DA:204,0
DA:205,0
DA:208,0
DA:210,0
DA:211,0
DA:212,0
DA:217,0
DA:218,0
DA:219,0
DA:220,0
DA:221,0
DA:222,0
DA:224,0
DA:225,0
DA:227,0
DA:228,0
DA:230,0
DA:231,0
DA:240,0
DA:241,0
DA:243,0
DA:244,0
DA:245,0
DA:246,0
DA:249,0
LF:126
LH:0
BRDA:15,0,0,0
BRDA:15,0,1,0
BRDA:29,1,0,0
BRDA:34,2,0,0
BRDA:38,3,0,0
BRDA:39,4,0,0
BRDA:39,5,0,0
BRDA:39,5,1,0
BRDA:51,6,0,0
BRDA:55,7,0,0
BRDA:55,7,1,0
BRDA:113,8,0,0
BRDA:113,8,1,0
BRDA:114,9,0,0
BRDA:114,9,1,0
BRDA:121,10,0,0
BRDA:121,11,0,0
BRDA:121,11,1,0
BRDA:121,11,2,0
BRDA:121,11,3,0
BRDA:121,11,4,0
BRDA:134,12,0,0
BRDA:134,12,1,0
BRDA:135,13,0,0
BRDA:135,14,0,0
BRDA:135,14,1,0
BRDA:146,15,0,0
BRDA:146,16,0,0
BRDA:146,16,1,0
BRDA:152,17,0,0
BRDA:152,17,1,0
BRDA:153,18,0,0
BRDA:153,18,1,0
BRDA:156,19,0,0
BRDA:182,20,0,0
BRDA:195,21,0,0
BRDA:195,21,1,0
BRDA:196,22,0,0
BRDA:196,23,0,0
BRDA:196,23,1,0
BRDA:200,24,0,0
BRDA:200,24,1,0
BRDA:201,25,0,0
BRDA:201,25,1,0
BRDA:204,26,0,0
BRDA:225,27,0,0
BRDA:225,27,1,0
BRDA:243,28,0,0
BRDA:9,29,0,0
BRDA:9,29,1,0
BRDA:9,30,0,0
BRDA:9,30,1,0
BRDA:9,31,0,0
BRDA:9,31,1,0
BRDA:9,32,0,0
BRDA:9,32,1,0
BRDA:10,33,0,0
BRDA:10,33,1,0
BRDA:10,34,0,0
BRDA:10,34,1,0
BRF:60
BRH:0
end_of_record
TN:
SF:src\auth\auth.module.ts
FNF:0
FNH:0
DA:1,0
DA:2,0
DA:3,0
DA:4,0
DA:12,0
LF:5
LH:0
BRF:0
BRH:0
end_of_record
TN:
SF:src\auth\auth.service.ts
FN:4,base64urlEncode
FN:13,(anonymous_2)
FN:21,(anonymous_3)
FN:41,(anonymous_4)
FN:73,(anonymous_5)
FN:101,(anonymous_6)
FNF:6
FNH:6
FNDA:2,base64urlEncode
FNDA:1,(anonymous_2)
FNDA:1,(anonymous_3)
FNDA:2,(anonymous_4)
FNDA:2,(anonymous_5)
FNDA:2,(anonymous_6)
DA:1,1
DA:2,1
DA:5,2
DA:12,1
DA:14,1
DA:15,1
DA:18,1
DA:29,1
DA:30,1
DA:31,1
DA:32,1
DA:33,1
DA:34,1
DA:35,1
DA:36,1
DA:37,1
DA:38,1
DA:48,2
DA:49,2
DA:50,2
DA:51,2
DA:52,2
DA:53,2
DA:54,2
DA:56,2
DA:63,2
DA:64,2
DA:65,1
DA:67,1
DA:69,1
DA:78,2
DA:79,2
DA:80,2
DA:81,2
DA:82,2
DA:84,2
DA:92,2
DA:93,1
DA:95,1
DA:97,1
DA:106,2
DA:107,2
DA:108,2
DA:109,2
DA:110,1
DA:113,2
DA:121,2
DA:122,1
DA:124,1
DA:126,1
LF:50
LH:50
BRDA:64,0,0,1
BRDA:92,1,0,1
BRDA:109,2,0,1
BRDA:121,3,0,1
BRF:4
BRH:4
end_of_record
TN:
SF:src\clients\clients.controller.ts
FN:32,(anonymous_4)
FN:35,(anonymous_5)
FN:51,(anonymous_6)
FN:64,(anonymous_7)
FN:80,(anonymous_8)
FNF:5
FNH:0
FNDA:0,(anonymous_4)
FNDA:0,(anonymous_5)
FNDA:0,(anonymous_6)
FNDA:0,(anonymous_7)
FNDA:0,(anonymous_8)
DA:1,0
DA:15,0
DA:16,0
DA:17,0
DA:18,0
DA:19,0
DA:31,0
DA:32,0
DA:35,0
DA:39,0
DA:40,0
DA:42,0
DA:51,0
DA:52,0
DA:53,0
DA:55,0
DA:64,0
DA:68,0
DA:69,0
DA:71,0
DA:80,0
DA:85,0
DA:86,0
DA:88,0
LF:24
LH:0
BRDA:40,0,0,0
BRDA:53,1,0,0
BRDA:69,2,0,0
BRDA:86,3,0,0
BRDA:36,4,0,0
BRDA:36,4,1,0
BRDA:36,5,0,0
BRDA:36,5,1,0
BRDA:36,6,0,0
BRDA:36,6,1,0
BRDA:36,7,0,0
BRDA:36,7,1,0
BRDA:51,8,0,0
BRDA:51,8,1,0
BRDA:51,9,0,0
BRDA:51,9,1,0
BRDA:65,10,0,0
BRDA:65,10,1,0
BRDA:65,11,0,0
BRDA:65,11,1,0
BRDA:65,12,0,0
BRDA:65,12,1,0
BRDA:65,13,0,0
BRDA:65,13,1,0
BRDA:81,14,0,0
BRDA:81,14,1,0
BRDA:81,15,0,0
BRDA:81,15,1,0
BRDA:81,16,0,0
BRDA:81,16,1,0
BRDA:81,17,0,0
BRDA:81,17,1,0
BRDA:32,18,0,0
BRDA:32,18,1,0
BRDA:32,19,0,0
BRDA:32,19,1,0
BRF:36
BRH:0
end_of_record
TN:
SF:src\clients\clients.module.ts
FNF:0
FNH:0
DA:1,0
DA:2,0
DA:3,0
DA:4,0
DA:5,0
DA:6,0
DA:14,0
LF:7
LH:0
BRF:0
BRH:0
end_of_record
TN:
SF:src\clients\clients.service.ts
FN:20,(anonymous_2)
FN:27,(anonymous_3)
FN:88,(anonymous_4)
FN:107,(anonymous_5)
FN:215,(anonymous_6)
FN:221,(anonymous_7)
FN:226,(anonymous_8)
FN:233,(anonymous_9)
FN:236,(anonymous_10)
FN:248,(anonymous_11)
FN:318,(anonymous_12)
FN:427,(anonymous_13)
FN:443,(anonymous_14)
FN:448,(anonymous_15)
FN:452,(anonymous_16)
FN:453,(anonymous_17)
FN:460,(anonymous_18)
FNF:17
FNH:17
FNDA:7,(anonymous_2)
FNDA:2,(anonymous_3)
FNDA:1,(anonymous_4)
FNDA:2,(anonymous_5)
FNDA:1,(anonymous_6)
FNDA:1,(anonymous_7)
FNDA:1,(anonymous_8)
FNDA:1,(anonymous_9)
FNDA:1,(anonymous_10)
FNDA:2,(anonymous_11)
FNDA:1,(anonymous_12)
FNDA:2,(anonymous_13)
FNDA:6,(anonymous_14)
FNDA:2,(anonymous_15)
FNDA:4,(anonymous_16)
FNDA:4,(anonymous_17)
FNDA:7,(anonymous_18)
DA:1,1
DA:9,1
DA:10,1
DA:14,1
DA:15,1
DA:16,1
DA:19,1
DA:21,7
DA:22,7
DA:23,7
DA:24,7
DA:33,2
DA:35,1
DA:36,1
DA:37,1
DA:38,1
DA:39,1
DA:44,1
DA:45,1
DA:53,1
DA:87,1
DA:88,1
DA:113,2
DA:115,2
DA:177,2
DA:179,1
DA:205,1
DA:215,1
DA:221,1
DA:226,1
DA:233,1
DA:236,1
DA:254,2
DA:256,2
DA:257,2
DA:258,2
DA:259,2
DA:260,2
DA:262,2
DA:263,2
DA:272,2
DA:273,1
DA:277,1
DA:289,1
DA:303,1
DA:310,1
DA:325,1
DA:327,1
DA:343,1
DA:344,0
DA:347,1
DA:349,1
DA:350,1
DA:351,1
DA:352,1
DA:354,0
DA:357,0
DA:358,0
DA:359,0
DA:361,0
DA:362,0
DA:372,0
DA:373,0
DA:378,0
DA:379,0
DA:382,0
DA:383,0
DA:386,0
DA:387,0
DA:390,0
DA:395,0
DA:419,0
DA:428,2
DA:429,2
DA:431,1
DA:436,1
DA:437,0
DA:440,1
DA:444,6
DA:445,6
DA:449,2
DA:452,4
DA:453,4
DA:457,2
DA:461,7
DA:462,1
DA:465,6
DA:467,6
DA:484,6
DA:485,6
LF:90
LH:71
BRDA:36,0,0,1
BRDA:36,0,1,0
BRDA:37,1,0,1
BRDA:37,1,1,1
BRDA:37,1,2,0
BRDA:44,2,0,1
BRDA:59,3,0,1
BRDA:59,3,1,0
BRDA:95,4,0,1
BRDA:95,4,1,0
BRDA:177,5,0,1
BRDA:220,6,0,1
BRDA:220,6,1,0
BRDA:241,7,0,1
BRDA:241,7,1,0
BRDA:257,8,0,2
BRDA:257,8,1,0
BRDA:260,9,0,2
BRDA:260,9,1,2
BRDA:262,10,0,2
BRDA:272,11,0,1
BRDA:307,12,0,1
BRDA:307,12,1,0
BRDA:307,12,2,0
BRDA:343,13,0,0
BRDA:349,14,0,1
BRDA:351,15,0,1
BRDA:357,16,0,0
BRDA:359,17,0,0
BRDA:359,17,1,0
BRDA:361,18,0,0
BRDA:372,19,0,0
BRDA:378,20,0,0
BRDA:382,21,0,0
BRDA:386,22,0,0
BRDA:386,23,0,0
BRDA:386,23,1,0
BRDA:387,24,0,0
BRDA:387,24,1,0
BRDA:410,25,0,0
BRDA:410,25,1,0
BRDA:411,26,0,0
BRDA:411,26,1,0
BRDA:412,27,0,0
BRDA:412,27,1,0
BRDA:413,28,0,0
BRDA:413,28,1,0
BRDA:414,29,0,0
BRDA:414,29,1,0
BRDA:429,30,0,1
BRDA:436,31,0,0
BRDA:444,32,0,6
BRDA:444,32,1,3
BRDA:445,33,0,3
BRDA:445,33,1,3
BRDA:457,34,0,2
BRDA:457,34,1,0
BRDA:461,35,0,1
BRDA:465,36,0,0
BRDA:484,37,0,0
BRDA:21,38,0,1
BRDA:21,38,1,0
BRDA:21,39,0,1
BRDA:21,39,1,1
BRDA:21,40,0,1
BRDA:21,40,1,0
BRDA:21,41,0,1
BRDA:21,41,1,1
BRDA:22,42,0,1
BRDA:22,42,1,0
BRDA:22,43,0,1
BRDA:22,43,1,1
BRDA:23,44,0,1
BRDA:23,44,1,0
BRDA:23,45,0,1
BRDA:23,45,1,1
BRF:76
BRH:36
end_of_record
TN:
SF:src\clients\dto\create-client.dto.ts
FNF:0
FNH:0
DA:1,0
DA:3,0
DA:7,0
DA:12,0
DA:17,0
DA:21,0
DA:26,0
DA:31,0
DA:36,0
DA:41,0
LF:10
LH:0
BRF:0
BRH:0
end_of_record
TN:
SF:src\clients\dto\list-clients.dto.ts
FN:6,(anonymous_2)
FN:11,(anonymous_3)
FN:17,(anonymous_4)
FN:24,(anonymous_5)
FNF:4
FNH:0
FNDA:0,(anonymous_2)
FNDA:0,(anonymous_3)
FNDA:0,(anonymous_4)
FNDA:0,(anonymous_5)
DA:1,0
DA:2,0
DA:4,0
DA:6,0
DA:8,0
DA:11,0
DA:14,0
DA:17,0
DA:21,0
DA:24,0
DA:28,0
LF:11
LH:0
BRDA:6,0,0,0
BRDA:6,0,1,0
BRF:2
BRH:0
end_of_record
TN:
SF:src\clients\dto\update-client.dto.ts
FNF:0
FNH:0
DA:1,0
DA:3,0
DA:7,0
DA:11,0
DA:16,0
DA:21,0
DA:26,0
DA:31,0
LF:8
LH:0
BRF:0
BRH:0
end_of_record
TN:
SF:src\common\decorators\auth-user.decorator.ts
FN:3,(anonymous_0)
FN:7,(anonymous_1)
FNF:2
FNH:0
FNDA:0,(anonymous_0)
FNDA:0,(anonymous_1)
DA:1,0
DA:3,0
DA:4,0
DA:7,0
DA:8,0
DA:11,0
DA:14,0
LF:7
LH:0
BRDA:11,0,0,0
BRDA:11,0,1,0
BRDA:14,1,0,0
BRDA:14,1,1,0
BRDA:14,1,2,0
BRF:5
BRH:0
end_of_record
TN:
SF:src\common\decorators\rolse.decorator.ts
FN:3,(anonymous_0)
FNF:1
FNH:0
FNDA:0,(anonymous_0)
DA:1,0
DA:2,0
DA:3,0
LF:3
LH:0
BRF:0
BRH:0
end_of_record
TN:
SF:src\common\guards\jwt-auth.guard.ts
FN:30,(anonymous_2)
FN:40,(anonymous_3)
FN:73,(anonymous_4)
FN:77,(anonymous_5)
FNF:4
FNH:0
FNDA:0,(anonymous_2)
FNDA:0,(anonymous_3)
FNDA:0,(anonymous_4)
FNDA:0,(anonymous_5)
DA:1,0
DA:5,0
DA:6,0
DA:8,0
DA:23,0
DA:30,0
DA:31,0
DA:32,0
DA:33,0
DA:34,0
DA:36,0
DA:37,0
DA:41,0
DA:44,0
DA:45,0
DA:46,0
DA:47,0
DA:48,0
DA:50,0
DA:52,0
DA:58,0
DA:59,0
DA:60,0
DA:68,0
DA:70,0
DA:72,0
DA:73,0
DA:75,0
DA:77,0
DA:80,0
DA:84,0
DA:89,0
DA:90,0
DA:91,0
DA:92,0
DA:93,0
DA:101,0
DA:102,0
DA:105,0
DA:106,0
DA:118,0
DA:119,0
DA:120,0
DA:121,0
DA:122,0
DA:123,0
DA:129,0
DA:139,0
DA:141,0
DA:142,0
DA:144,0
DA:145,0
DA:147,0
LF:53
LH:0
BRDA:34,0,0,0
BRDA:34,0,1,0
BRDA:44,1,0,0
BRDA:44,1,1,0
BRDA:45,2,0,0
BRDA:45,2,1,0
BRDA:47,3,0,0
BRDA:47,3,1,0
BRDA:48,4,0,0
BRDA:59,5,0,0
BRDA:59,6,0,0
BRDA:59,6,1,0
BRDA:68,7,0,0
BRDA:68,7,1,0
BRDA:70,8,0,0
BRDA:70,8,1,0
BRDA:72,9,0,0
BRDA:72,9,1,0
BRDA:73,10,0,0
BRDA:73,10,1,0
BRDA:75,11,0,0
BRDA:75,11,1,0
BRDA:84,12,0,0
BRDA:84,12,1,0
BRDA:84,12,2,0
BRDA:84,12,3,0
BRDA:91,13,0,0
BRDA:92,14,0,0
BRDA:101,15,0,0
BRDA:101,15,1,0
BRDA:102,16,0,0
BRDA:102,16,1,0
BRDA:105,17,0,0
BRDA:105,18,0,0
BRDA:105,18,1,0
BRDA:105,18,2,0
BRDA:118,19,0,0
BRDA:118,19,1,0
BRDA:122,20,0,0
BRDA:122,21,0,0
BRDA:122,21,1,0
BRDA:132,22,0,0
BRDA:132,22,1,0
BRDA:133,23,0,0
BRDA:133,23,1,0
BRDA:134,24,0,0
BRDA:134,24,1,0
BRDA:141,25,0,0
BRDA:144,26,0,0
BRDA:147,27,0,0
BRDA:147,27,1,0
BRDA:30,28,0,0
BRDA:30,28,1,0
BRDA:30,29,0,0
BRDA:30,29,1,0
BRDA:30,30,0,0
BRDA:30,30,1,0
BRDA:30,31,0,0
BRDA:30,31,1,0
BRF:59
BRH:0
end_of_record
TN:
SF:src\common\guards\rolse.guards.ts
FN:7,(anonymous_2)
FN:11,(anonymous_3)
FN:13,(anonymous_4)
FN:27,(anonymous_5)
FN:30,(anonymous_6)
FN:30,(anonymous_7)
FN:33,(anonymous_8)
FNF:7
FNH:0
FNDA:0,(anonymous_2)
FNDA:0,(anonymous_3)
FNDA:0,(anonymous_4)
FNDA:0,(anonymous_5)
FNDA:0,(anonymous_6)
FNDA:0,(anonymous_7)
FNDA:0,(anonymous_8)
DA:1,0
DA:4,0
DA:6,0
DA:7,0
DA:10,0
DA:11,0
DA:14,0
DA:17,0
DA:19,0
DA:20,0
DA:21,0
DA:23,0
DA:25,0
DA:26,0
DA:27,0
DA:30,0
DA:31,0
DA:33,0
DA:34,0
DA:35,0
LF:20
LH:0
BRDA:17,0,0,0
BRDA:21,1,0,0
BRDA:23,2,0,0
BRDA:23,2,1,0
BRDA:25,3,0,0
BRDA:25,3,1,0
BRDA:26,4,0,0
BRDA:26,4,1,0
BRDA:27,5,0,0
BRDA:27,5,1,0
BRDA:34,6,0,0
BRDA:11,7,0,0
BRDA:11,7,1,0
BRDA:11,8,0,0
BRDA:11,8,1,0
BRF:15
BRH:0
end_of_record
TN:
SF:src\common\interceptors\idempotency.interceptor.ts
FN:11,(anonymous_2)
FN:13,(anonymous_3)
FN:29,(anonymous_4)
FN:36,(anonymous_5)
FNF:4
FNH:0
FNDA:0,(anonymous_2)
FNDA:0,(anonymous_3)
FNDA:0,(anonymous_4)
FNDA:0,(anonymous_5)
DA:1,0
DA:2,0
DA:3,0
DA:4,0
DA:5,0
DA:7,0
DA:10,0
DA:11,0
DA:14,0
DA:15,0
DA:17,0
DA:18,0
DA:20,0
DA:21,0
DA:22,0
DA:24,0
DA:27,0
DA:28,0
DA:29,0
DA:30,0
DA:31,0
DA:35,0
DA:38,0
DA:39,0
DA:40,0
DA:54,0
LF:26
LH:0
BRDA:15,0,0,0
BRDA:18,1,0,0
BRDA:27,2,0,0
BRDA:39,3,0,0
BRDA:43,4,0,0
BRDA:43,4,1,0
BRDA:11,5,0,0
BRDA:11,5,1,0
BRDA:11,6,0,0
BRDA:11,6,1,0
BRF:10
BRH:0
end_of_record
TN:
SF:src\common\pipes\zod-validation.pipe.ts
FN:5,(anonymous_0)
FN:6,(anonymous_1)
FNF:2
FNH:0
FNDA:0,(anonymous_0)
FNDA:0,(anonymous_1)
DA:1,0
DA:4,0
DA:5,0
DA:7,0
DA:8,0
DA:9,0
DA:15,0
LF:7
LH:0
BRDA:8,0,0,0
BRF:1
BRH:0
end_of_record
TN:
SF:src\common\rate-limit\redis-throttler.storage.ts
FN:17,(anonymous_3)
FN:21,(anonymous_4)
FN:84,(anonymous_5)
FN:85,(anonymous_6)
FNF:4
FNH:0
FNDA:0,(anonymous_3)
FNDA:0,(anonymous_4)
FNDA:0,(anonymous_5)
FNDA:0,(anonymous_6)
DA:1,0
DA:3,0
DA:4,0
DA:14,0
DA:18,0
DA:28,0
DA:29,0
DA:31,0
DA:32,0
DA:33,0
DA:35,0
DA:36,0
DA:38,0
DA:46,0
DA:48,0
DA:49,0
DA:52,0
DA:54,0
DA:55,0
DA:56,0
DA:58,0
DA:66,0
DA:75,0
DA:85,0
LF:24
LH:0
BRDA:17,0,0,0
BRDA:35,1,0,0
BRDA:36,2,0,0
BRDA:36,2,1,0
BRDA:40,3,0,0
BRDA:40,3,1,0
BRDA:48,4,0,0
BRDA:48,5,0,0
BRDA:48,5,1,0
BRDA:54,6,0,0
BRDA:60,7,0,0
BRDA:60,7,1,0
BRDA:62,8,0,0
BRDA:62,8,1,0
BRDA:68,9,0,0
BRDA:68,9,1,0
BRDA:17,10,0,0
BRDA:17,10,1,0
BRDA:17,11,0,0
BRDA:17,11,1,0
BRF:20
BRH:0
end_of_record
TN:
SF:src\common\utils\idempotency.util.ts
FN:3,sortKeys
FN:6,(anonymous_2)
FN:14,hashRequestBody
FNF:3
FNH:3
FNDA:122,sortKeys
FNDA:106,(anonymous_2)
FNDA:9,hashRequestBody
DA:1,2
DA:4,122
DA:5,113
DA:6,22
DA:7,106
DA:8,106
DA:11,91
DA:14,2
DA:15,9
DA:16,9
LF:10
LH:10
BRDA:4,0,0,9
BRDA:5,1,0,22
BRDA:5,2,0,113
BRDA:5,2,1,95
BRF:4
BRH:4
end_of_record
TN:
SF:src\common\utils\roles.util.ts
FN:1,hasAnyRole
FN:3,(anonymous_1)
FNF:2
FNH:2
FNDA:51,hasAnyRole
FNDA:79,(anonymous_1)
DA:1,10
DA:2,51
DA:3,79
LF:3
LH:3
BRDA:2,0,0,51
BRDA:2,0,1,0
BRF:2
BRH:1
end_of_record
TN:
SF:src\config\env.validation.ts
FN:9,(anonymous_0)
FN:70,validateEnv
FN:82,(anonymous_2)
FNF:3
FNH:0
FNDA:0,(anonymous_0)
FNDA:0,validateEnv
FNDA:0,(anonymous_2)
DA:1,0
DA:3,0
DA:5,0
DA:9,0
DA:11,0
DA:50,0
DA:70,0
DA:74,0
DA:78,0
DA:80,0
DA:81,0
DA:82,0
DA:84,0
DA:87,0
DA:91,0
DA:96,0
DA:99,0
LF:17
LH:0
BRDA:9,0,0,0
BRDA:9,0,1,0
BRDA:9,1,0,0
BRDA:9,1,1,0
BRDA:74,2,0,0
BRDA:74,2,1,0
BRDA:74,3,0,0
BRDA:74,3,1,0
BRDA:80,4,0,0
BRDA:87,5,0,0
BRDA:88,6,0,0
BRDA:88,6,1,0
BRF:12
BRH:0
end_of_record
TN:
SF:src\dashboard\dashboard.controller.ts
FN:8,(anonymous_4)
FN:11,(anonymous_5)
FNF:2
FNH:0
FNDA:0,(anonymous_4)
FNDA:0,(anonymous_5)
DA:1,0
DA:2,0
DA:3,0
DA:7,0
DA:8,0
DA:11,0
DA:12,0
DA:13,0
DA:14,0
DA:16,0
DA:17,0
DA:20,0
LF:12
LH:0
BRDA:12,0,0,0
BRDA:12,0,1,0
BRDA:13,1,0,0
BRDA:13,1,1,0
BRDA:14,2,0,0
BRDA:14,2,1,0
BRDA:16,3,0,0
BRDA:8,4,0,0
BRDA:8,4,1,0
BRDA:8,5,0,0
BRDA:8,5,1,0
BRF:11
BRH:0
end_of_record
TN:
SF:src\dashboard\dashboard.module.ts
FNF:0
FNH:0
DA:1,0
DA:2,0
DA:3,0
DA:4,0
DA:11,0
LF:5
LH:0
BRF:0
BRH:0
end_of_record
TN:
SF:src\dashboard\dashboard.service.ts
FN:30,(anonymous_2)
FN:32,(anonymous_3)
FN:81,(anonymous_4)
FN:201,(anonymous_5)
FN:202,(anonymous_6)
FN:205,(anonymous_7)
FN:209,(anonymous_8)
FN:212,(anonymous_9)
FN:243,(anonymous_10)
FN:264,(anonymous_11)
FN:265,(anonymous_12)
FN:268,(anonymous_13)
FN:293,(anonymous_14)
FN:297,(anonymous_15)
FN:306,(anonymous_16)
FN:316,(anonymous_17)
FN:319,(anonymous_18)
FN:337,(anonymous_19)
FN:347,(anonymous_20)
FN:352,(anonymous_21)
FN:357,(anonymous_22)
FN:362,(anonymous_23)
FN:369,(anonymous_24)
FN:454,(anonymous_25)
FN:455,(anonymous_26)
FN:462,(anonymous_27)
FN:489,buildBriefingSummary
FNF:27
FNH:25
FNDA:6,(anonymous_2)
FNDA:6,(anonymous_3)
FNDA:3,(anonymous_4)
FNDA:3,(anonymous_5)
FNDA:3,(anonymous_6)
FNDA:3,(anonymous_7)
FNDA:3,(anonymous_8)
FNDA:1,(anonymous_9)
FNDA:4,(anonymous_10)
FNDA:1,(anonymous_11)
FNDA:1,(anonymous_12)
FNDA:3,(anonymous_13)
FNDA:2,(anonymous_14)
FNDA:0,(anonymous_15)
FNDA:4,(anonymous_16)
FNDA:1,(anonymous_17)
FNDA:4,(anonymous_18)
FNDA:1,(anonymous_19)
FNDA:5,(anonymous_20)
FNDA:4,(anonymous_21)
FNDA:3,(anonymous_22)
FNDA:2,(anonymous_23)
FNDA:0,(anonymous_24)
FNDA:4,(anonymous_25)
FNDA:3,(anonymous_26)
FNDA:6,(anonymous_27)
FNDA:4,buildBriefingSummary
DA:1,1
DA:2,1
DA:3,1
DA:4,1
DA:22,1
DA:23,1
DA:24,1
DA:27,1
DA:28,6
DA:30,6
DA:37,6
DA:39,4
DA:40,4
DA:41,4
DA:42,4
DA:44,4
DA:45,1
DA:48,3
DA:49,3
DA:50,3
DA:51,3
DA:52,3
DA:54,3
DA:55,2
DA:56,2
DA:57,1
DA:59,1
DA:60,1
DA:61,1
DA:65,3
DA:73,3
DA:78,3
DA:82,3
DA:87,3
DA:88,3
DA:89,3
DA:90,3
DA:91,3
DA:92,3
DA:93,3
DA:94,3
DA:102,3
DA:200,3
DA:201,3
DA:202,3
DA:203,3
DA:205,3
DA:206,3
DA:209,3
DA:210,3
DA:212,1
DA:214,3
DA:217,3
DA:218,3
DA:219,3
DA:221,3
DA:253,4
DA:260,4
DA:261,2
DA:264,1
DA:265,1
DA:268,3
DA:269,2
DA:273,2
DA:277,2
DA:278,2
DA:279,2
DA:286,2
DA:287,2
DA:288,2
DA:292,4
DA:294,2
DA:298,0
DA:299,0
DA:301,0
DA:307,4
DA:309,4
DA:310,6
DA:311,6
DA:312,5
DA:315,4
DA:316,1
DA:323,4
DA:325,4
DA:326,3
DA:330,3
DA:334,3
DA:337,4
DA:338,4
DA:339,3
DA:342,1
DA:343,1
DA:344,1
DA:348,5
DA:353,4
DA:354,4
DA:358,3
DA:359,3
DA:363,2
DA:364,2
DA:365,0
DA:368,2
DA:369,2
DA:371,2
DA:372,2
DA:434,2
DA:435,0
DA:438,2
DA:439,2
DA:443,2
DA:449,1
DA:452,1
DA:454,4
DA:455,3
DA:458,2
DA:467,6
DA:468,1
DA:471,5
DA:472,0
DA:475,5
DA:483,5
DA:484,1
DA:489,1
DA:490,4
DA:491,4
DA:493,4
DA:494,1
DA:497,4
DA:498,1
DA:499,1
DA:502,4
DA:503,1
DA:506,4
DA:507,0
DA:510,4
DA:511,2
DA:514,4
DA:515,2
DA:518,4
DA:519,0
DA:522,4
DA:528,3
DA:535,1
LF:143
LH:135
BRDA:40,0,0,2
BRDA:40,0,1,2
BRDA:44,1,0,1
BRDA:44,2,0,4
BRDA:44,2,1,1
BRDA:54,3,0,2
BRDA:87,4,0,3
BRDA:87,4,1,0
BRDA:206,5,0,3
BRDA:206,5,1,2
BRDA:211,6,0,1
BRDA:211,6,1,2
BRDA:262,7,0,2
BRDA:262,7,1,0
BRDA:279,8,0,2
BRDA:279,8,1,2
BRDA:294,9,0,2
BRDA:294,9,1,1
BRDA:298,10,0,0
BRDA:311,11,0,1
BRDA:312,12,0,5
BRDA:312,12,1,3
BRDA:315,13,0,4
BRDA:315,13,1,2
BRDA:330,14,0,2
BRDA:330,14,1,1
BRDA:331,15,0,0
BRDA:331,15,1,1
BRDA:332,16,0,1
BRDA:332,16,1,0
BRDA:334,17,0,3
BRDA:334,17,1,2
BRDA:338,18,0,3
BRDA:348,19,0,5
BRDA:348,19,1,3
BRDA:353,20,0,4
BRDA:353,20,1,0
BRDA:354,21,0,3
BRDA:354,21,1,1
BRDA:354,22,0,4
BRDA:354,22,1,4
BRDA:358,23,0,3
BRDA:358,23,1,0
BRDA:359,24,0,2
BRDA:359,24,1,1
BRDA:359,25,0,3
BRDA:359,25,1,3
BRDA:364,26,0,0
BRDA:380,27,0,2
BRDA:380,27,1,0
BRDA:434,28,0,0
BRDA:439,29,0,2
BRDA:439,29,1,0
BRDA:443,30,0,1
BRDA:444,31,0,2
BRDA:444,31,1,2
BRDA:444,31,2,1
BRDA:444,31,3,1
BRDA:467,32,0,1
BRDA:471,33,0,0
BRDA:483,34,0,1
BRDA:30,35,0,1
BRDA:30,35,1,0
BRDA:30,36,0,1
BRDA:30,36,1,1
BRDA:493,37,0,1
BRDA:497,38,0,1
BRDA:502,39,0,1
BRDA:506,40,0,0
BRDA:506,41,0,4
BRDA:506,41,1,1
BRDA:507,42,0,0
BRDA:507,42,1,0
BRDA:510,43,0,2
BRDA:514,44,0,2
BRDA:518,45,0,0
BRDA:518,46,0,4
BRDA:518,46,1,2
BRDA:519,47,0,0
BRDA:519,47,1,0
BRDA:522,48,0,3
BRDA:523,49,0,4
BRDA:523,49,1,3
BRDA:523,49,2,3
BRDA:523,49,3,3
BRF:85
BRH:66
end_of_record
TN:
SF:src\health\health.controller.ts
FN:9,(anonymous_2)
FN:15,(anonymous_3)
FN:26,(anonymous_4)
FNF:3
FNH:0
FNDA:0,(anonymous_2)
FNDA:0,(anonymous_3)
FNDA:0,(anonymous_4)
DA:1,0
DA:2,0
DA:3,0
DA:4,0
DA:8,0
DA:10,0
DA:11,0
DA:15,0
DA:16,0
DA:17,0
DA:18,0
DA:19,0
DA:21,0
DA:26,0
DA:27,0
DA:29,0
DA:30,0
DA:33,0
LF:18
LH:0
BRDA:29,0,0,0
BRDA:10,1,0,0
BRDA:10,1,1,0
BRDA:10,2,0,0
BRDA:10,2,1,0
BRDA:10,3,0,0
BRDA:10,3,1,0
BRDA:10,4,0,0
BRDA:10,4,1,0
BRF:9
BRH:0
end_of_record
TN:
SF:src\health\health.module.ts
FNF:0
FNH:0
DA:1,0
DA:2,0
DA:3,0
DA:9,0
LF:4
LH:0
BRF:0
BRH:0
end_of_record
TN:
SF:src\jobs\jobs.controller.ts
FN:40,(anonymous_4)
FN:45,(anonymous_5)
FN:61,(anonymous_6)
FN:83,(anonymous_7)
FN:101,(anonymous_8)
FN:114,(anonymous_9)
FN:128,(anonymous_10)
FN:141,(anonymous_11)
FN:167,(anonymous_12)
FN:187,(anonymous_13)
FN:201,(anonymous_14)
FN:215,(anonymous_15)
FN:229,(anonymous_16)
FN:249,(anonymous_17)
FN:269,(anonymous_18)
FN:289,(anonymous_19)
FNF:16
FNH:0
FNDA:0,(anonymous_4)
FNDA:0,(anonymous_5)
FNDA:0,(anonymous_6)
FNDA:0,(anonymous_7)
FNDA:0,(anonymous_8)
FNDA:0,(anonymous_9)
FNDA:0,(anonymous_10)
FNDA:0,(anonymous_11)
FNDA:0,(anonymous_12)
FNDA:0,(anonymous_13)
FNDA:0,(anonymous_14)
FNDA:0,(anonymous_15)
FNDA:0,(anonymous_16)
FNDA:0,(anonymous_17)
FNDA:0,(anonymous_18)
FNDA:0,(anonymous_19)
DA:1,0
DA:17,0
DA:19,0
DA:20,0
DA:21,0
DA:22,0
DA:23,0
DA:24,0
DA:25,0
DA:26,0
DA:27,0
DA:39,0
DA:40,0
DA:45,0
DA:51,0
DA:61,0
DA:72,0
DA:73,0
DA:74,0
DA:83,0
DA:88,0
DA:89,0
DA:91,0
DA:92,0
DA:97,0
DA:101,0
DA:102,0
DA:103,0
DA:105,0
DA:114,0
DA:115,0
DA:116,0
DA:118,0
DA:128,0
DA:129,0
DA:130,0
DA:132,0
DA:141,0
DA:146,0
DA:147,0
DA:149,0
DA:151,0
DA:152,0
DA:157,0
DA:167,0
DA:173,0
DA:174,0
DA:176,0
DA:187,0
DA:188,0
DA:189,0
DA:191,0
DA:201,0
DA:202,0
DA:203,0
DA:205,0
DA:215,0
DA:216,0
DA:217,0
DA:219,0
DA:229,0
DA:235,0
DA:236,0
DA:238,0
DA:249,0
DA:255,0
DA:256,0
DA:258,0
DA:269,0
DA:275,0
DA:276,0
DA:278,0
DA:289,0
DA:297,0
DA:298,0
DA:300,0
DA:301,0
DA:306,0
LF:78
LH:0
BRDA:53,0,0,0
BRDA:53,0,1,0
BRDA:72,1,0,0
BRDA:72,1,1,0
BRDA:73,2,0,0
BRDA:88,3,0,0
BRDA:88,3,1,0
BRDA:88,3,2,0
BRDA:89,4,0,0
BRDA:89,4,1,0
BRDA:91,5,0,0
BRDA:103,6,0,0
BRDA:116,7,0,0
BRDA:130,8,0,0
BRDA:146,9,0,0
BRDA:146,9,1,0
BRDA:147,10,0,0
BRDA:147,10,1,0
BRDA:149,11,0,0
BRDA:149,11,1,0
BRDA:149,11,2,0
BRDA:151,12,0,0
BRDA:174,13,0,0
BRDA:189,14,0,0
BRDA:203,15,0,0
BRDA:217,16,0,0
BRDA:236,17,0,0
BRDA:256,18,0,0
BRDA:276,19,0,0
BRDA:297,20,0,0
BRDA:297,20,1,0
BRDA:297,20,2,0
BRDA:298,21,0,0
BRDA:298,21,1,0
BRDA:300,22,0,0
BRDA:46,23,0,0
BRDA:46,23,1,0
BRDA:46,24,0,0
BRDA:46,24,1,0
BRDA:46,25,0,0
BRDA:46,25,1,0
BRDA:46,26,0,0
BRDA:46,26,1,0
BRDA:62,27,0,0
BRDA:62,27,1,0
BRDA:62,28,0,0
BRDA:62,28,1,0
BRDA:62,29,0,0
BRDA:62,29,1,0
BRDA:62,30,0,0
BRDA:62,30,1,0
BRDA:101,31,0,0
BRDA:101,31,1,0
BRDA:101,32,0,0
BRDA:101,32,1,0
BRDA:114,33,0,0
BRDA:114,33,1,0
BRDA:114,34,0,0
BRDA:114,34,1,0
BRDA:128,35,0,0
BRDA:128,35,1,0
BRDA:128,36,0,0
BRDA:128,36,1,0
BRDA:168,37,0,0
BRDA:168,37,1,0
BRDA:168,38,0,0
BRDA:168,38,1,0
BRDA:168,39,0,0
BRDA:168,39,1,0
BRDA:168,40,0,0
BRDA:168,40,1,0
BRDA:187,41,0,0
BRDA:187,41,1,0
BRDA:187,42,0,0
BRDA:187,42,1,0
BRDA:201,43,0,0
BRDA:201,43,1,0
BRDA:201,44,0,0
BRDA:201,44,1,0
BRDA:215,45,0,0
BRDA:215,45,1,0
BRDA:215,46,0,0
BRDA:215,46,1,0
BRDA:230,47,0,0
BRDA:230,47,1,0
BRDA:230,48,0,0
BRDA:230,48,1,0
BRDA:230,49,0,0
BRDA:230,49,1,0
BRDA:230,50,0,0
BRDA:230,50,1,0
BRDA:250,51,0,0
BRDA:250,51,1,0
BRDA:250,52,0,0
BRDA:250,52,1,0
BRDA:250,53,0,0
BRDA:250,53,1,0
BRDA:250,54,0,0
BRDA:250,54,1,0
BRDA:270,55,0,0
BRDA:270,55,1,0
BRDA:270,56,0,0
BRDA:270,56,1,0
BRDA:270,57,0,0
BRDA:270,57,1,0
BRDA:270,58,0,0
BRDA:270,58,1,0
BRDA:294,59,0,0
BRDA:294,59,1,0
BRDA:294,60,0,0
BRDA:294,60,1,0
BRDA:40,61,0,0
BRDA:40,61,1,0
BRDA:40,62,0,0
BRDA:40,62,1,0
BRF:115
BRH:0
end_of_record
TN:
SF:src\jobs\jobs.module.ts
FNF:0
FNH:0
DA:1,0
DA:2,0
DA:3,0
DA:4,0
DA:5,0
DA:6,0
DA:7,0
DA:8,0
DA:22,0
LF:9
LH:0
BRF:0
BRH:0
end_of_record
TN:
SF:src\jobs\jobs.service.ts
FN:97,(anonymous_2)
FN:106,(anonymous_3)
FN:150,(anonymous_4)
FN:250,(anonymous_5)
FN:256,(anonymous_6)
FN:280,(anonymous_7)
FN:300,(anonymous_8)
FN:323,(anonymous_9)
FN:343,(anonymous_10)
FN:363,(anonymous_11)
FN:377,(anonymous_12)
FN:437,(anonymous_13)
FN:445,(anonymous_14)
FN:553,(anonymous_15)
FN:577,(anonymous_16)
FN:620,(anonymous_17)
FN:638,(anonymous_18)
FN:682,(anonymous_19)
FN:700,(anonymous_20)
FN:725,(anonymous_21)
FN:749,(anonymous_22)
FN:775,(anonymous_23)
FN:795,(anonymous_24)
FN:818,(anonymous_25)
FN:877,(anonymous_26)
FN:916,(anonymous_27)
FN:923,(anonymous_28)
FN:932,(anonymous_29)
FN:936,(anonymous_30)
FN:994,(anonymous_31)
FN:1059,(anonymous_32)
FN:1118,(anonymous_33)
FN:1196,(anonymous_34)
FN:1309,(anonymous_35)
FN:1315,(anonymous_36)
FN:1320,(anonymous_37)
FN:1366,(anonymous_38)
FN:1374,(anonymous_39)
FN:1441,(anonymous_40)
FN:1442,(anonymous_41)
FN:1476,(anonymous_42)
FN:1483,(anonymous_43)
FN:1490,(anonymous_44)
FN:1505,(anonymous_45)
FN:1530,(anonymous_46)
FN:1559,(anonymous_47)
FN:1582,(anonymous_48)
FN:1599,(anonymous_49)
FN:1611,(anonymous_50)
FN:1618,(anonymous_51)
FN:1623,(anonymous_52)
FN:1626,(anonymous_53)
FN:1661,(anonymous_54)
FN:1687,(anonymous_55)
FN:1691,(anonymous_56)
FN:1697,(anonymous_57)
FN:1702,(anonymous_58)
FN:1705,(anonymous_59)
FN:1727,(anonymous_60)
FN:1732,(anonymous_61)
FN:1747,(anonymous_62)
FN:1764,(anonymous_63)
FN:1777,(anonymous_64)
FN:1782,(anonymous_65)
FN:1804,(anonymous_66)
FN:1824,(anonymous_67)
FN:1837,(anonymous_68)
FN:1861,(anonymous_69)
FN:1915,(anonymous_70)
FNF:69
FNH:68
FNDA:35,(anonymous_2)
FNDA:4,(anonymous_3)
FNDA:1,(anonymous_4)
FNDA:1,(anonymous_5)
FNDA:1,(anonymous_6)
FNDA:1,(anonymous_7)
FNDA:1,(anonymous_8)
FNDA:1,(anonymous_9)
FNDA:1,(anonymous_10)
FNDA:2,(anonymous_11)
FNDA:1,(anonymous_12)
FNDA:1,(anonymous_13)
FNDA:1,(anonymous_14)
FNDA:2,(anonymous_15)
FNDA:1,(anonymous_16)
FNDA:2,(anonymous_17)
FNDA:1,(anonymous_18)
FNDA:1,(anonymous_19)
FNDA:1,(anonymous_20)
FNDA:2,(anonymous_21)
FNDA:1,(anonymous_22)
FNDA:1,(anonymous_23)
FNDA:1,(anonymous_24)
FNDA:2,(anonymous_25)
FNDA:5,(anonymous_26)
FNDA:1,(anonymous_27)
FNDA:1,(anonymous_28)
FNDA:1,(anonymous_29)
FNDA:3,(anonymous_30)
FNDA:3,(anonymous_31)
FNDA:1,(anonymous_32)
FNDA:3,(anonymous_33)
FNDA:1,(anonymous_34)
FNDA:6,(anonymous_35)
FNDA:1,(anonymous_36)
FNDA:1,(anonymous_37)
FNDA:9,(anonymous_38)
FNDA:0,(anonymous_39)
FNDA:10,(anonymous_40)
FNDA:12,(anonymous_41)
FNDA:10,(anonymous_42)
FNDA:2,(anonymous_43)
FNDA:1,(anonymous_44)
FNDA:11,(anonymous_45)
FNDA:17,(anonymous_46)
FNDA:3,(anonymous_47)
FNDA:2,(anonymous_48)
FNDA:4,(anonymous_49)
FNDA:4,(anonymous_50)
FNDA:2,(anonymous_51)
FNDA:1,(anonymous_52)
FNDA:2,(anonymous_53)
FNDA:4,(anonymous_54)
FNDA:11,(anonymous_55)
FNDA:13,(anonymous_56)
FNDA:38,(anonymous_57)
FNDA:8,(anonymous_58)
FNDA:8,(anonymous_59)
FNDA:5,(anonymous_60)
FNDA:5,(anonymous_61)
FNDA:6,(anonymous_62)
FNDA:4,(anonymous_63)
FNDA:5,(anonymous_64)
FNDA:4,(anonymous_65)
FNDA:2,(anonymous_66)
FNDA:1,(anonymous_67)
FNDA:5,(anonymous_68)
FNDA:5,(anonymous_69)
FNDA:4,(anonymous_70)
DA:1,1
DA:8,1
DA:9,1
DA:10,1
DA:11,1
DA:12,1
DA:13,1
DA:17,1
DA:22,1
DA:23,1
DA:24,1
DA:96,1
DA:98,35
DA:99,35
DA:100,35
DA:101,35
DA:102,35
DA:103,35
DA:112,4
DA:114,4
DA:115,4
DA:116,4
DA:119,4
DA:120,1
DA:124,1
DA:125,1
DA:126,1
DA:129,3
DA:131,3
DA:132,3
DA:133,1
DA:138,2
DA:139,0
DA:143,2
DA:144,0
DA:150,3
DA:151,1
DA:157,1
DA:161,1
DA:164,3
DA:165,1
DA:166,1
DA:167,2
DA:168,0
DA:169,2
DA:170,1
DA:171,0
DA:173,1
DA:176,1
DA:179,1
DA:241,1
DA:245,1
DA:246,1
DA:247,1
DA:249,1
DA:251,1
DA:253,1
DA:256,1
DA:286,1
DA:291,1
DA:296,1
DA:297,1
DA:306,1
DA:311,1
DA:316,1
DA:317,1
DA:329,1
DA:334,1
DA:339,1
DA:340,1
DA:349,1
DA:354,1
DA:359,1
DA:360,1
DA:370,2
DA:375,2
DA:377,1
DA:378,1
DA:383,1
DA:384,1
DA:385,1
DA:391,1
DA:393,1
DA:396,1
DA:399,1
DA:400,1
DA:401,1
DA:404,1
DA:405,1
DA:406,1
DA:409,1
DA:410,1
DA:412,1
DA:413,1
DA:418,1
DA:419,1
DA:426,1
DA:427,1
DA:428,1
DA:429,1
DA:430,1
DA:431,1
DA:432,1
DA:433,1
DA:437,1
DA:443,1
DA:444,1
DA:445,1
DA:457,1
DA:458,1
DA:462,0
DA:467,1
DA:468,1
DA:471,1
DA:472,1
DA:478,1
DA:479,1
DA:482,1
DA:483,1
DA:495,1
DA:496,1
DA:497,1
DA:499,1
DA:500,0
DA:515,1
DA:519,1
DA:539,1
DA:542,1
DA:543,1
DA:550,1
DA:559,2
DA:564,2
DA:569,2
DA:571,2
DA:572,1
DA:577,1
DA:578,1
DA:583,1
DA:594,1
DA:608,1
DA:611,1
DA:617,1
DA:626,2
DA:631,2
DA:633,1
DA:638,1
DA:639,1
DA:644,1
DA:655,1
DA:670,1
DA:673,1
DA:679,1
DA:688,1
DA:693,1
DA:695,1
DA:700,1
DA:701,1
DA:706,1
DA:717,1
DA:720,1
DA:722,1
DA:732,2
DA:737,2
DA:742,2
DA:744,2
DA:745,2
DA:746,1
DA:749,1
DA:750,1
DA:758,1
DA:769,1
DA:772,1
DA:782,1
DA:787,1
DA:792,1
DA:794,1
DA:795,1
DA:796,1
DA:801,1
DA:812,1
DA:815,1
DA:825,2
DA:830,2
DA:832,2
DA:837,2
DA:838,1
DA:843,1
DA:854,1
DA:868,1
DA:884,5
DA:885,5
DA:886,5
DA:887,1
DA:888,4
DA:889,1
DA:892,3
DA:893,3
DA:895,3
DA:896,1
DA:904,2
DA:905,1
DA:908,1
DA:920,1
DA:929,1
DA:933,1
DA:942,3
DA:947,3
DA:949,3
DA:950,3
DA:952,3
DA:955,3
DA:961,3
DA:967,3
DA:968,3
DA:969,3
DA:970,3
DA:971,3
DA:974,3
DA:975,3
DA:978,3
DA:991,3
DA:993,3
DA:995,3
DA:996,3
DA:999,3
DA:1000,1
DA:1009,2
DA:1010,1
DA:1014,1
DA:1015,1
DA:1024,1
DA:1032,1
DA:1037,1
DA:1058,1
DA:1059,1
DA:1070,1
DA:1072,1
DA:1087,1
DA:1101,1
DA:1102,1
DA:1108,1
DA:1113,2
DA:1115,2
DA:1124,3
DA:1125,0
DA:1128,3
DA:1129,3
DA:1131,3
DA:1135,3
DA:1137,3
DA:1144,3
DA:1161,3
DA:1163,3
DA:1165,3
DA:1167,3
DA:1170,3
DA:1171,1
DA:1176,2
DA:1177,2
DA:1184,2
DA:1186,1
DA:1193,1
DA:1195,1
DA:1197,1
DA:1198,1
DA:1201,1
DA:1202,1
DA:1211,0
DA:1212,0
DA:1216,0
DA:1217,0
DA:1226,1
DA:1234,1
DA:1239,1
DA:1264,1
DA:1276,1
DA:1278,1
DA:1292,1
DA:1293,1
DA:1299,1
DA:1304,1
DA:1306,1
DA:1313,6
DA:1315,1
DA:1325,1
DA:1327,1
DA:1349,1
DA:1351,1
DA:1352,1
DA:1358,1
DA:1367,9
DA:1369,2
DA:1370,2
DA:1372,1
DA:1379,0
DA:1438,0
DA:1439,0
DA:1442,12
DA:1447,10
DA:1476,10
DA:1483,2
DA:1490,1
DA:1527,11
DA:1528,11
DA:1530,11
DA:1541,17
DA:1542,13
DA:1543,13
DA:1551,11
DA:1552,11
DA:1553,6
DA:1556,11
DA:1566,3
DA:1567,3
DA:1568,3
DA:1571,3
DA:1573,3
DA:1574,3
DA:1575,3
DA:1579,3
DA:1588,2
DA:1589,1
DA:1592,1
DA:1593,1
DA:1596,0
DA:1604,4
DA:1606,4
DA:1607,1
DA:1610,3
DA:1611,4
DA:1619,2
DA:1620,1
DA:1623,1
DA:1633,2
DA:1634,1
DA:1637,1
DA:1656,1
DA:1657,1
DA:1666,4
DA:1667,2
DA:1672,2
DA:1675,2
DA:1676,1
DA:1681,1
DA:1684,1
DA:1688,11
DA:1692,13
DA:1693,10
DA:1694,7
DA:1698,38
DA:1699,38
DA:1705,8
DA:1706,8
DA:1707,8
DA:1708,1
DA:1710,7
DA:1711,1
DA:1713,6
DA:1714,1
DA:1719,5
DA:1731,5
DA:1732,5
DA:1735,5
DA:1736,5
DA:1737,5
DA:1739,5
DA:1752,6
DA:1753,4
DA:1754,4
DA:1755,3
DA:1756,1
DA:1758,2
DA:1761,2
DA:1769,4
DA:1781,5
DA:1782,4
DA:1788,1
DA:1789,1
DA:1794,0
DA:1805,2
DA:1817,2
DA:1818,1
DA:1821,1
DA:1829,1
DA:1834,1
DA:1842,5
DA:1843,5
DA:1845,4
DA:1854,4
DA:1855,1
DA:1858,3
DA:1866,5
DA:1867,2
DA:1875,2
DA:1876,1
DA:1879,3
DA:1880,1
DA:1883,2
DA:1888,2
DA:1889,2
DA:1890,2
DA:1891,2
DA:1893,2
DA:1894,2
DA:1898,2
DA:1901,1
DA:1912,1
DA:1920,4
DA:1921,4
DA:1923,3
DA:1931,3
DA:1932,1
DA:1935,2
LF:413
LH:397
BRDA:119,0,0,1
BRDA:119,1,0,4
BRDA:119,1,1,3
BRDA:121,2,0,1
BRDA:121,2,1,0
BRDA:125,3,0,1
BRDA:131,4,0,1
BRDA:132,5,0,1
BRDA:132,5,1,2
BRDA:132,6,0,3
BRDA:132,6,1,1
BRDA:138,7,0,0
BRDA:143,8,0,0
BRDA:151,9,0,1
BRDA:151,9,1,0
BRDA:153,10,0,0
BRDA:153,10,1,0
BRDA:164,11,0,1
BRDA:164,11,1,2
BRDA:165,12,0,1
BRDA:166,13,0,1
BRDA:167,14,0,0
BRDA:167,14,1,2
BRDA:169,15,0,1
BRDA:169,15,1,1
BRDA:170,16,0,0
BRDA:170,16,1,1
BRDA:189,17,0,1
BRDA:189,17,1,0
BRDA:189,18,0,0
BRDA:189,18,1,0
BRDA:189,19,0,0
BRDA:189,19,1,0
BRDA:192,20,0,0
BRDA:192,20,1,1
BRDA:193,21,0,0
BRDA:193,21,1,1
BRDA:242,22,0,1
BRDA:242,22,1,0
BRDA:242,23,0,0
BRDA:242,23,1,0
BRDA:242,24,0,0
BRDA:242,24,1,0
BRDA:246,25,0,1
BRDA:246,25,1,0
BRDA:247,26,0,1
BRDA:247,26,1,0
BRDA:260,27,0,1
BRDA:260,27,1,1
BRDA:266,28,0,1
BRDA:266,28,1,1
BRDA:266,28,2,1
BRDA:266,28,3,0
BRDA:271,29,0,1
BRDA:271,29,1,1
BRDA:271,29,2,0
BRDA:273,30,0,1
BRDA:273,30,1,1
BRDA:273,30,2,0
BRDA:277,31,0,1
BRDA:277,31,1,0
BRDA:375,32,0,1
BRDA:393,33,0,1
BRDA:393,33,1,1
BRDA:396,34,0,1
BRDA:396,34,1,1
BRDA:399,35,0,1
BRDA:404,36,0,1
BRDA:409,37,0,1
BRDA:410,38,0,1
BRDA:410,38,1,0
BRDA:412,39,0,1
BRDA:413,40,0,1
BRDA:413,40,1,0
BRDA:418,41,0,1
BRDA:426,42,0,1
BRDA:434,43,0,0
BRDA:434,43,1,1
BRDA:434,44,0,1
BRDA:434,44,1,0
BRDA:435,45,0,0
BRDA:435,45,1,0
BRDA:457,46,0,1
BRDA:458,47,0,0
BRDA:459,48,0,1
BRDA:459,48,1,0
BRDA:471,49,0,1
BRDA:478,50,0,1
BRDA:479,51,0,1
BRDA:479,51,1,0
BRDA:482,52,0,1
BRDA:495,53,0,1
BRDA:496,54,0,1
BRDA:496,54,1,0
BRDA:499,55,0,0
BRDA:515,56,0,1
BRDA:516,57,0,1
BRDA:516,57,1,0
BRDA:527,58,0,0
BRDA:527,58,1,1
BRDA:542,59,0,1
BRDA:571,60,0,1
BRDA:601,61,0,1
BRDA:601,61,1,0
BRDA:631,62,0,1
BRDA:693,63,0,0
BRDA:745,64,0,1
BRDA:830,65,0,0
BRDA:837,66,0,1
BRDA:885,67,0,5
BRDA:885,67,1,2
BRDA:886,68,0,1
BRDA:888,69,0,1
BRDA:888,70,0,4
BRDA:888,70,1,3
BRDA:888,70,2,3
BRDA:895,71,0,1
BRDA:904,72,0,1
BRDA:947,73,0,0
BRDA:950,74,0,0
BRDA:952,75,0,1
BRDA:952,75,1,2
BRDA:958,76,0,3
BRDA:958,76,1,2
BRDA:961,77,0,3
BRDA:961,77,1,0
BRDA:967,78,0,3
BRDA:967,78,1,2
BRDA:972,79,0,3
BRDA:972,79,1,2
BRDA:976,80,0,3
BRDA:976,80,1,3
BRDA:980,81,0,3
BRDA:980,81,1,3
BRDA:981,82,0,3
BRDA:981,82,1,0
BRDA:995,83,0,3
BRDA:999,84,0,1
BRDA:999,84,1,2
BRDA:1009,85,0,1
BRDA:1014,86,0,1
BRDA:1054,87,0,1
BRDA:1054,87,1,0
BRDA:1061,88,0,1
BRDA:1061,88,1,1
BRDA:1094,89,0,1
BRDA:1094,89,1,0
BRDA:1094,89,2,0
BRDA:1094,90,0,1
BRDA:1094,90,1,0
BRDA:1096,91,0,1
BRDA:1096,91,1,0
BRDA:1097,92,0,1
BRDA:1097,92,1,0
BRDA:1097,92,2,0
BRDA:1101,93,0,1
BRDA:1124,94,0,0
BRDA:1129,95,0,0
BRDA:1137,96,0,3
BRDA:1137,96,1,0
BRDA:1148,97,0,3
BRDA:1148,97,1,0
BRDA:1161,98,0,0
BRDA:1163,99,0,3
BRDA:1163,99,1,0
BRDA:1165,100,0,3
BRDA:1165,100,1,0
BRDA:1165,100,2,0
BRDA:1167,101,0,1
BRDA:1167,101,1,2
BRDA:1170,102,0,1
BRDA:1170,103,0,3
BRDA:1170,103,1,3
BRDA:1184,104,0,1
BRDA:1197,105,0,1
BRDA:1201,106,0,1
BRDA:1201,106,1,0
BRDA:1211,107,0,0
BRDA:1216,108,0,0
BRDA:1244,109,0,1
BRDA:1244,109,1,1
BRDA:1246,110,0,1
BRDA:1246,110,1,1
BRDA:1250,111,0,1
BRDA:1250,111,1,1
BRDA:1260,112,0,1
BRDA:1260,112,1,0
BRDA:1285,113,0,1
BRDA:1285,113,1,1
BRDA:1287,114,0,1
BRDA:1287,114,1,1
BRDA:1292,115,0,1
BRDA:1314,116,0,6
BRDA:1314,116,1,1
BRDA:1314,116,2,0
BRDA:1325,117,0,0
BRDA:1349,118,0,0
BRDA:1353,119,0,1
BRDA:1353,119,1,1
BRDA:1353,119,2,1
BRDA:1353,119,3,1
BRDA:1360,120,0,1
BRDA:1360,120,1,0
BRDA:1362,121,0,1
BRDA:1362,121,1,1
BRDA:1362,121,2,0
BRDA:1367,122,0,7
BRDA:1370,123,0,1
BRDA:1370,124,0,2
BRDA:1370,124,1,2
BRDA:1438,125,0,0
BRDA:1450,126,0,10
BRDA:1450,126,1,1
BRDA:1450,126,2,0
BRDA:1456,127,0,10
BRDA:1456,127,1,0
BRDA:1487,128,0,2
BRDA:1487,128,1,1
BRDA:1487,128,2,0
BRDA:1541,129,0,4
BRDA:1541,130,0,17
BRDA:1541,130,1,16
BRDA:1546,131,0,13
BRDA:1546,131,1,0
BRDA:1547,132,0,13
BRDA:1547,132,1,0
BRDA:1552,133,0,11
BRDA:1552,133,1,0
BRDA:1553,134,0,6
BRDA:1553,134,1,0
BRDA:1567,135,0,3
BRDA:1571,136,0,3
BRDA:1571,136,1,0
BRDA:1573,137,0,3
BRDA:1573,137,1,0
BRDA:1573,137,2,0
BRDA:1574,138,0,3
BRDA:1588,139,0,1
BRDA:1592,140,0,1
BRDA:1593,141,0,1
BRDA:1593,141,1,0
BRDA:1606,142,0,1
BRDA:1619,143,0,1
BRDA:1633,144,0,1
BRDA:1656,145,0,1
BRDA:1666,146,0,2
BRDA:1675,147,0,1
BRDA:1692,148,0,3
BRDA:1693,149,0,3
BRDA:1698,150,0,38
BRDA:1698,150,1,13
BRDA:1699,151,0,22
BRDA:1699,151,1,16
BRDA:1707,152,0,1
BRDA:1710,153,0,1
BRDA:1713,154,0,1
BRDA:1752,155,0,4
BRDA:1754,156,0,1
BRDA:1755,157,0,1
BRDA:1761,158,0,2
BRDA:1761,158,1,1
BRDA:1770,159,0,4
BRDA:1770,159,1,1
BRDA:1770,159,2,1
BRDA:1770,159,3,0
BRDA:1781,160,0,4
BRDA:1788,161,0,1
BRDA:1817,162,0,1
BRDA:1817,163,0,2
BRDA:1817,163,1,2
BRDA:1832,164,0,0
BRDA:1832,164,1,1
BRDA:1834,165,0,1
BRDA:1834,165,1,1
BRDA:1843,166,0,1
BRDA:1854,167,0,1
BRDA:1866,168,0,2
BRDA:1875,169,0,1
BRDA:1879,170,0,1
BRDA:1888,171,0,2
BRDA:1888,171,1,0
BRDA:1893,172,0,2
BRDA:1898,173,0,1
BRDA:1921,174,0,1
BRDA:1931,175,0,1
BRDA:98,176,0,1
BRDA:98,176,1,0
BRDA:98,177,0,1
BRDA:98,177,1,1
BRDA:98,178,0,1
BRDA:98,178,1,0
BRDA:98,179,0,1
BRDA:98,179,1,1
BRDA:99,180,0,1
BRDA:99,180,1,0
BRDA:99,181,0,1
BRDA:99,181,1,1
BRDA:100,182,0,1
BRDA:100,182,1,0
BRDA:100,183,0,1
BRDA:100,183,1,1
BRDA:101,184,0,1
BRDA:101,184,1,0
BRDA:101,185,0,1
BRDA:101,185,1,1
BRDA:102,186,0,1
BRDA:102,186,1,0
BRDA:102,187,0,1
BRDA:102,187,1,1
BRF:309
BRH:218
end_of_record
TN:
SF:src\jobs\dto\create-job-comment.dto.ts
FNF:0
FNH:0
DA:1,0
DA:3,0
DA:6,0
LF:3
LH:0
BRF:0
BRH:0
end_of_record
TN:
SF:src\jobs\dto\create-job.dto.ts
FN:49,(anonymous_2)
FN:54,(anonymous_3)
FN:69,(anonymous_4)
FN:113,(anonymous_5)
FN:119,(anonymous_6)
FNF:5
FNH:0
FNDA:0,(anonymous_2)
FNDA:0,(anonymous_3)
FNDA:0,(anonymous_4)
FNDA:0,(anonymous_5)
FNDA:0,(anonymous_6)
DA:1,0
DA:2,0
DA:18,0
DA:22,0
DA:26,0
DA:30,0
DA:34,0
DA:38,0
DA:42,0
DA:47,0
DA:49,0
DA:52,0
DA:54,0
DA:57,0
DA:60,0
DA:62,0
DA:66,0
DA:69,0
DA:71,0
DA:77,0
DA:81,0
DA:85,0
DA:89,0
DA:93,0
DA:97,0
DA:100,0
DA:104,0
DA:108,0
DA:113,0
DA:114,0
DA:119,0
DA:120,0
LF:32
LH:0
BRDA:69,0,0,0
BRDA:69,0,1,0
BRF:2
BRH:0
end_of_record
TN:
SF:src\jobs\dto\list-jobs.dto.ts
FN:31,(anonymous_2)
FNF:1
FNH:0
FNDA:0,(anonymous_2)
DA:1,0
DA:2,0
DA:3,0
DA:5,0
DA:8,0
DA:12,0
DA:16,0
DA:20,0
DA:24,0
DA:28,0
DA:31,0
DA:34,0
DA:38,0
LF:13
LH:0
BRDA:12,0,0,0
BRDA:12,0,1,0
BRDA:12,1,0,0
BRDA:12,1,1,0
BRF:4
BRH:0
end_of_record
TN:
SF:src\jobs\dto\request-job-payment.dto.ts
FNF:0
FNH:0
DA:1,0
DA:3,0
DA:6,0
DA:10,0
DA:14,0
LF:5
LH:0
BRF:0
BRH:0
end_of_record
TN:
SF:src\jobs\dto\review-job.dto.ts
FN:13,(anonymous_2)
FNF:1
FNH:0
FNDA:0,(anonymous_2)
DA:1,0
DA:2,0
DA:11,0
DA:13,0
DA:15,0
DA:21,0
DA:25,0
DA:29,0
DA:33,0
DA:37,0
LF:10
LH:0
BRDA:13,0,0,0
BRDA:13,0,1,0
BRF:2
BRH:0
end_of_record
TN:
SF:src\jobs\dto\update-job-internal-notes.dto.ts
FNF:0
FNH:0
DA:1,0
DA:3,0
DA:6,0
LF:3
LH:0
BRF:0
BRH:0
end_of_record
TN:
SF:src\jobs\dto\update-job.dto.ts
FN:22,(anonymous_2)
FN:27,(anonymous_3)
FN:43,(anonymous_4)
FN:60,(anonymous_5)
FNF:4
FNH:0
FNDA:0,(anonymous_2)
FNDA:0,(anonymous_3)
FNDA:0,(anonymous_4)
FNDA:0,(anonymous_5)
DA:1,0
DA:2,0
DA:12,0
DA:17,0
DA:20,0
DA:22,0
DA:25,0
DA:27,0
DA:30,0
DA:33,0
DA:36,0
DA:40,0
DA:43,0
DA:45,0
DA:51,0
DA:55,0
DA:60,0
DA:61,0
LF:18
LH:0
BRDA:43,0,0,0
BRDA:43,0,1,0
BRDA:55,1,0,0
BRDA:55,1,1,0
BRDA:55,2,0,0
BRDA:55,2,1,0
BRF:6
BRH:0
end_of_record
TN:
SF:src\me\me.controller.ts
FN:26,(anonymous_4)
FN:33,(anonymous_5)
FN:38,(anonymous_6)
FN:75,(anonymous_7)
FN:89,(anonymous_8)
FN:96,(anonymous_9)
FN:100,(anonymous_10)
FNF:7
FNH:0
FNDA:0,(anonymous_4)
FNDA:0,(anonymous_5)
FNDA:0,(anonymous_6)
FNDA:0,(anonymous_7)
FNDA:0,(anonymous_8)
FNDA:0,(anonymous_9)
FNDA:0,(anonymous_10)
DA:2,0
DA:3,0
DA:4,0
DA:5,0
DA:6,0
DA:7,0
DA:8,0
DA:25,0
DA:27,0
DA:28,0
DA:33,0
DA:34,0
DA:35,0
DA:36,0
DA:37,0
DA:38,0
DA:41,0
DA:43,0
DA:47,0
DA:61,0
DA:63,0
DA:72,0
DA:74,0
DA:75,0
DA:76,0
DA:77,0
DA:79,0
DA:80,0
DA:83,0
DA:89,0
DA:96,0
DA:102,0
DA:104,0
DA:107,0
DA:108,0
DA:111,0
DA:116,0
DA:117,0
DA:120,0
DA:125,0
DA:126,0
DA:129,0
LF:42
LH:0
BRDA:34,0,0,0
BRDA:34,0,1,0
BRDA:35,1,0,0
BRDA:35,1,1,0
BRDA:36,2,0,0
BRDA:36,2,1,0
BRDA:37,3,0,0
BRDA:37,3,1,0
BRDA:38,4,0,0
BRDA:38,4,1,0
BRDA:41,5,0,0
BRDA:41,5,1,0
BRDA:41,5,2,0
BRDA:50,6,0,0
BRDA:50,6,1,0
BRDA:51,7,0,0
BRDA:51,7,1,0
BRDA:51,7,2,0
BRDA:55,8,0,0
BRDA:55,8,1,0
BRDA:56,9,0,0
BRDA:56,9,1,0
BRDA:56,9,2,0
BRDA:72,10,0,0
BRDA:72,10,1,0
BRDA:74,11,0,0
BRDA:74,11,1,0
BRDA:76,12,0,0
BRDA:77,13,0,0
BRDA:77,13,1,0
BRDA:79,14,0,0
BRDA:85,15,0,0
BRDA:85,15,1,0
BRDA:85,15,2,0
BRDA:86,16,0,0
BRDA:86,16,1,0
BRDA:86,16,2,0
BRDA:86,16,3,0
BRDA:87,17,0,0
BRDA:87,17,1,0
BRDA:96,18,0,0
BRDA:96,18,1,0
BRDA:104,19,0,0
BRDA:104,19,1,0
BRDA:107,20,0,0
BRDA:107,21,0,0
BRDA:107,21,1,0
BRDA:116,22,0,0
BRDA:125,23,0,0
BRDA:27,24,0,0
BRDA:27,24,1,0
BRDA:27,25,0,0
BRDA:27,25,1,0
BRDA:27,26,0,0
BRDA:27,26,1,0
BRDA:27,27,0,0
BRDA:27,27,1,0
BRF:57
BRH:0
end_of_record
TN:
SF:src\me\me.module.ts
FNF:0
FNH:0
DA:1,0
DA:2,0
DA:5,0
LF:3
LH:0
BRF:0
BRH:0
end_of_record
TN:
SF:src\modules\services\services.controller.ts
FN:29,(anonymous_4)
FN:34,(anonymous_5)
FN:46,(anonymous_6)
FN:54,(anonymous_7)
FN:65,(anonymous_8)
FNF:5
FNH:0
FNDA:0,(anonymous_4)
FNDA:0,(anonymous_5)
FNDA:0,(anonymous_6)
FNDA:0,(anonymous_7)
FNDA:0,(anonymous_8)
DA:1,0
DA:15,0
DA:16,0
DA:17,0
DA:18,0
DA:19,0
DA:20,0
DA:21,0
DA:22,0
DA:23,0
DA:24,0
DA:28,0
DA:30,0
DA:34,0
DA:42,0
DA:46,0
DA:47,0
DA:54,0
DA:59,0
DA:65,0
DA:71,0
LF:21
LH:0
BRDA:30,0,0,0
BRDA:30,0,1,0
BRDA:30,1,0,0
BRDA:30,1,1,0
BRDA:30,2,0,0
BRDA:30,2,1,0
BRDA:30,3,0,0
BRDA:30,3,1,0
BRF:8
BRH:0
end_of_record
TN:
SF:src\modules\services\services.module.ts
FNF:0
FNH:0
DA:1,0
DA:2,0
DA:3,0
DA:4,0
DA:10,0
LF:5
LH:0
BRF:0
BRH:0
end_of_record
TN:
SF:src\modules\services\services.service.ts
FN:8,(anonymous_2)
FN:14,(anonymous_3)
FN:41,(anonymous_4)
FN:47,(anonymous_5)
FN:85,(anonymous_6)
FN:133,(anonymous_7)
FN:143,(anonymous_8)
FN:146,(anonymous_9)
FN:178,(anonymous_10)
FNF:9
FNH:0
FNDA:0,(anonymous_2)
FNDA:0,(anonymous_3)
FNDA:0,(anonymous_4)
FNDA:0,(anonymous_5)
FNDA:0,(anonymous_6)
FNDA:0,(anonymous_7)
FNDA:0,(anonymous_8)
FNDA:0,(anonymous_9)
FNDA:0,(anonymous_10)
DA:1,0
DA:2,0
DA:4,0
DA:7,0
DA:9,0
DA:10,0
DA:18,0
DA:19,0
DA:21,0
DA:31,0
DA:33,0
DA:38,0
DA:42,0
DA:43,0
DA:44,0
DA:48,0
DA:60,0
DA:61,0
DA:63,0
DA:78,0
DA:80,0
DA:81,0
DA:86,0
DA:87,0
DA:89,0
DA:99,0
DA:100,0
DA:102,0
DA:126,0
DA:128,0
DA:129,0
DA:134,0
DA:144,0
DA:146,0
DA:147,0
DA:149,0
DA:150,0
DA:151,0
DA:153,0
DA:155,0
DA:156,0
DA:158,0
DA:159,0
DA:161,0
DA:162,0
DA:164,0
DA:165,0
DA:167,0
DA:168,0
DA:171,0
DA:175,0
DA:179,0
LF:52
LH:0
BRDA:18,0,0,0
BRDA:18,0,1,0
BRDA:19,1,0,0
BRDA:19,1,1,0
BRDA:26,2,0,0
BRDA:26,2,1,0
BRDA:27,3,0,0
BRDA:27,3,1,0
BRDA:43,4,0,0
BRDA:51,5,0,0
BRDA:51,5,1,0
BRDA:53,6,0,0
BRDA:53,6,1,0
BRDA:54,7,0,0
BRDA:54,7,1,0
BRDA:55,8,0,0
BRDA:55,8,1,0
BRDA:56,9,0,0
BRDA:56,9,1,0
BRDA:80,10,0,0
BRDA:87,11,0,0
BRDA:90,12,0,0
BRDA:90,12,1,0
BRDA:91,13,0,0
BRDA:91,13,1,0
BRDA:92,14,0,0
BRDA:92,14,1,0
BRDA:93,15,0,0
BRDA:93,15,1,0
BRDA:93,15,2,0
BRDA:94,16,0,0
BRDA:94,16,1,0
BRDA:95,17,0,0
BRDA:95,17,1,0
BRDA:96,18,0,0
BRDA:96,18,1,0
BRDA:128,19,0,0
BRDA:144,20,0,0
BRDA:150,21,0,0
BRDA:150,21,1,0
BRDA:153,22,0,0
BRDA:153,22,1,0
BRDA:153,22,2,0
BRDA:153,22,3,0
BRDA:153,22,4,0
BRDA:153,22,5,0
BRDA:175,23,0,0
BRDA:175,23,1,0
BRDA:9,24,0,0
BRDA:9,24,1,0
BRDA:9,25,0,0
BRDA:9,25,1,0
BRDA:9,26,0,0
BRDA:9,26,1,0
BRDA:9,27,0,0
BRDA:9,27,1,0
BRF:56
BRH:0
end_of_record
TN:
SF:src\modules\services\services.zod.ts
FN:16,(anonymous_0)
FNF:1
FNH:0
FNDA:0,(anonymous_0)
DA:1,0
DA:3,0
DA:15,0
DA:16,0
LF:4
LH:0
BRF:0
BRH:0
end_of_record
TN:
SF:src\notifications\notification-worker.main.ts
FN:6,bootstrap
FN:16,(anonymous_1)
FN:22,(anonymous_2)
FN:25,(anonymous_3)
FNF:4
FNH:0
FNDA:0,bootstrap
FNDA:0,(anonymous_1)
FNDA:0,(anonymous_2)
FNDA:0,(anonymous_3)
DA:1,0
DA:2,0
DA:3,0
DA:4,0
DA:7,0
DA:10,0
DA:12,0
DA:14,0
DA:16,0
DA:17,0
DA:18,0
DA:19,0
DA:22,0
DA:23,0
DA:25,0
DA:26,0
DA:30,0
LF:17
LH:0
BRF:0
BRH:0
end_of_record
TN:
SF:src\notifications\notification-worker.module.ts
FNF:0
FNH:0
DA:1,0
DA:2,0
DA:3,0
DA:4,0
DA:5,0
DA:6,0
DA:7,0
DA:18,0
LF:8
LH:0
BRF:0
BRH:0
end_of_record
TN:
SF:src\notifications\notification-worker.service.ts
FN:34,(anonymous_4)
FN:44,(anonymous_5)
FN:49,(anonymous_6)
FN:50,(anonymous_7)
FN:61,(anonymous_8)
FN:62,(anonymous_9)
FN:75,(anonymous_10)
FN:82,(anonymous_11)
FN:83,(anonymous_12)
FN:89,(anonymous_13)
FN:96,(anonymous_14)
FN:127,(anonymous_15)
FN:133,(anonymous_16)
FN:140,(anonymous_17)
FN:173,(anonymous_18)
FN:190,(anonymous_19)
FN:224,(anonymous_20)
FN:350,(anonymous_21)
FN:419,(anonymous_22)
FNF:19
FNH:0
FNDA:0,(anonymous_4)
FNDA:0,(anonymous_5)
FNDA:0,(anonymous_6)
FNDA:0,(anonymous_7)
FNDA:0,(anonymous_8)
FNDA:0,(anonymous_9)
FNDA:0,(anonymous_10)
FNDA:0,(anonymous_11)
FNDA:0,(anonymous_12)
FNDA:0,(anonymous_13)
FNDA:0,(anonymous_14)
FNDA:0,(anonymous_15)
FNDA:0,(anonymous_16)
FNDA:0,(anonymous_17)
FNDA:0,(anonymous_18)
FNDA:0,(anonymous_19)
FNDA:0,(anonymous_20)
FNDA:0,(anonymous_21)
FNDA:0,(anonymous_22)
DA:1,0
DA:2,0
DA:7,0
DA:8,0
DA:9,0
DA:10,0
DA:11,0
DA:15,0
DA:16,0
DA:21,0
DA:22,0
DA:23,0
DA:30,0
DA:31,0
DA:32,0
DA:35,0
DA:36,0
DA:37,0
DA:38,0
DA:40,0
DA:41,0
DA:45,0
DA:47,0
DA:50,0
DA:51,0
DA:59,0
DA:62,0
DA:63,0
DA:71,0
DA:72,0
DA:76,0
DA:83,0
DA:84,0
DA:89,0
DA:90,0
DA:96,0
DA:97,0
DA:98,0
DA:101,0
DA:109,0
DA:110,0
DA:111,0
DA:112,0
DA:116,0
DA:127,0
DA:128,0
DA:133,0
DA:134,0
DA:140,0
DA:141,0
DA:142,0
DA:145,0
DA:153,0
DA:154,0
DA:155,0
DA:156,0
DA:161,0
DA:179,0
DA:191,0
DA:198,0
DA:199,0
DA:200,0
DA:206,0
DA:208,0
DA:218,0
DA:225,0
DA:227,0
DA:231,0
DA:236,0
DA:239,0
DA:243,0
DA:245,0
DA:246,0
DA:249,0
DA:252,0
DA:264,0
DA:265,0
DA:268,0
DA:271,0
DA:272,0
DA:275,0
DA:278,0
DA:279,0
DA:282,0
DA:285,0
DA:286,0
DA:289,0
DA:292,0
DA:293,0
DA:294,0
DA:297,0
DA:300,0
DA:301,0
DA:302,0
DA:305,0
DA:319,0
DA:320,0
DA:321,0
DA:322,0
DA:323,0
DA:324,0
DA:325,0
DA:326,0
DA:328,0
DA:331,0
DA:338,0
DA:339,0
DA:342,0
DA:351,0
DA:353,0
DA:354,0
DA:359,0
DA:362,0
DA:363,0
DA:364,0
DA:365,0
DA:368,0
DA:376,0
DA:377,0
DA:380,0
DA:381,0
DA:385,0
DA:388,0
DA:389,0
DA:390,0
DA:394,0
DA:397,0
DA:401,0
DA:405,0
DA:406,0
DA:408,0
DA:409,0
DA:413,0
DA:416,0
DA:429,0
LF:135
LH:0
BRDA:91,0,0,0
BRDA:91,0,1,0
BRDA:97,1,0,0
BRDA:102,2,0,0
BRDA:102,2,1,0
BRDA:105,3,0,0
BRDA:105,3,1,0
BRDA:106,4,0,0
BRDA:106,4,1,0
BRDA:109,5,0,0
BRDA:109,6,0,0
BRDA:109,6,1,0
BRDA:113,7,0,0
BRDA:113,7,1,0
BRDA:135,8,0,0
BRDA:135,8,1,0
BRDA:141,9,0,0
BRDA:146,10,0,0
BRDA:146,10,1,0
BRDA:149,11,0,0
BRDA:149,11,1,0
BRDA:150,12,0,0
BRDA:150,12,1,0
BRDA:153,13,0,0
BRDA:153,14,0,0
BRDA:153,14,1,0
BRDA:158,15,0,0
BRDA:158,15,1,0
BRDA:186,16,0,0
BRDA:186,16,1,0
BRDA:187,17,0,0
BRDA:187,17,1,0
BRDA:194,18,0,0
BRDA:194,18,1,0
BRDA:203,19,0,0
BRDA:203,19,1,0
BRDA:213,20,0,0
BRDA:213,20,1,0
BRDA:231,21,0,0
BRDA:232,22,0,0
BRDA:232,22,1,0
BRDA:232,22,2,0
BRDA:245,23,0,0
BRDA:264,24,0,0
BRDA:271,25,0,0
BRDA:278,26,0,0
BRDA:285,27,0,0
BRDA:292,28,0,0
BRDA:292,28,1,0
BRDA:293,29,0,0
BRDA:301,30,0,0
BRDA:308,31,0,0
BRDA:308,31,1,0
BRDA:312,32,0,0
BRDA:312,32,1,0
BRDA:312,32,2,0
BRDA:313,33,0,0
BRDA:313,33,1,0
BRDA:319,34,0,0
BRDA:319,34,1,0
BRDA:323,35,0,0
BRDA:323,35,1,0
BRDA:338,36,0,0
BRDA:339,37,0,0
BRDA:339,37,1,0
BRDA:345,38,0,0
BRDA:345,38,1,0
BRDA:354,39,0,0
BRDA:355,40,0,0
BRDA:355,40,1,0
BRDA:355,40,2,0
BRDA:364,41,0,0
BRDA:371,42,0,0
BRDA:371,42,1,0
BRDA:376,43,0,0
BRDA:376,44,0,0
BRDA:376,44,1,0
BRDA:380,45,0,0
BRDA:389,46,0,0
BRDA:401,47,0,0
BRDA:401,47,1,0
BRDA:405,48,0,0
BRDA:405,48,1,0
BRDA:408,49,0,0
BRDA:416,50,0,0
BRDA:416,50,1,0
BRDA:433,51,0,0
BRDA:433,51,1,0
BRDA:35,52,0,0
BRDA:35,52,1,0
BRDA:35,53,0,0
BRDA:35,53,1,0
BRDA:35,54,0,0
BRDA:35,54,1,0
BRDA:35,55,0,0
BRDA:35,55,1,0
BRDA:36,56,0,0
BRDA:36,56,1,0
BRDA:36,57,0,0
BRDA:36,57,1,0
BRDA:37,58,0,0
BRDA:37,58,1,0
BRDA:37,59,0,0
BRDA:37,59,1,0
BRDA:38,60,0,0
BRDA:38,60,1,0
BRDA:38,61,0,0
BRDA:38,61,1,0
BRF:108
BRH:0
end_of_record
TN:
SF:src\notifications\notification.constants.ts
FNF:0
FNH:0
DA:1,4
DA:2,4
DA:3,4
DA:4,4
DA:6,4
DA:7,4
DA:8,4
DA:10,4
LF:8
LH:8
BRF:0
BRH:0
end_of_record
TN:
SF:src\notifications\notification.module.ts
FN:22,(anonymous_1)
FNF:1
FNH:0
FNDA:0,(anonymous_1)
DA:1,0
DA:2,0
DA:3,0
DA:4,0
DA:8,0
DA:9,0
DA:10,0
DA:26,0
DA:39,0
LF:9
LH:0
BRF:0
BRH:0
end_of_record
TN:
SF:src\notifications\notification.service.ts
FN:55,(anonymous_4)
FN:60,(anonymous_5)
FN:67,(anonymous_6)
FN:143,(anonymous_7)
FN:149,(anonymous_8)
FN:161,(anonymous_9)
FN:173,(anonymous_10)
FN:180,(anonymous_11)
FN:191,(anonymous_12)
FN:197,(anonymous_13)
FN:202,(anonymous_14)
FN:222,(anonymous_15)
FN:230,(anonymous_16)
FN:235,(anonymous_17)
FN:241,(anonymous_18)
FN:324,(anonymous_19)
FN:337,(anonymous_20)
FN:357,(anonymous_21)
FN:368,(anonymous_22)
FN:391,(anonymous_23)
FN:414,(anonymous_24)
FN:454,(anonymous_25)
FN:501,(anonymous_26)
FN:527,(anonymous_27)
FN:545,(anonymous_28)
FN:568,(anonymous_29)
FN:583,(anonymous_30)
FN:605,(anonymous_31)
FN:622,(anonymous_32)
FNF:29
FNH:16
FNDA:8,(anonymous_4)
FNDA:2,(anonymous_5)
FNDA:1,(anonymous_6)
FNDA:1,(anonymous_7)
FNDA:2,(anonymous_8)
FNDA:2,(anonymous_9)
FNDA:0,(anonymous_10)
FNDA:0,(anonymous_11)
FNDA:0,(anonymous_12)
FNDA:0,(anonymous_13)
FNDA:1,(anonymous_14)
FNDA:0,(anonymous_15)
FNDA:2,(anonymous_16)
FNDA:0,(anonymous_17)
FNDA:0,(anonymous_18)
FNDA:0,(anonymous_19)
FNDA:0,(anonymous_20)
FNDA:1,(anonymous_21)
FNDA:2,(anonymous_22)
FNDA:1,(anonymous_23)
FNDA:1,(anonymous_24)
FNDA:2,(anonymous_25)
FNDA:2,(anonymous_26)
FNDA:0,(anonymous_27)
FNDA:0,(anonymous_28)
FNDA:1,(anonymous_29)
FNDA:0,(anonymous_30)
FNDA:0,(anonymous_31)
FNDA:2,(anonymous_32)
DA:1,4
DA:7,4
DA:13,4
DA:23,4
DA:27,4
DA:28,4
DA:33,4
DA:34,4
DA:36,4
DA:53,4
DA:55,8
DA:59,4
DA:61,2
DA:62,2
DA:64,2
DA:71,1
DA:73,1
DA:79,1
DA:80,0
DA:83,1
DA:84,1
DA:85,1
DA:91,1
DA:92,1
DA:94,1
DA:95,2
DA:96,2
DA:97,0
DA:100,2
DA:116,2
DA:117,2
DA:125,2
DA:127,0
DA:136,0
DA:140,1
DA:148,1
DA:150,2
DA:154,1
DA:161,2
DA:177,0
DA:184,0
DA:191,0
DA:197,0
DA:198,0
DA:206,1
DA:220,1
DA:221,1
DA:222,0
DA:225,1
DA:231,2
DA:235,0
DA:245,0
DA:246,0
DA:248,0
DA:249,0
DA:252,0
DA:253,0
DA:254,0
DA:275,0
DA:276,0
DA:277,0
DA:285,0
DA:292,0
DA:298,0
DA:314,0
DA:328,0
DA:337,0
DA:338,0
DA:339,0
DA:342,0
DA:354,0
DA:361,1
DA:369,2
DA:384,2
DA:385,0
DA:388,2
DA:395,1
DA:396,0
DA:399,1
DA:400,1
DA:403,0
DA:404,0
DA:407,0
DA:408,0
DA:411,0
DA:421,1
DA:423,1
DA:424,1
DA:431,0
DA:432,0
DA:439,0
DA:440,0
DA:447,0
DA:469,2
DA:470,2
DA:472,2
DA:474,2
DA:479,2
DA:490,0
DA:508,2
DA:509,0
DA:512,2
DA:513,2
DA:516,0
DA:517,0
DA:520,0
DA:521,0
DA:524,0
DA:530,0
DA:532,0
DA:534,0
DA:536,0
DA:538,0
DA:541,0
DA:554,0
DA:569,1
DA:580,1
DA:589,0
DA:590,0
DA:593,0
DA:594,0
DA:604,0
DA:605,0
DA:608,0
DA:609,0
DA:612,0
DA:633,2
LF:127
LH:61
BRDA:79,0,0,0
BRDA:88,1,0,1
BRDA:88,1,1,0
BRDA:91,2,0,1
BRDA:91,2,1,0
BRDA:96,3,0,0
BRDA:132,4,0,0
BRDA:132,4,1,0
BRDA:146,5,0,0
BRDA:220,6,0,1
BRDA:220,6,1,1
BRDA:248,7,0,0
BRDA:265,8,0,0
BRDA:265,8,1,0
BRDA:276,9,0,0
BRDA:300,10,0,0
BRDA:300,10,1,0
BRDA:305,11,0,0
BRDA:305,11,1,0
BRDA:310,12,0,0
BRDA:310,12,1,0
BRDA:317,13,0,0
BRDA:317,13,1,0
BRDA:338,14,0,0
BRDA:354,15,0,0
BRDA:354,15,1,0
BRDA:362,16,0,1
BRDA:362,16,1,1
BRDA:362,16,2,1
BRDA:384,17,0,0
BRDA:395,18,0,0
BRDA:399,19,0,1
BRDA:403,20,0,0
BRDA:407,21,0,0
BRDA:423,22,0,1
BRDA:431,23,0,0
BRDA:434,24,0,0
BRDA:434,24,1,0
BRDA:439,25,0,0
BRDA:442,26,0,0
BRDA:442,26,1,0
BRDA:449,27,0,0
BRDA:449,27,1,0
BRDA:472,28,0,2
BRDA:474,29,0,2
BRDA:474,29,1,2
BRDA:474,29,2,2
BRDA:474,29,3,0
BRDA:481,30,0,0
BRDA:481,30,1,2
BRDA:482,31,0,0
BRDA:482,31,1,2
BRDA:484,32,0,0
BRDA:484,32,1,2
BRDA:494,33,0,0
BRDA:494,33,1,0
BRDA:495,34,0,0
BRDA:495,34,1,0
BRDA:496,35,0,0
BRDA:496,35,1,0
BRDA:508,36,0,0
BRDA:512,37,0,2
BRDA:516,38,0,0
BRDA:520,39,0,0
BRDA:530,40,0,0
BRDA:530,40,1,0
BRDA:530,40,2,0
BRDA:530,40,3,0
BRDA:530,40,4,0
BRDA:530,40,5,0
BRDA:557,41,0,0
BRDA:557,41,1,0
BRDA:561,42,0,0
BRDA:561,42,1,0
BRDA:561,42,2,0
BRDA:562,43,0,0
BRDA:562,43,1,0
BRDA:589,44,0,0
BRDA:593,45,0,0
BRDA:608,46,0,0
BRDA:638,47,0,2
BRDA:638,47,1,0
BRDA:639,48,0,2
BRDA:639,48,1,2
BRDA:61,49,0,4
BRDA:61,49,1,0
BRDA:61,50,0,4
BRDA:61,50,1,4
BRDA:61,51,0,4
BRDA:61,51,1,0
BRDA:61,52,0,4
BRDA:61,52,1,4
BRF:92
BRH:26
end_of_record
TN:
SF:src\notifications\providers\email.provider.ts
FN:11,resolveEmailProviderKind
FN:27,selectEmailProvider
FNF:2
FNH:0
FNDA:0,resolveEmailProviderKind
FNDA:0,selectEmailProvider
DA:3,5
DA:11,5
DA:14,0
DA:16,0
DA:17,0
DA:20,0
DA:24,0
DA:27,5
DA:31,0
LF:9
LH:3
BRDA:12,0,0,0
BRDA:16,1,0,0
BRDA:16,2,0,0
BRDA:16,2,1,0
BRDA:20,3,0,0
BRDA:20,3,1,0
BRDA:20,3,2,0
BRDA:24,4,0,0
BRDA:24,4,1,0
BRDA:29,5,0,0
BRDA:31,6,0,0
BRDA:31,6,1,0
BRF:12
BRH:0
end_of_record
TN:
SF:src\notifications\providers\resend.provider.ts
FN:10,(anonymous_2)
FN:15,(anonymous_3)
FNF:2
FNH:0
FNDA:0,(anonymous_2)
FNDA:0,(anonymous_3)
DA:1,0
DA:4,0
DA:7,0
DA:11,0
DA:12,0
DA:16,0
DA:17,0
DA:20,0
DA:21,0
DA:28,0
DA:29,0
DA:31,0
LF:12
LH:0
BRDA:12,0,0,0
BRDA:12,0,1,0
BRDA:16,1,0,0
BRDA:28,2,0,0
BRDA:31,3,0,0
BRDA:31,3,1,0
BRF:6
BRH:0
end_of_record
TN:
SF:src\notifications\providers\smtp.provider.ts
FN:6,parseBoolean
FN:17,buildTransporter
FN:36,(anonymous_3)
FN:48,(anonymous_4)
FNF:4
FNH:0
FNDA:0,parseBoolean
FNDA:0,buildTransporter
FNDA:0,(anonymous_3)
FNDA:0,(anonymous_4)
DA:1,0
DA:2,0
DA:7,0
DA:8,0
DA:11,0
DA:12,0
DA:13,0
DA:14,0
DA:18,0
DA:19,0
DA:20,0
DA:21,0
DA:22,0
DA:24,0
DA:33,0
DA:34,0
DA:37,0
DA:38,0
DA:39,0
DA:41,0
DA:49,0
LF:21
LH:0
BRDA:7,0,0,0
BRDA:12,1,0,0
BRDA:13,2,0,0
BRDA:18,3,0,0
BRDA:18,3,1,0
BRDA:19,4,0,0
BRDA:19,4,1,0
BRDA:28,5,0,0
BRDA:28,5,1,0
BRDA:28,6,0,0
BRDA:28,6,1,0
BRDA:43,7,0,0
BRDA:43,7,1,0
BRF:13
BRH:0
end_of_record
TN:
SF:src\notifications\providers\twilio.provider.ts
FN:10,(anonymous_3)
FN:18,(anonymous_4)
FNF:2
FNH:0
FNDA:0,(anonymous_3)
FNDA:0,(anonymous_4)
DA:1,0
DA:4,0
DA:7,0
DA:8,0
DA:11,0
DA:12,0
DA:13,0
DA:14,0
DA:19,0
DA:20,0
DA:21,0
DA:26,0
DA:28,0
LF:13
LH:0
BRDA:13,0,0,0
BRDA:13,1,0,0
BRDA:13,1,1,0
BRDA:20,2,0,0
BRDA:28,3,0,0
BRDA:28,3,1,0
BRF:6
BRH:0
end_of_record
TN:
SF:src\notifications\queue\notification-queue.service.ts
FN:41,(anonymous_2)
FN:46,(anonymous_3)
FN:85,(anonymous_4)
FN:87,(anonymous_5)
FN:95,(anonymous_6)
FN:106,(anonymous_7)
FN:117,(anonymous_8)
FN:121,(anonymous_9)
FN:154,(anonymous_10)
FN:163,(anonymous_11)
FNF:10
FNH:0
FNDA:0,(anonymous_2)
FNDA:0,(anonymous_3)
FNDA:0,(anonymous_4)
FNDA:0,(anonymous_5)
FNDA:0,(anonymous_6)
FNDA:0,(anonymous_7)
FNDA:0,(anonymous_8)
FNDA:0,(anonymous_9)
FNDA:0,(anonymous_10)
FNDA:0,(anonymous_11)
DA:1,4
DA:5,4
DA:6,4
DA:7,4
DA:8,4
DA:19,4
DA:22,4
DA:23,0
DA:25,0
DA:29,0
DA:33,0
DA:37,0
DA:42,0
DA:43,0
DA:53,0
DA:54,0
DA:56,0
DA:78,0
DA:86,0
DA:87,0
DA:88,0
DA:96,0
DA:100,0
DA:107,0
DA:111,0
DA:118,0
DA:122,0
DA:123,0
DA:124,0
DA:126,0
DA:133,0
DA:141,0
DA:143,0
DA:155,0
DA:164,0
LF:35
LH:7
BRDA:141,0,0,0
BRDA:141,0,1,0
BRDA:42,1,0,4
BRDA:42,1,1,0
BRDA:42,2,0,4
BRDA:42,2,1,4
BRDA:42,3,0,4
BRDA:42,3,1,0
BRDA:42,4,0,4
BRDA:42,4,1,4
BRF:10
BRH:6
end_of_record
TN:
SF:src\notifications\queue\redis.config.ts
FN:3,getRedisConnection
FNF:1
FNH:0
FNDA:0,getRedisConnection
DA:3,4
DA:6,0
DA:8,0
DA:9,0
DA:11,0
DA:22,0
LF:6
LH:1
BRDA:4,0,0,0
BRDA:8,1,0,0
BRDA:13,2,0,0
BRDA:13,2,1,0
BRDA:14,3,0,0
BRDA:14,3,1,0
BRDA:15,4,0,0
BRDA:15,4,1,0
BRDA:16,5,0,0
BRDA:16,5,1,0
BRDA:16,6,0,0
BRDA:16,6,1,0
BRDA:17,7,0,0
BRDA:17,7,1,0
BRDA:23,8,0,0
BRDA:23,8,1,0
BRDA:24,9,0,0
BRDA:24,9,1,0
BRDA:25,10,0,0
BRDA:25,10,1,0
BRDA:26,11,0,0
BRDA:26,11,1,0
BRF:22
BRH:0
end_of_record
TN:
SF:src\notifications\templates\jobConfirmation.ts
FN:4,jobConfirmation
FNF:1
FNH:0
FNDA:0,jobConfirmation
DA:2,4
DA:4,4
DA:5,0
DA:11,0
DA:12,0
DA:13,0
DA:14,0
DA:15,0
DA:17,0
LF:9
LH:2
BRDA:11,0,0,0
BRDA:11,0,1,0
BRDA:12,1,0,0
BRDA:12,1,1,0
BRDA:13,2,0,0
BRDA:13,2,1,0
BRDA:14,3,0,0
BRDA:14,3,1,0
BRDA:15,4,0,0
BRDA:15,4,1,0
BRDA:26,5,0,0
BRDA:26,5,1,0
BRF:12
BRH:0
end_of_record
TN:
SF:src\notifications\templates\jobReminder1h.ts
FN:4,jobReminder1h
FNF:1
FNH:0
FNDA:0,jobReminder1h
DA:2,0
DA:4,0
DA:5,0
DA:6,0
DA:7,0
DA:8,0
DA:9,0
DA:10,0
DA:11,0
DA:12,0
LF:10
LH:0
BRDA:6,0,0,0
BRDA:6,0,1,0
BRDA:9,1,0,0
BRDA:9,1,1,0
BRDA:10,2,0,0
BRDA:10,2,1,0
BRDA:11,3,0,0
BRDA:11,3,1,0
BRDA:20,4,0,0
BRDA:20,4,1,0
BRDA:21,5,0,0
BRDA:21,5,1,0
BRDA:22,6,0,0
BRDA:22,6,1,0
BRF:14
BRH:0
end_of_record
TN:
SF:src\notifications\templates\jobReminder24h.ts
FN:4,jobReminder24h
FNF:1
FNH:0
FNDA:0,jobReminder24h
DA:2,0
DA:4,0
DA:5,0
DA:6,0
DA:7,0
DA:8,0
DA:9,0
DA:10,0
DA:11,0
DA:12,0
LF:10
LH:0
BRDA:6,0,0,0
BRDA:6,0,1,0
BRDA:9,1,0,0
BRDA:9,1,1,0
BRDA:10,2,0,0
BRDA:10,2,1,0
BRDA:11,3,0,0
BRDA:11,3,1,0
BRDA:20,4,0,0
BRDA:20,4,1,0
BRDA:21,5,0,0
BRDA:21,5,1,0
BRDA:22,6,0,0
BRDA:22,6,1,0
BRF:14
BRH:0
end_of_record
TN:
SF:src\notifications\templates\jobReminder2h.ts
FN:4,jobReminder2h
FNF:1
FNH:0
FNDA:0,jobReminder2h
DA:2,0
DA:4,0
DA:5,0
DA:6,0
DA:7,0
DA:8,0
DA:9,0
DA:10,0
DA:11,0
DA:12,0
LF:10
LH:0
BRDA:6,0,0,0
BRDA:6,0,1,0
BRDA:9,1,0,0
BRDA:9,1,1,0
BRDA:10,2,0,0
BRDA:10,2,1,0
BRDA:11,3,0,0
BRDA:11,3,1,0
BRDA:20,4,0,0
BRDA:20,4,1,0
BRDA:21,5,0,0
BRDA:21,5,1,0
BRDA:22,6,0,0
BRDA:22,6,1,0
BRF:14
BRH:0
end_of_record
TN:
SF:src\notifications\templates\template.utils.ts
FN:1,escapeHtml
FN:10,formatNotificationDate
FNF:2
FNH:0
FNDA:0,escapeHtml
FNDA:0,formatNotificationDate
DA:1,4
DA:2,0
DA:10,4
DA:11,0
LF:4
LH:2
BRF:0
BRH:0
end_of_record
TN:
SF:src\observability\app-logger.service.ts
FN:10,(anonymous_2)
FN:15,(anonymous_3)
FN:19,(anonymous_4)
FN:30,(anonymous_5)
FN:34,(anonymous_6)
FN:38,(anonymous_7)
FN:42,(anonymous_8)
FN:46,(anonymous_9)
FN:50,(anonymous_10)
FN:54,(anonymous_11)
FN:76,(anonymous_12)
FN:95,(anonymous_13)
FN:112,(anonymous_14)
FNF:13
FNH:0
FNDA:0,(anonymous_2)
FNDA:0,(anonymous_3)
FNDA:0,(anonymous_4)
FNDA:0,(anonymous_5)
FNDA:0,(anonymous_6)
FNDA:0,(anonymous_7)
FNDA:0,(anonymous_8)
FNDA:0,(anonymous_9)
FNDA:0,(anonymous_10)
FNDA:0,(anonymous_11)
FNDA:0,(anonymous_12)
FNDA:0,(anonymous_13)
FNDA:0,(anonymous_14)
DA:1,4
DA:3,4
DA:4,4
DA:9,4
DA:11,0
DA:12,0
DA:16,0
DA:20,0
DA:31,0
DA:35,0
DA:39,0
DA:43,0
DA:47,0
DA:51,0
DA:60,0
DA:70,0
DA:77,0
DA:78,0
DA:86,0
DA:87,0
DA:88,0
DA:89,0
DA:92,0
DA:96,0
DA:97,0
DA:100,0
DA:113,0
DA:114,0
DA:117,0
DA:118,0
DA:121,0
LF:31
LH:4
BRDA:16,0,0,0
BRDA:16,0,1,0
BRDA:24,1,0,0
BRDA:24,1,1,0
BRDA:25,2,0,0
BRDA:25,2,1,0
BRDA:31,3,0,0
BRDA:31,3,1,0
BRDA:35,4,0,0
BRDA:35,4,1,0
BRDA:39,5,0,0
BRDA:39,5,1,0
BRDA:60,6,0,0
BRDA:60,6,1,0
BRDA:66,7,0,0
BRDA:66,7,1,0
BRDA:71,8,0,0
BRDA:71,8,1,0
BRDA:83,9,0,0
BRDA:83,9,1,0
BRDA:87,10,0,0
BRDA:96,11,0,0
BRDA:113,12,0,0
BRDA:117,13,0,0
BRDA:11,14,0,4
BRDA:11,14,1,0
BRDA:11,15,0,4
BRDA:11,15,1,4
BRDA:11,16,0,4
BRDA:11,16,1,0
BRDA:11,17,0,4
BRDA:11,17,1,4
BRF:32
BRH:6
end_of_record
TN:
SF:src\observability\audit-log.service.ts
FN:23,(anonymous_2)
FN:29,(anonymous_3)
FNF:2
FNH:0
FNDA:0,(anonymous_2)
FNDA:0,(anonymous_3)
DA:1,3
DA:3,3
DA:4,3
DA:5,3
DA:22,3
DA:24,0
DA:25,0
DA:26,0
DA:30,0
DA:31,0
DA:33,0
LF:11
LH:5
BRDA:30,0,0,0
BRDA:30,0,1,0
BRDA:39,1,0,0
BRDA:39,1,1,0
BRDA:39,1,2,0
BRDA:41,2,0,0
BRDA:41,2,1,0
BRDA:41,2,2,0
BRDA:42,3,0,0
BRDA:42,3,1,0
BRDA:42,3,2,0
BRDA:24,4,0,3
BRDA:24,4,1,0
BRDA:24,5,0,3
BRDA:24,5,1,3
BRDA:24,6,0,3
BRDA:24,6,1,0
BRDA:24,7,0,3
BRDA:24,7,1,3
BRDA:25,8,0,3
BRDA:25,8,1,0
BRDA:25,9,0,3
BRDA:25,9,1,3
BRF:23
BRH:9
end_of_record
TN:
SF:src\observability\global-exception.filter.ts
FN:14,(anonymous_2)
FN:19,(anonymous_3)
FN:62,(anonymous_4)
FNF:3
FNH:0
FNDA:0,(anonymous_2)
FNDA:0,(anonymous_3)
FNDA:0,(anonymous_4)
DA:1,0
DA:8,0
DA:9,0
DA:10,0
DA:13,0
DA:15,0
DA:16,0
DA:20,0
DA:21,0
DA:22,0
DA:23,0
DA:24,0
DA:26,0
DA:27,0
DA:30,0
DA:31,0
DA:33,0
DA:52,0
DA:67,0
DA:68,0
DA:71,0
DA:72,0
DA:75,0
DA:80,0
DA:81,0
DA:82,0
DA:84,0
DA:85,0
DA:89,0
DA:90,0
DA:93,0
LF:31
LH:0
BRDA:27,0,0,0
BRDA:27,0,1,0
BRDA:30,1,0,0
BRDA:30,1,1,0
BRDA:37,2,0,0
BRDA:37,2,1,0
BRDA:38,3,0,0
BRDA:38,3,1,0
BRDA:40,4,0,0
BRDA:40,4,1,0
BRDA:41,5,0,0
BRDA:41,5,1,0
BRDA:42,6,0,0
BRDA:42,6,1,0
BRDA:45,7,0,0
BRDA:45,7,1,0
BRDA:47,8,0,0
BRDA:47,8,1,0
BRDA:57,9,0,0
BRDA:57,9,1,0
BRDA:67,10,0,0
BRDA:71,11,0,0
BRDA:75,12,0,0
BRDA:76,13,0,0
BRDA:76,13,1,0
BRDA:76,13,2,0
BRDA:81,14,0,0
BRDA:84,15,0,0
BRDA:84,16,0,0
BRDA:84,16,1,0
BRDA:89,17,0,0
BRDA:89,18,0,0
BRDA:89,18,1,0
BRDA:15,19,0,0
BRDA:15,19,1,0
BRDA:15,20,0,0
BRDA:15,20,1,0
BRDA:15,21,0,0
BRDA:15,21,1,0
BRDA:15,22,0,0
BRDA:15,22,1,0
BRF:41
BRH:0
end_of_record
TN:
SF:src\observability\log-sanitizer.service.ts
FN:26,(anonymous_1)
FN:56,(anonymous_2)
FN:92,(anonymous_3)
FN:96,(anonymous_4)
FN:100,(anonymous_5)
FN:104,(anonymous_6)
FN:108,(anonymous_7)
FN:118,(anonymous_8)
FN:128,(anonymous_9)
FNF:9
FNH:0
FNDA:0,(anonymous_1)
FNDA:0,(anonymous_2)
FNDA:0,(anonymous_3)
FNDA:0,(anonymous_4)
FNDA:0,(anonymous_5)
FNDA:0,(anonymous_6)
FNDA:0,(anonymous_7)
FNDA:0,(anonymous_8)
FNDA:0,(anonymous_9)
DA:1,6
DA:3,6
DA:4,6
DA:7,6
DA:8,0
DA:27,0
DA:28,0
DA:31,0
DA:32,0
DA:35,0
DA:40,0
DA:43,0
DA:44,0
DA:47,0
DA:48,0
DA:55,0
DA:56,0
DA:59,0
DA:60,0
DA:62,0
DA:63,0
DA:64,0
DA:65,0
DA:68,0
DA:69,0
DA:70,0
DA:73,0
DA:74,0
DA:75,0
DA:78,0
DA:79,0
DA:80,0
DA:83,0
DA:86,0
DA:89,0
DA:93,0
DA:97,0
DA:101,0
DA:105,0
DA:109,0
DA:110,0
DA:119,0
DA:120,0
DA:123,0
DA:124,0
DA:125,0
DA:129,0
DA:130,0
DA:133,0
DA:134,0
DA:135,0
DA:138,0
DA:139,0
LF:53
LH:4
BRDA:26,0,0,0
BRDA:27,1,0,0
BRDA:31,2,0,0
BRDA:35,3,0,0
BRDA:36,4,0,0
BRDA:36,4,1,0
BRDA:36,4,2,0
BRDA:43,5,0,0
BRDA:47,6,0,0
BRDA:55,7,0,0
BRDA:59,8,0,0
BRDA:63,9,0,0
BRDA:68,10,0,0
BRDA:73,11,0,0
BRDA:78,12,0,0
BRDA:79,13,0,0
BRDA:79,13,1,0
BRDA:97,14,0,0
BRDA:97,14,1,0
BRDA:111,15,0,0
BRDA:111,15,1,0
BRDA:111,15,2,0
BRDA:111,15,3,0
BRDA:119,16,0,0
BRDA:119,17,0,0
BRDA:119,17,1,0
BRDA:120,18,0,0
BRDA:120,18,1,0
BRDA:129,19,0,0
BRDA:130,20,0,0
BRDA:130,20,1,0
BRDA:134,21,0,0
BRF:32
BRH:0
end_of_record
TN:
SF:src\observability\observability.module.ts
FNF:0
FNH:0
DA:1,0
DA:2,0
DA:3,0
DA:4,0
DA:5,0
DA:6,0
DA:7,0
DA:8,0
DA:9,0
DA:10,0
DA:39,0
LF:11
LH:0
BRF:0
BRH:0
end_of_record
TN:
SF:src\observability\request-context.interceptor.ts
FN:12,(anonymous_2)
FN:14,(anonymous_3)
FNF:2
FNH:0
FNDA:0,(anonymous_2)
FNDA:0,(anonymous_3)
DA:1,0
DA:8,0
DA:11,0
DA:12,0
DA:15,0
DA:16,0
DA:18,0
DA:29,0
LF:8
LH:0
BRDA:15,0,0,0
BRDA:19,1,0,0
BRDA:19,1,1,0
BRDA:20,2,0,0
BRDA:20,2,1,0
BRDA:22,3,0,0
BRDA:22,3,1,0
BRDA:22,3,2,0
BRDA:22,3,3,0
BRDA:12,4,0,0
BRDA:12,4,1,0
BRDA:12,5,0,0
BRDA:12,5,1,0
BRF:13
BRH:0
end_of_record
TN:
SF:src\observability\request-context.middleware.ts
FN:8,(anonymous_2)
FN:13,(anonymous_3)
FN:32,(anonymous_4)
FN:33,(anonymous_5)
FN:59,(anonymous_6)
FN:70,(anonymous_7)
FNF:6
FNH:0
FNDA:0,(anonymous_2)
FNDA:0,(anonymous_3)
FNDA:0,(anonymous_4)
FNDA:0,(anonymous_5)
FNDA:0,(anonymous_6)
FNDA:0,(anonymous_7)
DA:1,0
DA:3,0
DA:4,0
DA:7,0
DA:9,0
DA:10,0
DA:15,0
DA:18,0
DA:19,0
DA:20,0
DA:21,0
DA:27,0
DA:29,0
DA:30,0
DA:32,0
DA:33,0
DA:35,0
DA:37,0
DA:39,0
DA:55,0
DA:60,0
DA:61,0
DA:63,0
DA:64,0
DA:67,0
DA:71,0
DA:72,0
LF:27
LH:0
BRDA:15,0,0,0
BRDA:15,0,1,0
BRDA:15,0,2,0
BRDA:18,1,0,0
BRDA:18,1,1,0
BRDA:19,2,0,0
BRDA:19,2,1,0
BRDA:20,3,0,0
BRDA:20,3,1,0
BRDA:37,4,0,0
BRDA:37,4,1,0
BRDA:46,5,0,0
BRDA:46,5,1,0
BRDA:48,6,0,0
BRDA:48,6,1,0
BRDA:48,6,2,0
BRDA:48,6,3,0
BRDA:61,7,0,0
BRDA:61,7,1,0
BRDA:63,8,0,0
BRDA:64,9,0,0
BRDA:64,9,1,0
BRDA:72,10,0,0
BRDA:72,10,1,0
BRDA:72,11,0,0
BRDA:72,11,1,0
BRDA:9,12,0,0
BRDA:9,12,1,0
BRDA:9,13,0,0
BRDA:9,13,1,0
BRDA:9,14,0,0
BRDA:9,14,1,0
BRDA:9,15,0,0
BRDA:9,15,1,0
BRF:34
BRH:0
end_of_record
TN:
SF:src\observability\request-context.service.ts
FN:19,(anonymous_1)
FN:29,(anonymous_2)
FN:33,(anonymous_3)
FN:42,(anonymous_4)
FN:65,(anonymous_5)
FN:86,(anonymous_6)
FN:105,(anonymous_7)
FNF:7
FNH:0
FNDA:0,(anonymous_1)
FNDA:0,(anonymous_2)
FNDA:0,(anonymous_3)
FNDA:0,(anonymous_4)
FNDA:0,(anonymous_5)
FNDA:0,(anonymous_6)
FNDA:0,(anonymous_7)
DA:1,6
DA:2,6
DA:3,6
DA:16,6
DA:17,0
DA:20,0
DA:30,0
DA:34,0
DA:35,0
DA:36,0
DA:39,0
DA:48,0
DA:49,0
DA:51,0
DA:66,0
DA:68,0
DA:73,0
DA:91,0
DA:113,0
LF:19
LH:4
BRDA:23,0,0,0
BRDA:23,0,1,0
BRDA:30,1,0,0
BRDA:30,1,1,0
BRDA:35,2,0,0
BRDA:48,3,0,0
BRDA:48,3,1,0
BRDA:49,4,0,0
BRDA:49,4,1,0
BRDA:59,5,0,0
BRDA:59,5,1,0
BRDA:60,6,0,0
BRDA:60,6,1,0
BRDA:68,7,0,0
BRDA:68,7,1,0
BRDA:68,7,2,0
BRDA:68,7,3,0
BRDA:76,8,0,0
BRDA:76,8,1,0
BRDA:76,8,2,0
BRDA:79,9,0,0
BRDA:79,9,1,0
BRDA:79,9,2,0
BRDA:80,10,0,0
BRDA:80,10,1,0
BRDA:80,10,2,0
BRDA:81,11,0,0
BRDA:81,11,1,0
BRDA:81,11,2,0
BRDA:82,12,0,0
BRDA:82,12,1,0
BRDA:82,12,2,0
BRDA:93,13,0,0
BRDA:93,13,1,0
BRDA:94,14,0,0
BRDA:94,14,1,0
BRDA:96,15,0,0
BRDA:96,15,1,0
BRDA:97,16,0,0
BRDA:97,16,1,0
BRDA:98,17,0,0
BRDA:98,17,1,0
BRDA:98,17,2,0
BRDA:116,18,0,0
BRDA:116,18,1,0
BRDA:118,19,0,0
BRDA:118,19,1,0
BRDA:121,20,0,0
BRDA:121,20,1,0
BRF:49
BRH:0
end_of_record
TN:
SF:src\payments\payments.controller.ts
FN:11,(anonymous_4)
FN:15,(anonymous_5)
FN:25,(anonymous_6)
FNF:3
FNH:0
FNDA:0,(anonymous_4)
FNDA:0,(anonymous_5)
FNDA:0,(anonymous_6)
DA:1,0
DA:2,0
DA:3,0
DA:4,0
DA:5,0
DA:6,0
DA:10,0
DA:11,0
DA:15,0
DA:20,0
DA:25,0
DA:30,0
LF:12
LH:0
BRDA:18,0,0,0
BRDA:18,0,1,0
BRDA:18,1,0,0
BRDA:18,1,1,0
BRDA:11,2,0,0
BRDA:11,2,1,0
BRDA:11,3,0,0
BRDA:11,3,1,0
BRF:8
BRH:0
end_of_record
TN:
SF:src\payments\payments.module.ts
FNF:0
FNH:0
DA:1,0
DA:2,0
DA:3,0
DA:4,0
DA:5,0
DA:6,0
DA:14,0
LF:7
LH:0
BRF:0
BRH:0
end_of_record
TN:
SF:src\payments\payments.service.ts
FN:34,(anonymous_5)
FN:41,(anonymous_6)
FN:78,(anonymous_7)
FN:81,(anonymous_8)
FN:179,(anonymous_9)
FN:252,(anonymous_10)
FN:328,(anonymous_11)
FN:358,(anonymous_12)
FN:444,(anonymous_13)
FN:475,(anonymous_14)
FN:500,(anonymous_15)
FN:547,(anonymous_16)
FN:567,(anonymous_17)
FN:644,(anonymous_18)
FN:719,(anonymous_19)
FN:731,(anonymous_20)
FN:750,(anonymous_21)
FN:760,(anonymous_22)
FN:770,(anonymous_23)
FN:790,(anonymous_24)
FN:819,(anonymous_25)
FN:856,(anonymous_26)
FN:863,(anonymous_27)
FN:864,(anonymous_28)
FN:865,(anonymous_29)
FNF:25
FNH:22
FNDA:10,(anonymous_5)
FNDA:4,(anonymous_6)
FNDA:1,(anonymous_7)
FNDA:1,(anonymous_8)
FNDA:0,(anonymous_9)
FNDA:0,(anonymous_10)
FNDA:1,(anonymous_11)
FNDA:1,(anonymous_12)
FNDA:1,(anonymous_13)
FNDA:1,(anonymous_14)
FNDA:1,(anonymous_15)
FNDA:1,(anonymous_16)
FNDA:1,(anonymous_17)
FNDA:1,(anonymous_18)
FNDA:2,(anonymous_19)
FNDA:2,(anonymous_20)
FNDA:0,(anonymous_21)
FNDA:2,(anonymous_22)
FNDA:3,(anonymous_23)
FNDA:1,(anonymous_24)
FNDA:5,(anonymous_25)
FNDA:6,(anonymous_26)
FNDA:24,(anonymous_27)
FNDA:18,(anonymous_28)
FNDA:18,(anonymous_29)
DA:1,4
DA:8,4
DA:9,4
DA:10,4
DA:11,4
DA:13,4
DA:14,4
DA:15,4
DA:33,4
DA:35,10
DA:36,10
DA:37,10
DA:38,10
DA:46,4
DA:68,4
DA:69,0
DA:72,4
DA:73,1
DA:76,3
DA:77,3
DA:78,3
DA:79,3
DA:80,3
DA:81,1
DA:104,3
DA:107,3
DA:114,3
DA:115,1
DA:121,2
DA:122,2
DA:123,0
DA:126,2
DA:131,1
DA:136,1
DA:151,1
DA:173,1
DA:182,0
DA:183,0
DA:184,0
DA:186,0
DA:188,0
DA:220,0
DA:221,0
DA:222,0
DA:224,0
DA:227,0
DA:231,0
DA:237,0
DA:256,0
DA:257,0
DA:258,0
DA:260,0
DA:262,0
DA:296,0
DA:297,0
DA:298,0
DA:300,0
DA:303,0
DA:308,0
DA:332,1
DA:333,1
DA:335,1
DA:339,1
DA:340,0
DA:343,1
DA:351,1
DA:352,0
DA:355,1
DA:356,1
DA:358,1
DA:359,1
DA:374,1
DA:391,1
DA:392,0
DA:395,1
DA:396,1
DA:398,1
DA:407,1
DA:409,1
DA:423,1
DA:439,1
DA:440,1
DA:448,1
DA:462,1
DA:463,0
DA:466,1
DA:477,1
DA:481,1
DA:482,0
DA:485,1
DA:491,1
DA:492,0
DA:495,1
DA:496,1
DA:497,0
DA:500,1
DA:501,1
DA:510,1
DA:514,1
DA:515,0
DA:518,1
DA:519,1
DA:521,1
DA:529,1
DA:551,1
DA:555,1
DA:556,0
DA:559,1
DA:560,1
DA:561,0
DA:564,1
DA:570,1
DA:574,1
DA:575,0
DA:579,1
DA:582,1
DA:584,1
DA:585,0
DA:588,1
DA:599,1
DA:600,0
DA:604,1
DA:607,1
DA:613,1
DA:614,1
DA:638,1
DA:640,0
DA:650,1
DA:653,1
DA:655,1
DA:656,0
DA:659,1
DA:682,1
DA:683,0
DA:686,1
DA:695,1
DA:701,1
DA:720,2
DA:721,1
DA:724,1
DA:725,1
DA:728,0
DA:735,2
DA:736,0
DA:739,2
DA:740,1
DA:743,1
DA:744,1
DA:747,0
DA:753,0
DA:754,0
DA:756,0
DA:761,2
DA:763,2
DA:764,1
DA:767,1
DA:771,3
DA:772,1
DA:775,2
DA:783,2
DA:787,2
DA:795,1
DA:796,0
DA:799,1
DA:811,1
DA:812,1
DA:813,1
DA:815,0
DA:823,5
DA:824,5
DA:826,5
DA:827,0
DA:830,5
DA:833,5
DA:834,5
DA:835,1
DA:838,4
DA:842,1
DA:845,4
DA:846,0
DA:849,4
DA:850,1
DA:853,3
DA:857,6
DA:863,24
DA:864,18
DA:865,18
DA:868,6
DA:869,6
DA:870,18
DA:871,18
DA:873,0
DA:877,6
LF:193
LH:141
BRDA:68,0,0,0
BRDA:72,1,0,1
BRDA:76,2,0,3
BRDA:76,2,1,2
BRDA:77,3,0,3
BRDA:77,3,1,0
BRDA:79,4,0,3
BRDA:79,4,1,1
BRDA:80,5,0,1
BRDA:80,5,1,2
BRDA:104,6,0,3
BRDA:104,6,1,1
BRDA:114,7,0,1
BRDA:122,8,0,0
BRDA:183,9,0,0
BRDA:220,10,0,0
BRDA:220,11,0,0
BRDA:220,11,1,0
BRDA:220,11,2,0
BRDA:221,12,0,0
BRDA:243,13,0,0
BRDA:243,13,1,0
BRDA:244,14,0,0
BRDA:244,14,1,0
BRDA:245,15,0,0
BRDA:245,15,1,0
BRDA:246,16,0,0
BRDA:246,16,1,0
BRDA:257,17,0,0
BRDA:296,18,0,0
BRDA:296,19,0,0
BRDA:296,19,1,0
BRDA:297,20,0,0
BRDA:314,21,0,0
BRDA:314,21,1,0
BRDA:315,22,0,0
BRDA:315,22,1,0
BRDA:316,23,0,0
BRDA:316,23,1,0
BRDA:317,24,0,0
BRDA:317,24,1,0
BRDA:333,25,0,1
BRDA:333,25,1,0
BRDA:335,26,0,1
BRDA:335,26,1,0
BRDA:337,27,0,0
BRDA:337,27,1,0
BRDA:339,28,0,0
BRDA:339,29,0,1
BRDA:339,29,1,1
BRDA:351,30,0,0
BRDA:351,31,0,1
BRDA:351,31,1,1
BRDA:363,32,0,1
BRDA:363,32,1,0
BRDA:365,33,0,1
BRDA:365,33,1,0
BRDA:369,34,0,0
BRDA:369,34,1,1
BRDA:391,35,0,0
BRDA:403,36,0,1
BRDA:403,36,1,0
BRDA:407,37,0,1
BRDA:407,37,1,0
BRDA:429,38,0,1
BRDA:429,38,1,0
BRDA:430,39,0,1
BRDA:430,39,1,0
BRDA:434,40,0,1
BRDA:434,40,1,0
BRDA:439,41,0,1
BRDA:454,42,0,1
BRDA:454,42,1,0
BRDA:462,43,0,0
BRDA:477,44,0,1
BRDA:477,44,1,0
BRDA:479,45,0,0
BRDA:479,45,1,0
BRDA:481,46,0,0
BRDA:491,47,0,0
BRDA:495,48,0,1
BRDA:495,48,1,0
BRDA:496,49,0,0
BRDA:506,50,0,1
BRDA:506,50,1,0
BRDA:514,51,0,0
BRDA:555,52,0,0
BRDA:555,53,0,1
BRDA:555,53,1,1
BRDA:559,54,0,1
BRDA:559,54,1,0
BRDA:560,55,0,0
BRDA:560,56,0,1
BRDA:560,56,1,1
BRDA:574,57,0,0
BRDA:579,58,0,1
BRDA:579,58,1,0
BRDA:582,59,0,1
BRDA:582,59,1,0
BRDA:584,60,0,0
BRDA:584,61,0,1
BRDA:584,61,1,1
BRDA:599,62,0,0
BRDA:604,63,0,1
BRDA:604,63,1,0
BRDA:605,64,0,0
BRDA:605,64,1,0
BRDA:607,65,0,1
BRDA:607,65,1,0
BRDA:609,66,0,0
BRDA:609,66,1,0
BRDA:620,67,0,1
BRDA:620,67,1,0
BRDA:620,67,2,0
BRDA:624,68,0,1
BRDA:624,68,1,0
BRDA:628,69,0,1
BRDA:628,69,1,0
BRDA:650,70,0,1
BRDA:650,70,1,0
BRDA:653,71,0,1
BRDA:653,71,1,0
BRDA:653,71,2,0
BRDA:655,72,0,0
BRDA:655,73,0,1
BRDA:655,73,1,1
BRDA:663,74,0,1
BRDA:663,74,1,0
BRDA:682,75,0,0
BRDA:687,76,0,1
BRDA:687,76,1,0
BRDA:689,77,0,0
BRDA:689,77,1,0
BRDA:696,78,0,1
BRDA:696,78,1,0
BRDA:698,79,0,0
BRDA:698,79,1,0
BRDA:704,80,0,1
BRDA:704,80,1,0
BRDA:705,81,0,1
BRDA:705,81,1,0
BRDA:705,81,2,0
BRDA:707,82,0,1
BRDA:707,82,1,0
BRDA:708,83,0,1
BRDA:708,83,1,0
BRDA:709,84,0,1
BRDA:709,84,1,0
BRDA:720,85,0,1
BRDA:724,86,0,1
BRDA:735,87,0,0
BRDA:739,88,0,1
BRDA:743,89,0,1
BRDA:763,90,0,1
BRDA:771,91,0,1
BRDA:783,92,0,0
BRDA:783,92,1,2
BRDA:787,93,0,2
BRDA:787,93,1,0
BRDA:795,94,0,0
BRDA:823,95,0,5
BRDA:823,95,1,0
BRDA:826,96,0,0
BRDA:834,97,0,1
BRDA:838,98,0,1
BRDA:838,98,1,3
BRDA:845,99,0,0
BRDA:849,100,0,1
BRDA:863,101,0,24
BRDA:863,101,1,18
BRDA:35,102,0,4
BRDA:35,102,1,0
BRDA:35,103,0,4
BRDA:35,103,1,4
BRDA:35,104,0,4
BRDA:35,104,1,0
BRDA:35,105,0,4
BRDA:35,105,1,4
BRDA:36,106,0,4
BRDA:36,106,1,0
BRDA:36,107,0,4
BRDA:36,107,1,4
BRDA:37,108,0,4
BRDA:37,108,1,0
BRDA:37,109,0,4
BRDA:37,109,1,4
BRF:186
BRH:83
end_of_record
TN:
SF:src\payments\dto\create-checkout.dto.ts
FNF:0
FNH:0
DA:1,0
DA:3,0
DA:5,0
DA:9,0
DA:13,0
DA:17,0
LF:6
LH:0
BRF:0
BRH:0
end_of_record
TN:
SF:src\prisma\prisma.module.ts
FNF:0
FNH:0
DA:1,0
DA:2,0
DA:9,0
LF:3
LH:0
BRF:0
BRH:0
end_of_record
TN:
SF:src\prisma\prisma.service.ts
FN:6,(anonymous_1)
FN:11,(anonymous_2)
FN:15,(anonymous_3)
FN:16,(anonymous_4)
FN:17,(anonymous_5)
FNF:5
FNH:0
FNDA:0,(anonymous_1)
FNDA:0,(anonymous_2)
FNDA:0,(anonymous_3)
FNDA:0,(anonymous_4)
FNDA:0,(anonymous_5)
DA:1,13
DA:2,13
DA:5,13
DA:7,0
DA:8,0
DA:12,0
DA:16,0
DA:17,0
DA:18,0
DA:19,0
LF:10
LH:3
BRF:0
BRH:0
end_of_record
TN:
SF:src\public-booking\public-booking.controller.ts
FN:12,(anonymous_4)
FN:18,(anonymous_5)
FN:27,(anonymous_6)
FN:36,(anonymous_7)
FN:43,(anonymous_8)
FN:51,(anonymous_9)
FN:57,(anonymous_10)
FN:66,(anonymous_11)
FNF:8
FNH:0
FNDA:0,(anonymous_4)
FNDA:0,(anonymous_5)
FNDA:0,(anonymous_6)
FNDA:0,(anonymous_7)
FNDA:0,(anonymous_8)
FNDA:0,(anonymous_9)
FNDA:0,(anonymous_10)
FNDA:0,(anonymous_11)
DA:1,0
DA:2,0
DA:3,0
DA:4,0
DA:5,0
DA:6,0
DA:7,0
DA:11,0
DA:12,0
DA:13,0
DA:18,0
DA:22,0
DA:27,0
DA:31,0
DA:36,0
DA:37,0
DA:43,0
DA:47,0
DA:51,0
DA:52,0
DA:57,0
DA:62,0
DA:66,0
DA:67,0
LF:24
LH:0
BRDA:29,0,0,0
BRDA:29,0,1,0
BRDA:29,1,0,0
BRDA:29,1,1,0
BRDA:45,2,0,0
BRDA:45,2,1,0
BRDA:45,3,0,0
BRDA:45,3,1,0
BRDA:60,4,0,0
BRDA:60,4,1,0
BRDA:60,5,0,0
BRDA:60,5,1,0
BRDA:12,6,0,0
BRDA:12,6,1,0
BRDA:12,7,0,0
BRDA:12,7,1,0
BRDA:12,8,0,0
BRDA:12,8,1,0
BRDA:12,9,0,0
BRDA:12,9,1,0
BRF:20
BRH:0
end_of_record
TN:
SF:src\public-booking\public-booking.module.ts
FNF:0
FNH:0
DA:1,0
DA:2,0
DA:3,0
DA:4,0
DA:5,0
DA:6,0
DA:7,0
DA:8,0
DA:9,0
DA:17,0
LF:10
LH:0
BRF:0
BRH:0
end_of_record
TN:
SF:src\public-booking\public-booking.service.ts
FN:25,(anonymous_4)
FN:36,(anonymous_5)
FN:72,(anonymous_6)
FN:100,(anonymous_7)
FN:110,(anonymous_8)
FN:111,(anonymous_9)
FN:116,(anonymous_10)
FN:119,(anonymous_11)
FN:149,(anonymous_12)
FN:151,(anonymous_13)
FN:247,(anonymous_14)
FN:398,(anonymous_15)
FN:432,(anonymous_16)
FN:474,(anonymous_17)
FN:521,(anonymous_18)
FN:546,(anonymous_19)
FN:565,(anonymous_20)
FN:615,(anonymous_21)
FN:656,(anonymous_22)
FN:666,(anonymous_23)
FN:679,(anonymous_24)
FNF:21
FNH:21
FNDA:10,(anonymous_4)
FNDA:1,(anonymous_5)
FNDA:2,(anonymous_6)
FNDA:2,(anonymous_7)
FNDA:2,(anonymous_8)
FNDA:3,(anonymous_9)
FNDA:1,(anonymous_10)
FNDA:4,(anonymous_11)
FNDA:4,(anonymous_12)
FNDA:4,(anonymous_13)
FNDA:1,(anonymous_14)
FNDA:1,(anonymous_15)
FNDA:1,(anonymous_16)
FNDA:1,(anonymous_17)
FNDA:4,(anonymous_18)
FNDA:2,(anonymous_19)
FNDA:4,(anonymous_20)
FNDA:2,(anonymous_21)
FNDA:4,(anonymous_22)
FNDA:5,(anonymous_23)
FNDA:4,(anonymous_24)
DA:1,1
DA:8,1
DA:9,1
DA:10,1
DA:11,1
DA:12,1
DA:13,1
DA:14,1
DA:15,1
DA:16,1
DA:17,1
DA:18,1
DA:21,1
DA:24,1
DA:26,10
DA:27,10
DA:28,10
DA:29,10
DA:30,10
DA:31,10
DA:33,10
DA:37,1
DA:41,1
DA:43,1
DA:59,1
DA:61,1
DA:73,2
DA:74,2
DA:75,2
DA:76,1
DA:79,1
DA:83,1
DA:85,1
DA:86,1
DA:87,1
DA:88,1
DA:89,2
DA:95,2
DA:96,2
DA:99,1
DA:101,2
DA:109,1
DA:110,2
DA:112,3
DA:113,3
DA:114,3
DA:116,1
DA:120,4
DA:121,4
DA:123,4
DA:141,4
DA:142,4
DA:144,4
DA:145,4
DA:146,4
DA:147,4
DA:149,4
DA:150,4
DA:152,4
DA:154,4
DA:163,4
DA:164,1
DA:168,3
DA:169,3
DA:170,3
DA:175,3
DA:176,1
DA:177,1
DA:187,2
DA:198,2
DA:199,2
DA:202,0
DA:213,0
DA:214,0
DA:217,3
DA:218,3
DA:219,3
DA:221,3
DA:244,3
DA:246,2
DA:247,1
DA:249,2
DA:250,1
DA:253,1
DA:272,1
DA:273,1
DA:285,0
DA:298,1
DA:299,1
DA:307,1
[...]
BRDA:303,32,0,4
BRDA:303,32,1,1
BRDA:306,33,0,0
BRDA:310,34,0,1
BRDA:310,35,0,5
BRDA:310,35,1,2
BRDA:326,36,0,0
BRDA:327,37,0,0
BRDA:327,37,1,0
BRDA:332,38,0,0
BRDA:341,39,0,2
BRDA:342,40,0,3
BRDA:342,40,1,1
BRDA:359,41,0,1
BRDA:359,42,0,3
BRDA:359,42,1,1
BRDA:364,43,0,1
BRDA:406,44,0,1
BRDA:406,44,1,1
BRDA:411,45,0,2
BRDA:411,45,1,1
BRDA:416,46,0,2
BRDA:417,47,0,2
BRDA:417,47,1,0
BRDA:417,47,2,0
BRDA:419,48,0,2
BRDA:419,48,1,0
BRDA:419,48,2,0
BRDA:444,49,0,1
BRDA:472,50,0,1
BRDA:492,51,0,1
BRDA:493,52,0,1
BRDA:493,53,0,15
BRDA:493,53,1,1
BRDA:508,54,0,6
BRDA:512,55,0,6
BRDA:512,55,1,5
BRDA:514,56,0,2
BRDA:514,56,1,1
BRDA:514,56,2,0
BRDA:515,57,0,2
BRDA:529,58,0,1
BRDA:533,59,0,2
BRDA:534,60,0,2
BRDA:534,60,1,0
BRDA:547,61,0,1
BRDA:560,62,0,0
BRDA:575,63,0,0
BRDA:582,64,0,4
BRDA:582,64,1,0
BRDA:599,65,0,1
BRDA:610,66,0,0
BRDA:621,67,0,1
BRDA:21,68,0,2
BRDA:21,68,1,0
BRDA:21,69,0,2
BRDA:21,69,1,2
BRDA:21,70,0,2
BRDA:21,70,1,0
BRDA:21,71,0,2
BRDA:21,71,1,2
BRDA:22,72,0,2
BRDA:22,72,1,0
BRDA:22,73,0,2
BRDA:22,73,1,2
BRDA:23,74,0,2
BRDA:23,74,1,0
BRDA:23,75,0,2
BRDA:23,75,1,2
BRF:117
BRH:90
end_of_record
TN:
SF:src\settings\settings.controller.ts
FN:33,(anonymous_4)
FN:36,(anonymous_5)
FN:48,(anonymous_6)
FN:64,(anonymous_7)
FN:80,(anonymous_8)
FN:96,(anonymous_9)
FNF:6
FNH:0
FNDA:0,(anonymous_4)
FNDA:0,(anonymous_5)
FNDA:0,(anonymous_6)
FNDA:0,(anonymous_7)
FNDA:0,(anonymous_8)
FNDA:0,(anonymous_9)
DA:1,0
DA:15,0
DA:16,0
DA:17,0
DA:18,0
DA:19,0
DA:20,0
DA:32,0
DA:33,0
DA:36,0
DA:37,0
DA:38,0
DA:40,0
DA:48,0
DA:52,0
DA:53,0
DA:55,0
DA:64,0
DA:68,0
DA:69,0
DA:71,0
DA:80,0
DA:84,0
DA:85,0
DA:87,0
DA:96,0
DA:101,0
DA:102,0
DA:104,0
LF:29
LH:0
BRDA:38,0,0,0
BRDA:53,1,0,0
BRDA:69,2,0,0
BRDA:85,3,0,0
BRDA:102,4,0,0
BRDA:36,5,0,0
BRDA:36,5,1,0
BRDA:36,6,0,0
BRDA:36,6,1,0
BRDA:49,7,0,0
BRDA:49,7,1,0
BRDA:49,8,0,0
BRDA:49,8,1,0
BRDA:49,9,0,0
BRDA:49,9,1,0
BRDA:49,10,0,0
BRDA:49,10,1,0
BRDA:65,11,0,0
BRDA:65,11,1,0
BRDA:65,12,0,0
BRDA:65,12,1,0
BRDA:65,13,0,0
BRDA:65,13,1,0
BRDA:65,14,0,0
BRDA:65,14,1,0
BRDA:81,15,0,0
BRDA:81,15,1,0
BRDA:81,16,0,0
BRDA:81,16,1,0
BRDA:81,17,0,0
BRDA:81,17,1,0
BRDA:81,18,0,0
BRDA:81,18,1,0
BRDA:97,19,0,0
BRDA:97,19,1,0
BRDA:97,20,0,0
BRDA:97,20,1,0
BRDA:97,21,0,0
BRDA:97,21,1,0
BRDA:97,22,0,0
BRDA:97,22,1,0
BRDA:33,23,0,0
BRDA:33,23,1,0
BRDA:33,24,0,0
BRDA:33,24,1,0
BRF:45
BRH:0
end_of_record
TN:
SF:src\settings\settings.module.ts
FNF:0
FNH:0
DA:1,0
DA:2,0
DA:3,0
DA:4,0
DA:11,0
LF:5
LH:0
BRF:0
BRH:0
end_of_record
TN:
SF:src\settings\settings.service.ts
FN:19,(anonymous_2)
FN:24,(anonymous_3)
FN:52,(anonymous_4)
FN:138,(anonymous_5)
FN:192,(anonymous_6)
FN:202,(anonymous_7)
FN:261,(anonymous_8)
FN:398,(anonymous_9)
FN:414,(anonymous_10)
FN:439,(anonymous_11)
FN:444,(anonymous_12)
FN:449,(anonymous_13)
FN:462,(anonymous_14)
FNF:13
FNH:13
FNDA:8,(anonymous_2)
FNDA:2,(anonymous_3)
FNDA:2,(anonymous_4)
FNDA:1,(anonymous_5)
FNDA:1,(anonymous_6)
FNDA:1,(anonymous_7)
FNDA:2,(anonymous_8)
FNDA:1,(anonymous_9)
FNDA:2,(anonymous_10)
FNDA:1,(anonymous_11)
FNDA:1,(anonymous_12)
FNDA:2,(anonymous_13)
FNDA:8,(anonymous_14)
DA:1,1
DA:8,1
DA:9,1
DA:10,1
DA:15,1
DA:18,1
DA:20,8
DA:21,8
DA:29,2
DA:31,2
DA:45,2
DA:46,1
DA:49,1
DA:58,2
DA:60,2
DA:73,2
DA:74,0
DA:77,2
DA:79,2
DA:80,1
DA:81,1
DA:82,0
DA:84,1
DA:87,2
DA:88,0
DA:89,0
DA:90,0
DA:92,0
DA:95,2
DA:96,2
DA:99,2
DA:100,2
DA:105,1
DA:125,1
DA:126,1
DA:128,0
DA:131,1
DA:144,1
DA:146,1
DA:147,1
DA:148,1
DA:149,1
DA:151,1
DA:162,1
DA:191,1
DA:192,1
DA:208,1
DA:210,1
DA:211,1
DA:212,0
DA:215,1
DA:244,1
DA:258,1
DA:268,2
DA:270,2
DA:295,2
DA:296,0
DA:299,2
DA:301,2
DA:302,1
DA:303,1
DA:304,1
DA:306,0
DA:309,1
DA:310,0
DA:313,1
DA:314,0
DA:317,1
DA:318,0
DA:321,1
DA:322,1
DA:323,0
DA:326,1
DA:328,1
DA:329,0
DA:332,1
DA:333,1
DA:336,0
DA:347,0
DA:371,0
DA:395,0
DA:405,1
DA:427,2
DA:440,1
DA:441,1
DA:445,1
DA:446,1
DA:450,2
DA:459,2
DA:463,8
DA:464,0
DA:467,8
DA:468,0
DA:471,8
DA:482,8
DA:483,0
DA:486,8
LF:97
LH:75
BRDA:45,0,0,1
BRDA:73,1,0,0
BRDA:79,2,0,1
BRDA:81,3,0,0
BRDA:87,4,0,0
BRDA:89,5,0,0
BRDA:95,6,0,2
BRDA:125,7,0,1
BRDA:125,8,0,1
BRDA:125,8,1,1
BRDA:147,9,0,1
BRDA:147,9,1,0
BRDA:148,10,0,1
BRDA:148,10,1,0
BRDA:153,11,0,1
BRDA:153,11,1,0
BRDA:211,12,0,0
BRDA:221,13,0,1
BRDA:221,13,1,1
BRDA:295,14,0,0
BRDA:301,15,0,1
BRDA:303,16,0,1
BRDA:309,17,0,0
BRDA:313,18,0,0
BRDA:317,19,0,0
BRDA:321,20,0,1
BRDA:322,21,0,0
BRDA:322,22,0,1
BRDA:322,22,1,1
BRDA:326,23,0,1
BRDA:326,23,1,0
BRDA:328,24,0,0
BRDA:332,25,0,1
BRDA:332,26,0,1
BRDA:332,26,1,1
BRDA:383,27,0,0
BRDA:383,27,1,0
BRDA:390,28,0,0
BRDA:390,28,1,0
BRDA:433,29,0,2
BRDA:433,29,1,1
BRDA:434,30,0,2
BRDA:434,30,1,1
BRDA:440,31,0,1
BRDA:440,31,1,0
BRDA:441,32,0,1
BRDA:441,32,1,0
BRDA:445,33,0,1
BRDA:445,33,1,0
BRDA:446,34,0,1
BRDA:446,34,1,0
BRDA:450,35,0,2
BRDA:450,35,1,0
BRDA:459,36,0,2
BRDA:459,36,1,0
BRDA:463,37,0,0
BRDA:467,38,0,0
BRDA:482,39,0,0
BRDA:20,40,0,1
BRDA:20,40,1,0
BRDA:20,41,0,1
BRDA:20,41,1,1
BRDA:20,42,0,1
BRDA:20,42,1,0
BRDA:20,43,0,1
BRDA:20,43,1,1
BRF:66
BRH:36
end_of_record
TN:
SF:src\settings\dto\create-settings-worker.dto.ts
FNF:0
FNH:0
DA:1,0
DA:3,0
DA:6,0
DA:11,0
DA:16,0
DA:20,0
LF:6
LH:0
BRF:0
BRH:0
end_of_record
TN:
SF:src\settings\dto\list-settings-workers.dto.ts
FN:6,(anonymous_2)
FN:11,(anonymous_3)
FN:17,(anonymous_4)
FNF:3
FNH:0
FNDA:0,(anonymous_2)
FNDA:0,(anonymous_3)
FNDA:0,(anonymous_4)
DA:1,0
DA:2,0
DA:4,0
DA:6,0
DA:8,0
DA:11,0
DA:14,0
DA:17,0
DA:21,0
LF:9
LH:0
BRDA:6,0,0,0
BRDA:6,0,1,0
BRF:2
BRH:0
end_of_record
TN:
SF:src\settings\dto\update-company-settings.dto.ts
FNF:0
FNH:0
DA:1,0
DA:3,0
DA:7,0
DA:12,0
DA:17,0
LF:5
LH:0
BRF:0
BRH:0
end_of_record
TN:
SF:src\settings\dto\update-settings-worker.dto.ts
FNF:0
FNH:0
DA:1,0
DA:3,0
DA:7,0
DA:12,0
DA:17,0
DA:21,0
DA:26,0
LF:7
LH:0
BRF:0
BRH:0
end_of_record
TN:
SF:src\slots\intervals.ts
FN:5,mergeIntervals
FN:7,(anonymous_1)
FN:23,subtractIntervals
FN:26,(anonymous_3)
FN:52,unionIntervals
FN:56,sameOrAfter
FN:60,strictlyInside
FN:68,expandDailyWindows
FN:106,applyExceptions
FN:111,(anonymous_9)
FN:111,(anonymous_10)
FN:112,(anonymous_11)
FN:112,(anonymous_12)
FN:121,snapToSlots
FNF:14
FNH:7
FNDA:6,mergeIntervals
FNDA:4,(anonymous_1)
FNDA:4,subtractIntervals
FNDA:0,(anonymous_3)
FNDA:1,unionIntervals
FNDA:0,sameOrAfter
FNDA:0,strictlyInside
FNDA:1,expandDailyWindows
FNDA:1,applyExceptions
FNDA:0,(anonymous_9)
FNDA:0,(anonymous_10)
FNDA:0,(anonymous_11)
FNDA:0,(anonymous_12)
FNDA:2,snapToSlots
DA:1,4
DA:5,4
DA:6,6
DA:7,4
DA:8,4
DA:9,4
DA:10,4
DA:11,4
DA:12,4
DA:13,3
DA:15,1
DA:16,1
DA:19,4
DA:20,4
DA:23,4
DA:24,4
DA:25,2
DA:26,2
DA:28,2
DA:29,2
DA:30,2
DA:31,2
DA:32,2
DA:33,2
DA:34,2
DA:35,2
DA:36,2
DA:37,2
DA:38,1
DA:40,1
DA:41,1
DA:44,2
DA:45,2
DA:47,2
DA:49,2
DA:52,4
DA:53,1
DA:56,4
DA:57,0
DA:60,4
DA:61,0
DA:68,4
DA:74,1
DA:75,1
DA:76,1
DA:78,1
DA:79,1
DA:80,1
DA:81,1
DA:84,1
DA:85,1
DA:86,1
DA:87,1
DA:88,0
DA:89,0
DA:90,0
DA:91,0
DA:92,0
DA:93,0
DA:96,1
DA:98,1
DA:106,4
DA:111,1
DA:112,1
DA:113,1
DA:114,1
DA:115,1
DA:121,4
DA:126,2
DA:127,2
DA:128,2
DA:130,2
DA:131,1
DA:132,1
DA:133,1
DA:134,1
DA:135,3
DA:138,2
LF:78
LH:70
BRDA:6,0,0,2
BRDA:12,1,0,3
BRDA:12,1,1,1
BRDA:13,2,0,3
BRDA:24,3,0,2
BRDA:24,4,0,4
BRDA:24,4,1,2
BRDA:37,5,0,1
BRDA:37,5,1,1
BRDA:37,6,0,2
BRDA:37,6,1,2
BRDA:40,7,0,1
BRDA:41,8,0,1
BRDA:45,9,0,0
BRDA:61,10,0,0
BRDA:61,10,1,0
BRDA:80,11,0,1
BRDA:86,12,0,1
BRDA:86,12,1,1
BRDA:92,13,0,0
BRDA:114,14,0,0
BRF:21
BRH:16
end_of_record
TN:
SF:src\slots\slots.controller.ts
FN:23,(anonymous_4)
FN:26,(anonymous_5)
FN:53,(anonymous_6)
FN:67,(anonymous_7)
FN:84,(anonymous_8)
FN:87,(anonymous_9)
FN:114,(anonymous_10)
FNF:7
FNH:0
FNDA:0,(anonymous_4)
FNDA:0,(anonymous_5)
FNDA:0,(anonymous_6)
FNDA:0,(anonymous_7)
FNDA:0,(anonymous_8)
FNDA:0,(anonymous_9)
FNDA:0,(anonymous_10)
DA:1,0
DA:9,0
DA:11,0
DA:12,0
DA:13,0
DA:22,0
DA:23,0
DA:26,0
DA:30,0
DA:31,0
DA:33,0
DA:34,0
DA:35,0
DA:37,0
DA:38,0
DA:41,0
DA:43,0
DA:53,0
DA:57,0
DA:59,0
DA:68,0
DA:70,0
DA:74,0
DA:77,0
DA:83,0
DA:84,0
DA:87,0
DA:88,0
DA:89,0
DA:91,0
DA:94,0
DA:95,0
DA:96,0
DA:104,0
DA:106,0
DA:115,0
DA:116,0
DA:117,0
DA:119,0
LF:39
LH:0
BRDA:37,0,0,0
BRDA:68,1,0,0
BRDA:68,1,1,0
BRDA:70,2,0,0
BRDA:71,3,0,0
BRDA:71,3,1,0
BRDA:71,3,2,0
BRDA:71,3,3,0
BRDA:28,4,0,0
BRDA:28,4,1,0
BRDA:28,5,0,0
BRDA:28,5,1,0
BRDA:55,6,0,0
BRDA:55,6,1,0
BRDA:55,7,0,0
BRDA:55,7,1,0
BRDA:23,8,0,0
BRDA:23,8,1,0
BRDA:23,9,0,0
BRDA:23,9,1,0
BRDA:88,10,0,0
BRDA:89,11,0,0
BRDA:94,12,0,0
BRDA:95,13,0,0
BRDA:104,14,0,0
BRDA:115,15,0,0
BRDA:115,15,1,0
BRDA:116,16,0,0
BRDA:116,17,0,0
BRDA:116,17,1,0
BRDA:116,17,2,0
BRDA:116,17,3,0
BRDA:87,18,0,0
BRDA:87,18,1,0
BRDA:87,19,0,0
BRDA:87,19,1,0
BRDA:84,20,0,0
BRDA:84,20,1,0
BRDA:84,21,0,0
BRDA:84,21,1,0
BRF:40
BRH:0
end_of_record
TN:
SF:src\slots\slots.module.ts
FNF:0
FNH:0
DA:1,0
DA:2,0
DA:3,0
DA:4,0
DA:11,0
LF:5
LH:0
BRF:0
BRH:0
end_of_record
TN:
SF:src\slots\slots.service.ts
FN:53,(anonymous_2)
FN:66,(anonymous_3)
FN:128,(anonymous_4)
FN:163,(anonymous_5)
FN:164,(anonymous_6)
FN:179,(anonymous_7)
FN:192,(anonymous_8)
FN:221,(anonymous_9)
FN:224,(anonymous_10)
FN:280,(anonymous_11)
FN:283,(anonymous_12)
FN:330,(anonymous_13)
FN:360,(anonymous_14)
FN:412,(anonymous_15)
FN:424,(anonymous_16)
FN:431,(anonymous_17)
FN:438,(anonymous_18)
FN:439,(anonymous_19)
FN:442,(anonymous_20)
FN:447,(anonymous_21)
FN:454,(anonymous_22)
FN:458,(anonymous_23)
FN:464,(anonymous_24)
FN:470,(anonymous_25)
FN:476,(anonymous_26)
FNF:25
FNH:9
FNDA:1,(anonymous_2)
FNDA:0,(anonymous_3)
FNDA:0,(anonymous_4)
FNDA:0,(anonymous_5)
FNDA:0,(anonymous_6)
FNDA:0,(anonymous_7)
FNDA:0,(anonymous_8)
FNDA:0,(anonymous_9)
FNDA:0,(anonymous_10)
FNDA:0,(anonymous_11)
FNDA:1,(anonymous_12)
FNDA:0,(anonymous_13)
FNDA:1,(anonymous_14)
FNDA:1,(anonymous_15)
FNDA:0,(anonymous_16)
FNDA:1,(anonymous_17)
FNDA:0,(anonymous_18)
FNDA:0,(anonymous_19)
FNDA:0,(anonymous_20)
FNDA:0,(anonymous_21)
FNDA:2,(anonymous_22)
FNDA:1,(anonymous_23)
FNDA:1,(anonymous_24)
FNDA:1,(anonymous_25)
FNDA:0,(anonymous_26)
DA:1,3
DA:2,3
DA:3,3
DA:4,3
DA:11,3
DA:52,3
DA:53,1
DA:55,1
DA:56,1
DA:57,1
DA:58,1
DA:60,1
DA:75,0
DA:77,0
DA:88,0
DA:89,0
DA:90,0
DA:93,0
DA:94,0
DA:95,0
DA:96,0
DA:98,0
DA:115,0
DA:116,0
DA:127,0
DA:129,0
DA:140,0
DA:144,0
DA:146,0
DA:147,0
DA:148,0
DA:149,0
DA:150,0
DA:152,0
DA:153,0
DA:154,0
DA:155,0
DA:157,0
DA:162,0
DA:163,0
DA:165,0
DA:170,0
DA:171,0
DA:173,0
DA:179,0
DA:181,0
DA:201,0
DA:203,0
DA:204,0
DA:207,0
DA:211,0
DA:213,0
DA:214,0
DA:215,0
DA:217,0
DA:218,0
DA:219,0
DA:221,0
DA:235,0
DA:237,0
DA:238,0
DA:241,0
DA:252,0
DA:253,0
DA:255,0
DA:256,0
DA:257,0
DA:258,0
DA:260,0
DA:261,0
DA:262,0
DA:264,0
DA:265,0
DA:278,0
DA:279,0
DA:280,0
DA:284,1
DA:285,1
DA:287,1
DA:298,1
DA:299,1
DA:300,1
DA:302,1
DA:303,1
DA:304,1
DA:306,1
DA:318,1
DA:339,0
DA:343,0
DA:345,0
DA:346,0
DA:348,0
DA:380,1
DA:382,1
DA:406,1
DA:412,1
DA:419,1
DA:424,0
DA:431,1
DA:436,1
DA:437,1
DA:438,0
DA:439,0
DA:447,0
DA:448,0
DA:455,2
DA:459,1
DA:460,0
DA:465,1
DA:466,1
DA:467,1
DA:471,1
DA:472,1
DA:473,1
DA:477,0
DA:478,0
DA:480,0
DA:481,0
DA:482,0
LF:119
LH:39
BRDA:73,0,0,0
BRDA:88,1,0,0
BRDA:89,2,0,0
BRDA:89,3,0,0
BRDA:89,3,1,0
BRDA:93,4,0,0
BRDA:93,4,1,0
BRDA:115,5,0,0
BRDA:150,6,0,0
BRDA:150,7,0,0
BRDA:150,7,1,0
BRDA:154,8,0,0
BRDA:154,8,1,0
BRDA:171,9,0,0
BRDA:199,10,0,0
BRDA:203,11,0,0
BRDA:203,12,0,0
BRDA:203,12,1,0
BRDA:203,12,2,0
BRDA:211,13,0,0
BRDA:213,14,0,0
BRDA:213,14,1,0
BRDA:215,15,0,0
BRDA:221,16,0,0
BRDA:221,16,1,0
BRDA:233,17,0,0
BRDA:235,18,0,0
BRDA:237,19,0,0
BRDA:237,20,0,0
BRDA:237,20,1,0
BRDA:237,20,2,0
BRDA:252,21,0,0
BRDA:252,22,0,0
BRDA:252,22,1,0
BRDA:253,23,0,0
BRDA:253,24,0,0
BRDA:253,24,1,0
BRDA:255,25,0,0
BRDA:255,25,1,0
BRDA:258,26,0,0
BRDA:262,27,0,0
BRDA:280,28,0,0
BRDA:280,28,1,0
BRDA:283,29,0,1
BRDA:298,30,0,0
BRDA:299,31,0,0
BRDA:300,32,0,0
BRDA:302,33,0,1
BRDA:302,33,1,0
BRDA:337,34,0,0
BRDA:343,35,0,0
BRDA:345,36,0,0
BRDA:345,36,1,0
BRDA:379,37,0,1
BRDA:406,38,0,0
BRDA:406,38,1,1
BRDA:419,39,0,0
BRDA:419,39,1,1
BRDA:425,40,0,0
BRDA:425,40,1,0
BRDA:448,41,0,0
BRDA:448,41,1,0
BRDA:448,42,0,0
BRDA:448,42,1,0
BRDA:455,43,0,2
BRDA:455,43,1,2
BRDA:459,44,0,0
BRDA:459,45,0,1
BRDA:459,45,1,1
BRDA:459,45,2,1
BRDA:466,46,0,0
BRDA:466,47,0,1
BRDA:466,47,1,1
BRDA:471,48,0,1
BRDA:471,48,1,1
BRDA:478,49,0,0
BRDA:53,50,0,3
BRDA:53,50,1,0
BRDA:53,51,0,3
BRDA:53,51,1,3
BRF:80
BRH:17
end_of_record
TN:
SF:src\slots\dto\get-worker-slot.dto.ts
FN:5,(anonymous_2)
FN:11,(anonymous_3)
FN:19,(anonymous_4)
FN:24,(anonymous_5)
FNF:4
FNH:0
FNDA:0,(anonymous_2)
FNDA:0,(anonymous_3)
FNDA:0,(anonymous_4)
FNDA:0,(anonymous_5)
DA:1,0
DA:2,0
DA:6,0
DA:7,0
DA:8,0
DA:9,0
DA:12,0
DA:13,0
DA:17,0
DA:19,0
DA:20,0
DA:24,0
DA:25,0
DA:28,0
DA:32,0
DA:35,0
DA:37,0
DA:40,0
DA:44,0
DA:47,0
DA:49,0
DA:52,0
DA:56,0
DA:60,0
DA:64,0
LF:25
LH:0
BRDA:9,0,0,0
BRDA:9,0,1,0
BRDA:9,0,2,0
BRF:3
BRH:0
end_of_record
TN:
SF:src\stripe\stripe.module.ts
FN:9,(anonymous_2)
FNF:1
FNH:0
FNDA:0,(anonymous_2)
DA:1,0
DA:2,0
DA:10,0
DA:19,0
LF:4
LH:0
BRF:0
BRH:0
end_of_record
TN:
SF:src\tasks\tasks.controller.ts
FN:35,(anonymous_4)
FN:38,(anonymous_5)
FN:54,(anonymous_6)
FN:67,(anonymous_7)
FN:83,(anonymous_8)
FN:101,(anonymous_9)
FNF:6
FNH:0
FNDA:0,(anonymous_4)
FNDA:0,(anonymous_5)
FNDA:0,(anonymous_6)
FNDA:0,(anonymous_7)
FNDA:0,(anonymous_8)
FNDA:0,(anonymous_9)
DA:1,0
DA:18,0
DA:19,0
DA:20,0
DA:21,0
DA:22,0
DA:34,0
DA:35,0
DA:38,0
DA:42,0
DA:43,0
DA:45,0
DA:54,0
DA:55,0
DA:56,0
DA:58,0
DA:67,0
DA:71,0
DA:72,0
DA:74,0
DA:83,0
DA:88,0
DA:89,0
DA:91,0
DA:101,0
DA:102,0
DA:103,0
DA:105,0
DA:112,0
LF:29
LH:0
BRDA:43,0,0,0
BRDA:56,1,0,0
BRDA:72,2,0,0
BRDA:89,3,0,0
BRDA:103,4,0,0
BRDA:39,5,0,0
BRDA:39,5,1,0
BRDA:39,6,0,0
BRDA:39,6,1,0
BRDA:39,7,0,0
BRDA:39,7,1,0
BRDA:39,8,0,0
BRDA:39,8,1,0
BRDA:54,9,0,0
BRDA:54,9,1,0
BRDA:54,10,0,0
BRDA:54,10,1,0
BRDA:68,11,0,0
BRDA:68,11,1,0
BRDA:68,12,0,0
BRDA:68,12,1,0
BRDA:68,13,0,0
BRDA:68,13,1,0
BRDA:68,14,0,0
BRDA:68,14,1,0
BRDA:84,15,0,0
BRDA:84,15,1,0
BRDA:84,16,0,0
BRDA:84,16,1,0
BRDA:84,17,0,0
BRDA:84,17,1,0
BRDA:84,18,0,0
BRDA:84,18,1,0
BRDA:101,19,0,0
BRDA:101,19,1,0
BRDA:101,20,0,0
BRDA:101,20,1,0
BRDA:35,21,0,0
BRDA:35,21,1,0
BRDA:35,22,0,0
BRDA:35,22,1,0
BRF:41
BRH:0
end_of_record
TN:
SF:src\tasks\tasks.module.ts
FNF:0
FNH:0
DA:1,0
DA:2,0
DA:3,0
DA:4,0
DA:12,0
LF:5
LH:0
BRF:0
BRH:0
end_of_record
TN:
SF:src\tasks\tasks.service.ts
FN:39,(anonymous_2)
FN:44,(anonymous_3)
FN:105,(anonymous_4)
FN:109,(anonymous_5)
FN:130,(anonymous_6)
FN:143,(anonymous_7)
FN:158,(anonymous_8)
FN:184,(anonymous_9)
FN:230,(anonymous_10)
FN:240,(anonymous_11)
FN:269,(anonymous_12)
FN:301,(anonymous_13)
FN:318,(anonymous_14)
FN:320,(anonymous_15)
FN:324,(anonymous_16)
FN:337,(anonymous_17)
FN:344,(anonymous_18)
FN:352,(anonymous_19)
FN:357,(anonymous_20)
FN:365,(anonymous_21)
FN:376,(anonymous_22)
FN:395,(anonymous_23)
FN:415,(anonymous_24)
FN:421,(anonymous_25)
FN:434,(anonymous_26)
FNF:25
FNH:23
FNDA:7,(anonymous_2)
FNDA:2,(anonymous_3)
FNDA:1,(anonymous_4)
FNDA:0,(anonymous_5)
FNDA:3,(anonymous_6)
FNDA:1,(anonymous_7)
FNDA:2,(anonymous_8)
FNDA:1,(anonymous_9)
FNDA:1,(anonymous_10)
FNDA:0,(anonymous_11)
FNDA:1,(anonymous_12)
FNDA:4,(anonymous_13)
FNDA:3,(anonymous_14)
FNDA:5,(anonymous_15)
FNDA:2,(anonymous_16)
FNDA:5,(anonymous_17)
FNDA:1,(anonymous_18)
FNDA:1,(anonymous_19)
FNDA:4,(anonymous_20)
FNDA:2,(anonymous_21)
FNDA:1,(anonymous_22)
FNDA:1,(anonymous_23)
FNDA:5,(anonymous_24)
FNDA:3,(anonymous_25)
FNDA:7,(anonymous_26)
DA:1,1
DA:8,1
DA:9,1
DA:10,1
DA:38,1
DA:40,7
DA:41,7
DA:50,2
DA:51,2
DA:55,2
DA:56,0
DA:61,2
DA:62,0
DA:68,2
DA:69,0
DA:76,2
DA:77,1
DA:80,2
DA:81,0
DA:84,2
DA:85,1
DA:90,1
DA:91,0
DA:98,2
DA:104,2
DA:105,1
DA:114,0
DA:116,0
DA:136,3
DA:137,2
DA:139,2
DA:140,1
DA:141,1
DA:143,1
DA:144,1
DA:156,1
DA:157,1
DA:158,2
DA:165,1
DA:178,1
DA:181,1
DA:191,1
DA:192,1
DA:193,1
DA:195,1
DA:197,1
DA:198,0
DA:201,1
DA:202,0
DA:205,1
DA:206,1
DA:209,1
DA:210,0
DA:211,0
DA:216,1
DA:217,0
DA:221,0
DA:222,0
DA:226,1
DA:230,1
DA:231,1
DA:236,1
DA:237,0
DA:238,0
DA:239,0
DA:240,0
DA:248,1
DA:249,1
DA:263,1
DA:266,1
DA:275,1
DA:276,1
DA:278,0
DA:281,7
DA:306,4
DA:314,4
DA:315,3
DA:319,3
DA:320,5
DA:324,2
DA:326,3
DA:337,5
DA:345,1
DA:346,1
DA:347,0
DA:349,1
DA:353,1
DA:354,1
DA:358,4
DA:359,4
DA:360,0
DA:362,4
DA:366,2
DA:367,2
DA:369,2
DA:370,1
DA:373,1
DA:377,1
DA:379,1
DA:388,1
DA:389,0
DA:392,1
DA:396,1
DA:397,1
DA:399,1
DA:408,1
DA:409,0
DA:412,1
DA:416,5
DA:417,5
DA:418,4
DA:422,3
DA:423,0
DA:426,3
DA:431,3
DA:435,7
DA:436,5
DA:439,2
DA:440,0
DA:443,2
DA:452,2
DA:454,2
LF:122
LH:97
BRDA:55,0,0,0
BRDA:55,0,1,2
BRDA:55,1,0,2
BRDA:55,1,1,0
BRDA:61,2,0,0
BRDA:68,3,0,0
BRDA:76,4,0,1
BRDA:80,5,0,0
BRDA:84,6,0,1
BRDA:84,6,1,1
BRDA:90,7,0,0
BRDA:141,8,0,1
BRDA:141,8,1,0
BRDA:152,9,0,1
BRDA:152,9,1,1
BRDA:156,10,0,1
BRDA:197,11,0,0
BRDA:201,12,0,0
BRDA:205,13,0,1
BRDA:209,14,0,0
BRDA:211,15,0,0
BRDA:211,15,1,0
BRDA:216,16,0,0
BRDA:216,17,0,1
BRDA:216,17,1,1
BRDA:218,18,0,0
BRDA:218,18,1,0
BRDA:219,19,0,0
BRDA:219,19,1,0
BRDA:226,20,0,1
BRDA:226,20,1,0
BRDA:236,21,0,0
BRDA:238,22,0,0
BRDA:248,23,0,1
BRDA:248,24,0,1
BRDA:248,24,1,1
BRDA:314,25,0,1
BRDA:335,26,0,3
BRDA:335,26,1,0
BRDA:336,27,0,3
BRDA:336,27,1,0
BRDA:346,28,0,0
BRDA:353,29,0,1
BRDA:353,29,1,0
BRDA:354,30,0,1
BRDA:354,30,1,0
BRDA:359,31,0,0
BRDA:369,32,0,1
BRDA:377,33,0,0
BRDA:388,34,0,0
BRDA:397,35,0,0
BRDA:408,36,0,0
BRDA:417,37,0,1
BRDA:422,38,0,0
BRDA:431,39,0,3
BRDA:431,39,1,1
BRDA:431,39,2,1
BRDA:435,40,0,5
BRDA:439,41,0,0
BRDA:447,42,0,2
BRDA:447,42,1,0
BRDA:452,43,0,0
BRDA:40,44,0,1
BRDA:40,44,1,0
BRDA:40,45,0,1
BRDA:40,45,1,1
BRDA:40,46,0,1
BRDA:40,46,1,0
BRDA:40,47,0,1
BRDA:40,47,1,1
BRF:70
BRH:34
end_of_record
TN:
SF:src\tasks\dto\create-task.dto.ts
FNF:0
FNH:0
DA:1,0
DA:12,0
DA:16,0
DA:21,0
DA:24,0
DA:27,0
DA:31,0
DA:37,0
DA:41,0
LF:9
LH:0
BRF:0
BRH:0
end_of_record
TN:
SF:src\tasks\dto\list-tasks.dto.ts
FN:4,toOptionalBoolean
FN:30,(anonymous_3)
FNF:2
FNH:0
FNDA:0,toOptionalBoolean
FNDA:0,(anonymous_3)
DA:1,0
DA:2,0
DA:5,0
DA:6,0
DA:7,0
DA:8,0
DA:9,0
DA:12,0
DA:15,0
DA:19,0
DA:23,0
DA:27,0
DA:30,0
DA:32,0
LF:14
LH:0
BRDA:5,0,0,0
BRDA:5,1,0,0
BRDA:5,1,1,0
BRDA:5,1,2,0
BRDA:6,2,0,0
BRDA:7,3,0,0
BRDA:8,4,0,0
BRF:7
BRH:0
end_of_record
TN:
SF:src\tasks\dto\update-task.dto.ts
FNF:0
FNH:0
DA:1,0
DA:12,0
DA:17,0
DA:22,0
DA:26,0
DA:30,0
DA:34,0
DA:40,0
DA:44,0
LF:9
LH:0
BRF:0
BRH:0
end_of_record
TN:
SF:src\webhooks\stripe.webhook.controller.ts
FN:19,(anonymous_5)
FN:26,(anonymous_6)
FNF:2
FNH:2
FNDA:10,(anonymous_5)
FNDA:10,(anonymous_6)
DA:1,1
DA:10,1
DA:13,1
DA:14,1
DA:18,1
DA:20,10
DA:21,10
DA:26,1
DA:30,10
DA:31,10
DA:32,1
DA:37,9
DA:39,9
DA:42,9
DA:44,1
DA:47,8
DA:48,8
DA:49,1
DA:52,7
DA:54,1
DA:58,1
DA:62,1
DA:66,1
DA:70,1
DA:74,1
DA:79,2
DA:83,2
DA:87,2
DA:90,7
LF:29
LH:29
BRDA:31,0,0,1
BRDA:39,1,0,8
BRDA:39,1,1,1
BRDA:39,2,0,9
BRDA:39,2,1,8
BRDA:41,3,0,1
BRDA:41,3,1,0
BRDA:47,4,0,8
BRDA:47,4,1,0
BRDA:48,5,0,1
BRDA:48,6,0,8
BRDA:48,6,1,8
BRDA:52,7,0,1
BRDA:52,7,1,1
BRDA:52,7,2,1
BRDA:52,7,3,1
BRDA:52,7,4,2
BRDA:52,7,5,2
BRDA:20,8,0,1
BRDA:20,8,1,0
BRDA:20,9,0,1
BRDA:20,9,1,1
BRDA:20,10,0,1
BRDA:20,10,1,0
BRDA:20,11,0,1
BRDA:20,11,1,1
BRF:26
BRH:22
end_of_record
TN:
SF:src\webhooks\webhooks.module.ts
FNF:0
FNH:0
DA:1,0
DA:2,0
DA:3,0
DA:4,0
DA:10,0
LF:5
LH:0
BRF:0
BRH:0
end_of_record
TN:
SF:src\workers\workers.controller.ts
FN:9,(anonymous_4)
FN:12,(anonymous_5)
FNF:2
FNH:0
FNDA:0,(anonymous_4)
FNDA:0,(anonymous_5)
DA:1,0
DA:3,0
DA:4,0
DA:8,0
DA:9,0
DA:12,0
DA:15,0
DA:16,0
DA:18,0
LF:9
LH:0
BRDA:16,0,0,0
BRDA:9,1,0,0
BRDA:9,1,1,0
BRDA:9,2,0,0
BRDA:9,2,1,0
BRF:5
BRH:0
end_of_record
TN:
SF:src\workers\workers.module.ts
FNF:0
FNH:0
DA:1,0
DA:2,0
DA:3,0
DA:4,0
DA:11,0
LF:5
LH:0
BRF:0
BRH:0
end_of_record
TN:
SF:src\workers\workers.service.ts
FN:7,(anonymous_2)
FN:9,(anonymous_3)
FN:30,(anonymous_4)
FNF:3
FNH:0
FNDA:0,(anonymous_2)
FNDA:0,(anonymous_3)
FNDA:0,(anonymous_4)
DA:1,0
DA:2,0
DA:3,0
DA:6,0
DA:7,0
DA:14,0
DA:15,0
DA:16,0
DA:18,0
DA:19,0
DA:30,0
DA:38,0
DA:39,0
DA:53,0
DA:63,0
LF:15
LH:0
BRDA:18,0,0,0
BRDA:38,1,0,0
BRDA:43,2,0,0
BRDA:43,2,1,0
BRDA:53,3,0,0
BRDA:53,3,1,0
BRDA:7,4,0,0
BRDA:7,4,1,0
BRDA:7,5,0,0
BRDA:7,5,1,0
BRF:10
BRH:0
end_of_record
