TN:
SF:src\app.controller.ts
FN:6,(anonymous_2)
FN:9,(anonymous_3)
FNF:2
FNH:0
FNDA:0,(anonymous_2)
FNDA:0,(anonymous_3)
DA:1,0
DA:2,0
DA:5,0
DA:6,0
DA:9,0
DA:10,0
LF:6
LH:0
BRDA:6,0,0,0
BRDA:6,0,1,0
BRDA:6,1,0,0
BRDA:6,1,1,0
BRF:4
BRH:0
end_of_record
TN:
SF:src\app.module.ts
FNF:0
FNH:0
DA:1,0
DA:2,0
DA:3,0
DA:4,0
DA:5,0
DA:6,0
DA:7,0
DA:8,0
DA:9,0
DA:10,0
DA:11,0
DA:12,0
DA:13,0
DA:14,0
DA:15,0
DA:16,0
DA:17,0
DA:18,0
DA:19,0
DA:20,0
DA:21,0
DA:22,0
DA:23,0
DA:24,0
DA:53,0
LF:25
LH:0
BRF:0
BRH:0
end_of_record
TN:
SF:src\app.service.ts
FN:5,(anonymous_1)
FNF:1
FNH:0
FNDA:0,(anonymous_1)
DA:1,0
DA:4,0
DA:6,0
LF:3
LH:0
BRF:0
BRH:0
end_of_record
TN:
SF:src\main.ts
FN:8,bootstrap
FNF:1
FNH:0
FNDA:0,bootstrap
DA:1,0
DA:2,0
DA:3,0
DA:4,0
DA:5,0
DA:6,0
DA:9,0
DA:10,0
DA:11,0
DA:13,0
DA:16,0
DA:17,0
DA:20,0
DA:22,0
DA:23,0
DA:24,0
DA:27,0
LF:17
LH:0
BRDA:22,0,0,0
BRDA:22,0,1,0
BRF:2
BRH:0
end_of_record
TN:
SF:src\activity\activity.controller.ts
FN:26,(anonymous_4)
FN:29,(anonymous_5)
FNF:2
FNH:0
FNDA:0,(anonymous_4)
FNDA:0,(anonymous_5)
DA:1,0
DA:11,0
DA:12,0
DA:13,0
DA:25,0
DA:26,0
DA:29,0
DA:34,0
DA:35,0
DA:36,0
DA:39,0
LF:11
LH:0
BRDA:35,0,0,0
BRDA:43,1,0,0
BRDA:43,1,1,0
BRDA:44,2,0,0
BRDA:44,2,1,0
BRDA:30,3,0,0
BRDA:30,3,1,0
BRDA:30,4,0,0
BRDA:30,4,1,0
BRDA:30,5,0,0
BRDA:30,5,1,0
BRDA:30,6,0,0
BRDA:30,6,1,0
BRDA:26,7,0,0
BRDA:26,7,1,0
BRDA:26,8,0,0
BRDA:26,8,1,0
BRF:17
BRH:0
end_of_record
TN:
SF:src\activity\activity.module.ts
FNF:0
FNH:0
DA:1,0
DA:2,0
DA:3,0
DA:4,0
DA:12,0
LF:5
LH:0
BRF:0
BRH:0
end_of_record
TN:
SF:src\activity\activity.service.ts
FN:26,(anonymous_2)
FN:28,(anonymous_3)
FN:48,(anonymous_4)
FN:76,(anonymous_5)
FN:104,(anonymous_6)
FN:132,(anonymous_7)
FN:163,(anonymous_8)
FN:191,(anonymous_9)
FN:218,(anonymous_10)
FN:248,(anonymous_11)
FN:279,(anonymous_12)
FN:306,(anonymous_13)
FN:333,(anonymous_14)
FN:352,(anonymous_15)
FN:355,(anonymous_16)
FN:379,(anonymous_17)
FN:382,(anonymous_18)
FN:412,(anonymous_19)
FN:420,(anonymous_20)
FN:434,(anonymous_21)
FN:448,(anonymous_22)
FN:471,(anonymous_23)
FNF:22
FNH:11
FNDA:3,(anonymous_2)
FNDA:1,(anonymous_3)
FNDA:0,(anonymous_4)
FNDA:0,(anonymous_5)
FNDA:0,(anonymous_6)
FNDA:1,(anonymous_7)
FNDA:0,(anonymous_8)
FNDA:0,(anonymous_9)
FNDA:0,(anonymous_10)
FNDA:0,(anonymous_11)
FNDA:0,(anonymous_12)
FNDA:0,(anonymous_13)
FNDA:0,(anonymous_14)
FNDA:0,(anonymous_15)
FNDA:2,(anonymous_16)
FNDA:1,(anonymous_17)
FNDA:1,(anonymous_18)
FNDA:2,(anonymous_19)
FNDA:1,(anonymous_20)
FNDA:1,(anonymous_21)
FNDA:2,(anonymous_22)
FNDA:2,(anonymous_23)
DA:1,5
DA:2,5
DA:3,5
DA:4,5
DA:25,5
DA:26,3
DA:29,1
DA:31,1
DA:58,0
DA:60,0
DA:86,0
DA:88,0
DA:114,0
DA:116,0
DA:142,1
DA:144,1
DA:173,0
DA:174,0
DA:176,0
DA:200,0
DA:202,0
DA:229,0
DA:230,0
DA:232,0
DA:260,0
DA:261,0
DA:263,0
DA:289,0
DA:291,0
DA:316,0
DA:318,0
DA:338,0
DA:352,0
DA:362,2
DA:364,1
DA:365,1
DA:367,1
DA:379,1
DA:396,1
DA:413,2
DA:414,0
DA:417,2
DA:424,1
DA:425,1
DA:427,1
DA:428,1
DA:431,0
DA:438,1
DA:439,0
DA:442,1
DA:452,2
DA:453,2
DA:454,2
DA:457,0
DA:460,0
DA:463,0
DA:467,0
DA:476,2
DA:477,1
DA:480,1
DA:481,0
DA:484,1
DA:492,1
DA:493,0
DA:496,1
LF:65
LH:33
BRDA:29,0,0,1
BRDA:29,0,1,1
BRDA:37,1,0,1
BRDA:37,1,1,0
BRDA:38,2,0,1
BRDA:38,2,1,0
BRDA:40,3,0,1
BRDA:40,3,1,0
BRDA:42,4,0,1
BRDA:42,4,1,0
BRDA:43,5,0,1
BRDA:43,5,1,0
BRDA:67,6,0,0
BRDA:67,6,1,0
BRDA:69,7,0,0
BRDA:69,7,1,0
BRDA:71,8,0,0
BRDA:71,8,1,0
BRDA:72,9,0,0
BRDA:72,9,1,0
BRDA:95,10,0,0
BRDA:95,10,1,0
BRDA:97,11,0,0
BRDA:97,11,1,0
BRDA:99,12,0,0
BRDA:99,12,1,0
BRDA:100,13,0,0
BRDA:100,13,1,0
BRDA:123,14,0,0
BRDA:123,14,1,0
BRDA:125,15,0,0
BRDA:125,15,1,0
BRDA:127,16,0,0
BRDA:127,16,1,0
BRDA:128,17,0,0
BRDA:128,17,1,0
BRDA:151,18,0,1
BRDA:151,18,1,0
BRDA:153,19,0,1
BRDA:153,19,1,0
BRDA:155,20,0,1
BRDA:155,20,1,0
BRDA:157,21,0,1
BRDA:157,21,1,0
BRDA:173,22,0,0
BRDA:173,22,1,0
BRDA:184,23,0,0
BRDA:184,23,1,0
BRDA:186,24,0,0
BRDA:186,24,1,0
BRDA:187,25,0,0
BRDA:187,25,1,0
BRDA:209,26,0,0
BRDA:209,26,1,0
BRDA:213,27,0,0
BRDA:213,27,1,0
BRDA:214,28,0,0
BRDA:214,28,1,0
BRDA:229,29,0,0
BRDA:229,29,1,0
BRDA:239,30,0,0
BRDA:239,30,1,0
BRDA:243,31,0,0
BRDA:243,31,1,0
BRDA:244,32,0,0
BRDA:244,32,1,0
BRDA:260,33,0,0
BRDA:260,33,1,0
BRDA:269,34,0,0
BRDA:269,34,1,0
BRDA:270,35,0,0
BRDA:270,35,1,0
BRDA:272,36,0,0
BRDA:272,36,1,0
BRDA:274,37,0,0
BRDA:274,37,1,0
BRDA:275,38,0,0
BRDA:275,38,1,0
BRDA:297,39,0,0
BRDA:297,39,1,0
BRDA:299,40,0,0
BRDA:299,40,1,0
BRDA:301,41,0,0
BRDA:301,41,1,0
BRDA:302,42,0,0
BRDA:302,42,1,0
BRDA:324,43,0,0
BRDA:324,43,1,0
BRDA:326,44,0,0
BRDA:326,44,1,0
BRDA:328,45,0,0
BRDA:328,45,1,0
BRDA:329,46,0,0
BRDA:329,46,1,0
BRDA:343,47,0,0
BRDA:343,47,1,0
BRDA:413,48,0,0
BRDA:413,49,0,2
BRDA:413,49,1,2
BRDA:413,49,2,2
BRDA:427,50,0,1
BRDA:438,51,0,0
BRDA:438,52,0,1
BRDA:438,52,1,1
BRDA:438,52,2,1
BRDA:453,53,0,2
BRDA:457,54,0,0
BRDA:457,54,1,0
BRDA:457,54,2,0
BRDA:457,54,3,0
BRDA:457,54,4,0
BRDA:457,54,5,0
BRDA:457,54,6,0
BRDA:476,55,0,1
BRDA:480,56,0,0
BRDA:492,57,0,0
BRDA:26,58,0,5
BRDA:26,58,1,0
BRDA:26,59,0,5
BRDA:26,59,1,5
BRF:120
BRH:23
end_of_record
TN:
SF:src\activity\dto\list-recent-activity.dto.ts
FN:6,(anonymous_2)
FN:13,(anonymous_3)
FNF:2
FNH:0
FNDA:0,(anonymous_2)
FNDA:0,(anonymous_3)
DA:1,0
DA:2,0
DA:4,0
DA:6,0
DA:10,0
DA:13,0
DA:17,0
LF:7
LH:0
BRF:0
BRH:0
end_of_record
TN:
SF:src\alerts\alerts.controller.ts
FN:9,(anonymous_4)
FN:12,(anonymous_5)
FN:23,(anonymous_6)
FN:40,(anonymous_7)
FN:51,(anonymous_8)
FNF:5
FNH:0
FNDA:0,(anonymous_4)
FNDA:0,(anonymous_5)
FNDA:0,(anonymous_6)
FNDA:0,(anonymous_7)
FNDA:0,(anonymous_8)
DA:1,0
DA:2,0
DA:3,0
DA:4,0
DA:8,0
DA:9,0
DA:12,0
DA:13,0
DA:14,0
DA:16,0
DA:17,0
DA:19,0
DA:23,0
DA:27,0
DA:28,0
DA:30,0
DA:31,0
DA:32,0
DA:33,0
DA:36,0
DA:40,0
DA:41,0
DA:42,0
DA:44,0
DA:45,0
DA:47,0
DA:51,0
DA:52,0
DA:53,0
DA:55,0
DA:56,0
DA:58,0
LF:32
LH:0
BRDA:13,0,0,0
BRDA:13,0,1,0
BRDA:16,1,0,0
BRDA:17,2,0,0
BRDA:27,3,0,0
BRDA:27,3,1,0
BRDA:30,4,0,0
BRDA:31,5,0,0
BRDA:32,6,0,0
BRDA:32,7,0,0
BRDA:32,7,1,0
BRDA:32,7,2,0
BRDA:36,8,0,0
BRDA:36,8,1,0
BRDA:41,9,0,0
BRDA:41,9,1,0
BRDA:44,10,0,0
BRDA:45,11,0,0
BRDA:52,12,0,0
BRDA:52,12,1,0
BRDA:55,13,0,0
BRDA:56,14,0,0
BRDA:25,15,0,0
BRDA:25,15,1,0
BRDA:25,16,0,0
BRDA:25,16,1,0
BRDA:9,17,0,0
BRDA:9,17,1,0
BRDA:9,18,0,0
BRDA:9,18,1,0
BRF:30
BRH:0
end_of_record
TN:
SF:src\alerts\alerts.module.ts
FNF:0
FNH:0
DA:1,0
DA:2,0
DA:3,0
DA:4,0
DA:11,0
LF:5
LH:0
BRF:0
BRH:0
end_of_record
TN:
SF:src\alerts\alerts.service.ts
FN:7,(anonymous_2)
FN:9,(anonymous_3)
FN:24,(anonymous_4)
FN:82,(anonymous_5)
FN:110,(anonymous_6)
FN:210,(anonymous_7)
FN:219,(anonymous_8)
FN:232,(anonymous_9)
FN:258,(anonymous_10)
FN:323,(anonymous_11)
FN:358,(anonymous_12)
FN:374,(anonymous_13)
FNF:12
FNH:0
FNDA:0,(anonymous_2)
FNDA:0,(anonymous_3)
FNDA:0,(anonymous_4)
FNDA:0,(anonymous_5)
FNDA:0,(anonymous_6)
FNDA:0,(anonymous_7)
FNDA:0,(anonymous_8)
FNDA:0,(anonymous_9)
FNDA:0,(anonymous_10)
FNDA:0,(anonymous_11)
FNDA:0,(anonymous_12)
FNDA:0,(anonymous_13)
DA:1,4
DA:2,4
DA:3,4
DA:6,4
DA:7,0
DA:10,0
DA:12,0
DA:21,0
DA:25,0
DA:27,0
DA:81,0
DA:82,0
DA:111,0
DA:113,0
DA:159,0
DA:161,0
DA:175,0
DA:210,0
DA:219,0
DA:233,0
DA:235,0
DA:246,0
DA:248,0
DA:249,0
DA:255,0
DA:264,0
DA:301,0
DA:303,0
DA:304,0
DA:305,0
DA:306,0
DA:307,0
DA:308,0
DA:313,0
DA:322,0
DA:324,0
DA:355,0
DA:359,0
DA:375,0
DA:387,0
DA:388,0
DA:389,0
DA:392,0
LF:43
LH:4
BRDA:102,0,0,0
BRDA:102,0,1,0
BRDA:103,1,0,0
BRDA:103,1,1,0
BRDA:104,2,0,0
BRDA:104,2,1,0
BRDA:159,3,0,0
BRDA:183,4,0,0
BRDA:183,4,1,0
BRDA:186,5,0,0
BRDA:186,5,1,0
BRDA:186,5,2,0
BRDA:216,6,0,0
BRDA:216,6,1,0
BRDA:217,7,0,0
BRDA:217,7,1,0
BRDA:246,8,0,0
BRDA:248,9,0,0
BRDA:301,10,0,0
BRDA:301,11,0,0
BRDA:301,11,1,0
BRDA:303,12,0,0
BRDA:303,12,1,0
BRDA:304,13,0,0
BRDA:304,13,1,0
BRDA:305,14,0,0
BRDA:305,14,1,0
BRDA:307,15,0,0
BRDA:307,15,1,0
BRDA:308,16,0,0
BRDA:308,16,1,0
BRDA:309,17,0,0
BRDA:309,17,1,0
BRDA:318,18,0,0
BRDA:318,18,1,0
BRDA:387,19,0,0
BRDA:388,20,0,0
BRDA:388,21,0,0
BRDA:388,21,1,0
BRDA:7,22,0,4
BRDA:7,22,1,0
BRDA:7,23,0,4
BRDA:7,23,1,4
BRF:43
BRH:3
end_of_record
TN:
SF:src\auth\auth.controller.ts
FN:8,(anonymous_4)
FN:14,(anonymous_5)
FN:26,(anonymous_6)
FN:61,(anonymous_7)
FN:66,(anonymous_8)
FN:100,(anonymous_9)
FN:106,(anonymous_10)
FN:112,(anonymous_11)
FN:177,(anonymous_12)
FN:217,(anonymous_13)
FNF:10
FNH:0
FNDA:0,(anonymous_4)
FNDA:0,(anonymous_5)
FNDA:0,(anonymous_6)
FNDA:0,(anonymous_7)
FNDA:0,(anonymous_8)
FNDA:0,(anonymous_9)
FNDA:0,(anonymous_10)
FNDA:0,(anonymous_11)
FNDA:0,(anonymous_12)
FNDA:0,(anonymous_13)
DA:1,0
DA:2,0
DA:3,0
DA:4,0
DA:7,0
DA:9,0
DA:10,0
DA:11,0
DA:15,0
DA:16,0
DA:18,0
DA:27,0
DA:29,0
DA:30,0
DA:33,0
DA:34,0
DA:35,0
DA:38,0
DA:39,0
DA:40,0
DA:43,0
DA:46,0
DA:47,0
DA:48,0
DA:49,0
DA:51,0
DA:52,0
DA:55,0
DA:57,0
DA:62,0
DA:63,0
DA:67,0
DA:68,0
DA:69,0
DA:70,0
DA:71,0
DA:73,0
DA:77,0
DA:78,0
DA:79,0
DA:84,0
DA:93,0
DA:100,0
DA:101,0
DA:102,0
DA:106,0
DA:107,0
DA:108,0
DA:112,0
DA:113,0
DA:114,0
DA:115,0
DA:116,0
DA:117,0
DA:118,0
DA:119,0
DA:121,0
DA:122,0
DA:123,0
DA:126,0
DA:127,0
DA:134,0
DA:135,0
DA:136,0
DA:139,0
DA:140,0
DA:146,0
DA:147,0
DA:150,0
DA:151,0
DA:152,0
DA:153,0
DA:155,0
DA:156,0
DA:157,0
DA:160,0
DA:161,0
DA:162,0
DA:163,0
DA:165,0
DA:167,0
DA:168,0
DA:169,0
DA:170,0
DA:171,0
DA:172,0
DA:177,0
DA:178,0
DA:179,0
DA:181,0
DA:182,0
DA:183,0
DA:186,0
DA:188,0
DA:189,0
DA:195,0
DA:196,0
DA:197,0
DA:200,0
DA:201,0
DA:203,0
DA:204,0
DA:205,0
DA:208,0
DA:210,0
DA:211,0
DA:212,0
DA:217,0
DA:218,0
DA:219,0
DA:220,0
DA:221,0
DA:222,0
DA:224,0
DA:225,0
DA:227,0
DA:228,0
DA:230,0
DA:231,0
DA:238,0
DA:239,0
DA:241,0
DA:242,0
DA:243,0
DA:244,0
DA:247,0
LF:126
LH:0
BRDA:15,0,0,0
BRDA:15,0,1,0
BRDA:29,1,0,0
BRDA:34,2,0,0
BRDA:38,3,0,0
BRDA:39,4,0,0
BRDA:39,5,0,0
BRDA:39,5,1,0
BRDA:51,6,0,0
BRDA:55,7,0,0
BRDA:55,7,1,0
BRDA:113,8,0,0
BRDA:113,8,1,0
BRDA:114,9,0,0
BRDA:114,9,1,0
BRDA:121,10,0,0
BRDA:121,11,0,0
BRDA:121,11,1,0
BRDA:121,11,2,0
BRDA:121,11,3,0
BRDA:121,11,4,0
BRDA:134,12,0,0
BRDA:134,12,1,0
BRDA:135,13,0,0
BRDA:135,14,0,0
BRDA:135,14,1,0
BRDA:146,15,0,0
BRDA:146,16,0,0
BRDA:146,16,1,0
BRDA:152,17,0,0
BRDA:152,17,1,0
BRDA:153,18,0,0
BRDA:153,18,1,0
BRDA:156,19,0,0
BRDA:182,20,0,0
BRDA:195,21,0,0
BRDA:195,21,1,0
BRDA:196,22,0,0
BRDA:196,23,0,0
BRDA:196,23,1,0
BRDA:200,24,0,0
BRDA:200,24,1,0
BRDA:201,25,0,0
BRDA:201,25,1,0
BRDA:204,26,0,0
BRDA:225,27,0,0
BRDA:225,27,1,0
BRDA:241,28,0,0
BRDA:9,29,0,0
BRDA:9,29,1,0
BRDA:9,30,0,0
BRDA:9,30,1,0
BRDA:9,31,0,0
BRDA:9,31,1,0
BRDA:9,32,0,0
BRDA:9,32,1,0
BRDA:10,33,0,0
BRDA:10,33,1,0
BRDA:10,34,0,0
BRDA:10,34,1,0
BRF:60
BRH:0
end_of_record
TN:
SF:src\auth\auth.module.ts
FNF:0
FNH:0
DA:1,0
DA:2,0
DA:3,0
DA:4,0
DA:12,0
LF:5
LH:0
BRF:0
BRH:0
end_of_record
TN:
SF:src\auth\auth.service.ts
FN:4,base64urlEncode
FN:13,(anonymous_2)
FN:21,(anonymous_3)
FN:41,(anonymous_4)
FN:73,(anonymous_5)
FN:101,(anonymous_6)
FNF:6
FNH:0
FNDA:0,base64urlEncode
FNDA:0,(anonymous_2)
FNDA:0,(anonymous_3)
FNDA:0,(anonymous_4)
FNDA:0,(anonymous_5)
FNDA:0,(anonymous_6)
DA:1,0
DA:2,0
DA:5,0
DA:12,0
DA:14,0
DA:15,0
DA:18,0
DA:29,0
DA:30,0
DA:31,0
DA:32,0
DA:33,0
DA:34,0
DA:35,0
DA:36,0
DA:37,0
DA:38,0
DA:48,0
DA:49,0
DA:50,0
DA:51,0
DA:52,0
DA:53,0
DA:54,0
DA:56,0
DA:63,0
DA:64,0
DA:65,0
DA:67,0
DA:69,0
DA:78,0
DA:79,0
DA:80,0
DA:81,0
DA:82,0
DA:84,0
DA:92,0
DA:93,0
DA:95,0
DA:97,0
DA:106,0
DA:107,0
DA:108,0
DA:109,0
DA:110,0
DA:113,0
DA:121,0
DA:122,0
DA:124,0
DA:126,0
LF:50
LH:0
BRDA:64,0,0,0
BRDA:92,1,0,0
BRDA:109,2,0,0
BRDA:121,3,0,0
BRF:4
BRH:0
end_of_record
TN:
SF:src\clients\clients.controller.ts
FN:32,(anonymous_4)
FN:35,(anonymous_5)
FN:51,(anonymous_6)
FN:64,(anonymous_7)
FN:80,(anonymous_8)
FNF:5
FNH:0
FNDA:0,(anonymous_4)
FNDA:0,(anonymous_5)
FNDA:0,(anonymous_6)
FNDA:0,(anonymous_7)
FNDA:0,(anonymous_8)
DA:1,0
DA:15,0
DA:16,0
DA:17,0
DA:18,0
DA:19,0
DA:31,0
DA:32,0
DA:35,0
DA:39,0
DA:40,0
DA:42,0
DA:51,0
DA:52,0
DA:53,0
DA:55,0
DA:64,0
DA:68,0
DA:69,0
DA:71,0
DA:80,0
DA:85,0
DA:86,0
DA:88,0
LF:24
LH:0
BRDA:40,0,0,0
BRDA:53,1,0,0
BRDA:69,2,0,0
BRDA:86,3,0,0
BRDA:36,4,0,0
BRDA:36,4,1,0
BRDA:36,5,0,0
BRDA:36,5,1,0
BRDA:36,6,0,0
BRDA:36,6,1,0
BRDA:36,7,0,0
BRDA:36,7,1,0
BRDA:51,8,0,0
BRDA:51,8,1,0
BRDA:51,9,0,0
BRDA:51,9,1,0
BRDA:65,10,0,0
BRDA:65,10,1,0
BRDA:65,11,0,0
BRDA:65,11,1,0
BRDA:65,12,0,0
BRDA:65,12,1,0
BRDA:65,13,0,0
BRDA:65,13,1,0
BRDA:81,14,0,0
BRDA:81,14,1,0
BRDA:81,15,0,0
BRDA:81,15,1,0
BRDA:81,16,0,0
BRDA:81,16,1,0
BRDA:81,17,0,0
BRDA:81,17,1,0
BRDA:32,18,0,0
BRDA:32,18,1,0
BRDA:32,19,0,0
BRDA:32,19,1,0
BRF:36
BRH:0
end_of_record
TN:
SF:src\clients\clients.module.ts
FNF:0
FNH:0
DA:1,0
DA:2,0
DA:3,0
DA:4,0
DA:5,0
DA:6,0
DA:14,0
LF:7
LH:0
BRF:0
BRH:0
end_of_record
TN:
SF:src\clients\clients.service.ts
FN:20,(anonymous_2)
FN:27,(anonymous_3)
FN:88,(anonymous_4)
FN:107,(anonymous_5)
FN:215,(anonymous_6)
FN:221,(anonymous_7)
FN:226,(anonymous_8)
FN:233,(anonymous_9)
FN:236,(anonymous_10)
FN:248,(anonymous_11)
FN:318,(anonymous_12)
FN:427,(anonymous_13)
FN:443,(anonymous_14)
FN:448,(anonymous_15)
FN:452,(anonymous_16)
FN:453,(anonymous_17)
FN:460,(anonymous_18)
FNF:17
FNH:0
FNDA:0,(anonymous_2)
FNDA:0,(anonymous_3)
FNDA:0,(anonymous_4)
FNDA:0,(anonymous_5)
FNDA:0,(anonymous_6)
FNDA:0,(anonymous_7)
FNDA:0,(anonymous_8)
FNDA:0,(anonymous_9)
FNDA:0,(anonymous_10)
FNDA:0,(anonymous_11)
FNDA:0,(anonymous_12)
FNDA:0,(anonymous_13)
FNDA:0,(anonymous_14)
FNDA:0,(anonymous_15)
FNDA:0,(anonymous_16)
FNDA:0,(anonymous_17)
FNDA:0,(anonymous_18)
DA:1,0
DA:9,0
DA:10,0
DA:14,0
DA:15,0
DA:16,0
DA:19,0
DA:21,0
DA:22,0
DA:23,0
DA:24,0
DA:33,0
DA:35,0
DA:36,0
DA:37,0
DA:38,0
DA:39,0
DA:44,0
DA:45,0
DA:53,0
DA:87,0
DA:88,0
DA:113,0
DA:115,0
DA:177,0
DA:179,0
DA:205,0
DA:215,0
DA:221,0
DA:226,0
DA:233,0
DA:236,0
DA:254,0
DA:256,0
DA:257,0
DA:258,0
DA:259,0
DA:260,0
DA:262,0
DA:263,0
DA:272,0
DA:273,0
DA:277,0
DA:289,0
DA:303,0
DA:310,0
DA:325,0
DA:327,0
DA:343,0
DA:344,0
DA:347,0
DA:349,0
DA:350,0
DA:351,0
DA:352,0
DA:354,0
DA:357,0
DA:358,0
DA:359,0
DA:361,0
DA:362,0
DA:372,0
DA:373,0
DA:378,0
DA:379,0
DA:382,0
DA:383,0
DA:386,0
DA:387,0
DA:390,0
DA:395,0
DA:419,0
DA:428,0
DA:429,0
DA:431,0
DA:436,0
DA:437,0
DA:440,0
DA:444,0
DA:445,0
DA:449,0
DA:452,0
DA:453,0
DA:457,0
DA:461,0
DA:462,0
DA:465,0
DA:467,0
DA:484,0
DA:485,0
LF:90
LH:0
BRDA:36,0,0,0
BRDA:36,0,1,0
BRDA:37,1,0,0
BRDA:37,1,1,0
BRDA:37,1,2,0
BRDA:44,2,0,0
BRDA:59,3,0,0
BRDA:59,3,1,0
BRDA:95,4,0,0
BRDA:95,4,1,0
BRDA:177,5,0,0
BRDA:220,6,0,0
BRDA:220,6,1,0
BRDA:241,7,0,0
BRDA:241,7,1,0
BRDA:257,8,0,0
BRDA:257,8,1,0
BRDA:260,9,0,0
BRDA:260,9,1,0
BRDA:262,10,0,0
BRDA:272,11,0,0
BRDA:307,12,0,0
BRDA:307,12,1,0
BRDA:307,12,2,0
BRDA:343,13,0,0
BRDA:349,14,0,0
BRDA:351,15,0,0
BRDA:357,16,0,0
BRDA:359,17,0,0
BRDA:359,17,1,0
BRDA:361,18,0,0
BRDA:372,19,0,0
BRDA:378,20,0,0
BRDA:382,21,0,0
BRDA:386,22,0,0
BRDA:386,23,0,0
BRDA:386,23,1,0
BRDA:387,24,0,0
BRDA:387,24,1,0
BRDA:410,25,0,0
BRDA:410,25,1,0
BRDA:411,26,0,0
BRDA:411,26,1,0
BRDA:412,27,0,0
BRDA:412,27,1,0
BRDA:413,28,0,0
BRDA:413,28,1,0
BRDA:414,29,0,0
BRDA:414,29,1,0
BRDA:429,30,0,0
BRDA:436,31,0,0
BRDA:444,32,0,0
BRDA:444,32,1,0
BRDA:445,33,0,0
BRDA:445,33,1,0
BRDA:457,34,0,0
BRDA:457,34,1,0
BRDA:461,35,0,0
BRDA:465,36,0,0
BRDA:484,37,0,0
BRDA:21,38,0,0
BRDA:21,38,1,0
BRDA:21,39,0,0
BRDA:21,39,1,0
BRDA:21,40,0,0
BRDA:21,40,1,0
BRDA:21,41,0,0
BRDA:21,41,1,0
BRDA:22,42,0,0
BRDA:22,42,1,0
BRDA:22,43,0,0
BRDA:22,43,1,0
BRDA:23,44,0,0
BRDA:23,44,1,0
BRDA:23,45,0,0
BRDA:23,45,1,0
BRF:76
BRH:0
end_of_record
TN:
SF:src\clients\dto\create-client.dto.ts
FNF:0
FNH:0
DA:1,0
DA:3,0
DA:7,0
DA:12,0
DA:17,0
DA:21,0
DA:26,0
DA:31,0
DA:36,0
DA:41,0
LF:10
LH:0
BRF:0
BRH:0
end_of_record
TN:
SF:src\clients\dto\list-clients.dto.ts
FN:6,(anonymous_2)
FN:11,(anonymous_3)
FN:17,(anonymous_4)
FN:24,(anonymous_5)
FNF:4
FNH:0
FNDA:0,(anonymous_2)
FNDA:0,(anonymous_3)
FNDA:0,(anonymous_4)
FNDA:0,(anonymous_5)
DA:1,0
DA:2,0
DA:4,0
DA:6,0
DA:8,0
DA:11,0
DA:14,0
DA:17,0
DA:21,0
DA:24,0
DA:28,0
LF:11
LH:0
BRDA:6,0,0,0
BRDA:6,0,1,0
BRF:2
BRH:0
end_of_record
TN:
SF:src\clients\dto\update-client.dto.ts
FNF:0
FNH:0
DA:1,0
DA:3,0
DA:7,0
DA:11,0
DA:16,0
DA:21,0
DA:26,0
DA:31,0
LF:8
LH:0
BRF:0
BRH:0
end_of_record
TN:
SF:src\common\decorators\auth-user.decorator.ts
FN:3,(anonymous_0)
FN:7,(anonymous_1)
FNF:2
FNH:0
FNDA:0,(anonymous_0)
FNDA:0,(anonymous_1)
DA:1,0
DA:3,0
DA:4,0
DA:7,0
DA:8,0
DA:11,0
DA:14,0
LF:7
LH:0
BRDA:11,0,0,0
BRDA:11,0,1,0
BRDA:14,1,0,0
BRDA:14,1,1,0
BRDA:14,1,2,0
BRF:5
BRH:0
end_of_record
TN:
SF:src\common\decorators\rolse.decorator.ts
FN:3,(anonymous_0)
FNF:1
FNH:0
FNDA:0,(anonymous_0)
DA:1,0
DA:2,0
DA:3,0
LF:3
LH:0
BRF:0
BRH:0
end_of_record
TN:
SF:src\common\guards\jwt-auth.guard.ts
FN:30,(anonymous_2)
FN:40,(anonymous_3)
FN:73,(anonymous_4)
FN:77,(anonymous_5)
FNF:4
FNH:0
FNDA:0,(anonymous_2)
FNDA:0,(anonymous_3)
FNDA:0,(anonymous_4)
FNDA:0,(anonymous_5)
DA:1,0
DA:5,0
DA:6,0
DA:8,0
DA:23,0
DA:30,0
DA:31,0
DA:32,0
DA:33,0
DA:34,0
DA:36,0
DA:37,0
DA:41,0
DA:44,0
DA:45,0
DA:46,0
DA:47,0
DA:48,0
DA:50,0
DA:52,0
DA:58,0
DA:59,0
DA:60,0
DA:68,0
DA:70,0
DA:72,0
DA:73,0
DA:75,0
DA:77,0
DA:80,0
DA:84,0
DA:89,0
DA:90,0
DA:91,0
DA:92,0
DA:93,0
DA:101,0
DA:102,0
DA:105,0
DA:106,0
DA:118,0
DA:119,0
DA:120,0
DA:121,0
DA:122,0
DA:123,0
DA:129,0
DA:139,0
DA:141,0
DA:142,0
DA:144,0
DA:145,0
DA:147,0
LF:53
LH:0
BRDA:34,0,0,0
BRDA:34,0,1,0
BRDA:44,1,0,0
BRDA:44,1,1,0
BRDA:45,2,0,0
BRDA:45,2,1,0
BRDA:47,3,0,0
BRDA:47,3,1,0
BRDA:48,4,0,0
BRDA:59,5,0,0
BRDA:59,6,0,0
BRDA:59,6,1,0
BRDA:68,7,0,0
BRDA:68,7,1,0
BRDA:70,8,0,0
BRDA:70,8,1,0
BRDA:72,9,0,0
BRDA:72,9,1,0
BRDA:73,10,0,0
BRDA:73,10,1,0
BRDA:75,11,0,0
BRDA:75,11,1,0
BRDA:84,12,0,0
BRDA:84,12,1,0
BRDA:84,12,2,0
BRDA:84,12,3,0
BRDA:91,13,0,0
BRDA:92,14,0,0
BRDA:101,15,0,0
BRDA:101,15,1,0
BRDA:102,16,0,0
BRDA:102,16,1,0
BRDA:105,17,0,0
BRDA:105,18,0,0
BRDA:105,18,1,0
BRDA:105,18,2,0
BRDA:118,19,0,0
BRDA:118,19,1,0
BRDA:122,20,0,0
BRDA:122,21,0,0
BRDA:122,21,1,0
BRDA:132,22,0,0
BRDA:132,22,1,0
BRDA:133,23,0,0
BRDA:133,23,1,0
BRDA:134,24,0,0
BRDA:134,24,1,0
BRDA:141,25,0,0
BRDA:144,26,0,0
BRDA:147,27,0,0
BRDA:147,27,1,0
BRDA:30,28,0,0
BRDA:30,28,1,0
BRDA:30,29,0,0
BRDA:30,29,1,0
BRDA:30,30,0,0
BRDA:30,30,1,0
BRDA:30,31,0,0
BRDA:30,31,1,0
BRF:59
BRH:0
end_of_record
TN:
SF:src\common\guards\rolse.guards.ts
FN:7,(anonymous_2)
FN:11,(anonymous_3)
FN:13,(anonymous_4)
FN:27,(anonymous_5)
FN:30,(anonymous_6)
FN:30,(anonymous_7)
FN:33,(anonymous_8)
FNF:7
FNH:0
FNDA:0,(anonymous_2)
FNDA:0,(anonymous_3)
FNDA:0,(anonymous_4)
FNDA:0,(anonymous_5)
FNDA:0,(anonymous_6)
FNDA:0,(anonymous_7)
FNDA:0,(anonymous_8)
DA:1,0
DA:4,0
DA:6,0
DA:7,0
DA:10,0
DA:11,0
DA:14,0
DA:17,0
DA:19,0
DA:20,0
DA:21,0
DA:23,0
DA:25,0
DA:26,0
DA:27,0
DA:30,0
DA:31,0
DA:33,0
DA:34,0
DA:35,0
LF:20
LH:0
BRDA:17,0,0,0
BRDA:21,1,0,0
BRDA:23,2,0,0
BRDA:23,2,1,0
BRDA:25,3,0,0
BRDA:25,3,1,0
BRDA:26,4,0,0
BRDA:26,4,1,0
BRDA:27,5,0,0
BRDA:27,5,1,0
BRDA:34,6,0,0
BRDA:11,7,0,0
BRDA:11,7,1,0
BRDA:11,8,0,0
BRDA:11,8,1,0
BRF:15
BRH:0
end_of_record
TN:
SF:src\common\interceptors\idempotency.interceptor.ts
FN:11,(anonymous_2)
FN:13,(anonymous_3)
FN:29,(anonymous_4)
FN:36,(anonymous_5)
FNF:4
FNH:0
FNDA:0,(anonymous_2)
FNDA:0,(anonymous_3)
FNDA:0,(anonymous_4)
FNDA:0,(anonymous_5)
DA:1,0
DA:2,0
DA:3,0
DA:4,0
DA:5,0
DA:7,0
DA:10,0
DA:11,0
DA:14,0
DA:15,0
DA:17,0
DA:18,0
DA:20,0
DA:21,0
DA:22,0
DA:24,0
DA:27,0
DA:28,0
DA:29,0
DA:30,0
DA:31,0
DA:35,0
DA:38,0
DA:39,0
DA:40,0
DA:54,0
LF:26
LH:0
BRDA:15,0,0,0
BRDA:18,1,0,0
BRDA:27,2,0,0
BRDA:39,3,0,0
BRDA:43,4,0,0
BRDA:43,4,1,0
BRDA:11,5,0,0
BRDA:11,5,1,0
BRDA:11,6,0,0
BRDA:11,6,1,0
BRF:10
BRH:0
end_of_record
TN:
SF:src\common\pipes\zod-validation.pipe.ts
FN:5,(anonymous_0)
FN:6,(anonymous_1)
FNF:2
FNH:0
FNDA:0,(anonymous_0)
FNDA:0,(anonymous_1)
DA:1,0
DA:4,0
DA:5,0
DA:7,0
DA:8,0
DA:9,0
DA:15,0
LF:7
LH:0
BRDA:8,0,0,0
BRF:1
BRH:0
end_of_record
TN:
SF:src\common\utils\idempotency.util.ts
FN:3,sortKeys
FN:6,(anonymous_2)
FN:14,hashRequestBody
FNF:3
FNH:0
FNDA:0,sortKeys
FNDA:0,(anonymous_2)
FNDA:0,hashRequestBody
DA:1,2
DA:4,0
DA:5,0
DA:6,0
DA:7,0
DA:8,0
DA:11,0
DA:14,2
DA:15,0
DA:16,0
LF:10
LH:2
BRDA:4,0,0,0
BRDA:5,1,0,0
BRDA:5,2,0,0
BRDA:5,2,1,0
BRF:4
BRH:0
end_of_record
TN:
SF:src\common\utils\roles.util.ts
FN:1,hasAnyRole
FN:3,(anonymous_1)
FNF:2
FNH:2
FNDA:2,hasAnyRole
FNDA:3,(anonymous_1)
DA:1,5
DA:2,2
DA:3,3
LF:3
LH:3
BRDA:2,0,0,2
BRDA:2,0,1,0
BRF:2
BRH:1
end_of_record
TN:
SF:src\dashboard\dashboard.controller.ts
FN:8,(anonymous_4)
FN:11,(anonymous_5)
FNF:2
FNH:0
FNDA:0,(anonymous_4)
FNDA:0,(anonymous_5)
DA:1,0
DA:2,0
DA:3,0
DA:7,0
DA:8,0
DA:11,0
DA:12,0
DA:13,0
DA:14,0
DA:16,0
DA:17,0
DA:20,0
LF:12
LH:0
BRDA:12,0,0,0
BRDA:12,0,1,0
BRDA:13,1,0,0
BRDA:13,1,1,0
BRDA:14,2,0,0
BRDA:14,2,1,0
BRDA:16,3,0,0
BRDA:8,4,0,0
BRDA:8,4,1,0
BRDA:8,5,0,0
BRDA:8,5,1,0
BRF:11
BRH:0
end_of_record
TN:
SF:src\dashboard\dashboard.module.ts
FNF:0
FNH:0
DA:1,0
DA:2,0
DA:3,0
DA:4,0
DA:11,0
LF:5
LH:0
BRF:0
BRH:0
end_of_record
TN:
SF:src\dashboard\dashboard.service.ts
FN:30,(anonymous_2)
FN:32,(anonymous_3)
FN:81,(anonymous_4)
FN:201,(anonymous_5)
FN:202,(anonymous_6)
FN:205,(anonymous_7)
FN:209,(anonymous_8)
FN:212,(anonymous_9)
FN:243,(anonymous_10)
FN:264,(anonymous_11)
FN:265,(anonymous_12)
FN:268,(anonymous_13)
FN:293,(anonymous_14)
FN:297,(anonymous_15)
FN:306,(anonymous_16)
FN:316,(anonymous_17)
FN:319,(anonymous_18)
FN:337,(anonymous_19)
FN:347,(anonymous_20)
FN:352,(anonymous_21)
FN:357,(anonymous_22)
FN:362,(anonymous_23)
FN:369,(anonymous_24)
FN:454,(anonymous_25)
FN:455,(anonymous_26)
FN:462,(anonymous_27)
FN:489,buildBriefingSummary
FNF:27
FNH:0
FNDA:0,(anonymous_2)
FNDA:0,(anonymous_3)
FNDA:0,(anonymous_4)
FNDA:0,(anonymous_5)
FNDA:0,(anonymous_6)
FNDA:0,(anonymous_7)
FNDA:0,(anonymous_8)
FNDA:0,(anonymous_9)
FNDA:0,(anonymous_10)
FNDA:0,(anonymous_11)
FNDA:0,(anonymous_12)
FNDA:0,(anonymous_13)
FNDA:0,(anonymous_14)
FNDA:0,(anonymous_15)
FNDA:0,(anonymous_16)
FNDA:0,(anonymous_17)
FNDA:0,(anonymous_18)
FNDA:0,(anonymous_19)
FNDA:0,(anonymous_20)
FNDA:0,(anonymous_21)
FNDA:0,(anonymous_22)
FNDA:0,(anonymous_23)
FNDA:0,(anonymous_24)
FNDA:0,(anonymous_25)
FNDA:0,(anonymous_26)
FNDA:0,(anonymous_27)
FNDA:0,buildBriefingSummary
DA:1,0
DA:2,0
DA:3,0
DA:4,0
DA:22,0
DA:23,0
DA:24,0
DA:27,0
DA:28,0
DA:30,0
DA:37,0
DA:39,0
DA:40,0
DA:41,0
DA:42,0
DA:44,0
DA:45,0
DA:48,0
DA:49,0
DA:50,0
DA:51,0
DA:52,0
DA:54,0
DA:55,0
DA:56,0
DA:57,0
DA:59,0
DA:60,0
DA:61,0
DA:65,0
DA:73,0
DA:78,0
DA:82,0
DA:87,0
DA:88,0
DA:89,0
DA:90,0
DA:91,0
DA:92,0
DA:93,0
DA:94,0
DA:102,0
DA:200,0
DA:201,0
DA:202,0
DA:203,0
DA:205,0
DA:206,0
DA:209,0
DA:210,0
DA:212,0
DA:214,0
DA:217,0
DA:218,0
DA:219,0
DA:221,0
DA:253,0
DA:260,0
DA:261,0
DA:264,0
DA:265,0
DA:268,0
DA:269,0
DA:273,0
DA:277,0
DA:278,0
DA:279,0
DA:286,0
DA:287,0
DA:288,0
DA:292,0
DA:294,0
DA:298,0
DA:299,0
DA:301,0
DA:307,0
DA:309,0
DA:310,0
DA:311,0
DA:312,0
DA:315,0
DA:316,0
DA:323,0
DA:325,0
DA:326,0
DA:330,0
DA:334,0
DA:337,0
DA:338,0
DA:339,0
DA:342,0
DA:343,0
DA:344,0
DA:348,0
DA:353,0
DA:354,0
DA:358,0
DA:359,0
DA:363,0
DA:364,0
DA:365,0
DA:368,0
DA:369,0
DA:371,0
DA:372,0
DA:434,0
DA:435,0
DA:438,0
DA:439,0
DA:443,0
DA:449,0
DA:452,0
DA:454,0
DA:455,0
DA:458,0
DA:467,0
DA:468,0
DA:471,0
DA:472,0
DA:475,0
DA:483,0
DA:484,0
DA:489,0
DA:490,0
DA:491,0
DA:493,0
DA:494,0
DA:497,0
DA:498,0
DA:499,0
DA:502,0
DA:503,0
DA:506,0
DA:507,0
DA:510,0
DA:511,0
DA:514,0
DA:515,0
DA:518,0
DA:519,0
DA:522,0
DA:528,0
DA:535,0
LF:143
LH:0
BRDA:40,0,0,0
BRDA:40,0,1,0
BRDA:44,1,0,0
BRDA:44,2,0,0
BRDA:44,2,1,0
BRDA:54,3,0,0
BRDA:87,4,0,0
BRDA:87,4,1,0
BRDA:206,5,0,0
BRDA:206,5,1,0
BRDA:211,6,0,0
BRDA:211,6,1,0
BRDA:262,7,0,0
BRDA:262,7,1,0
BRDA:279,8,0,0
BRDA:279,8,1,0
BRDA:294,9,0,0
BRDA:294,9,1,0
BRDA:298,10,0,0
BRDA:311,11,0,0
BRDA:312,12,0,0
BRDA:312,12,1,0
BRDA:315,13,0,0
BRDA:315,13,1,0
BRDA:330,14,0,0
BRDA:330,14,1,0
BRDA:331,15,0,0
BRDA:331,15,1,0
BRDA:332,16,0,0
BRDA:332,16,1,0
BRDA:334,17,0,0
BRDA:334,17,1,0
BRDA:338,18,0,0
BRDA:348,19,0,0
BRDA:348,19,1,0
BRDA:353,20,0,0
BRDA:353,20,1,0
BRDA:354,21,0,0
BRDA:354,21,1,0
BRDA:354,22,0,0
BRDA:354,22,1,0
BRDA:358,23,0,0
BRDA:358,23,1,0
BRDA:359,24,0,0
BRDA:359,24,1,0
BRDA:359,25,0,0
BRDA:359,25,1,0
BRDA:364,26,0,0
BRDA:380,27,0,0
BRDA:380,27,1,0
BRDA:434,28,0,0
BRDA:439,29,0,0
BRDA:439,29,1,0
BRDA:443,30,0,0
BRDA:444,31,0,0
BRDA:444,31,1,0
BRDA:444,31,2,0
BRDA:444,31,3,0
BRDA:467,32,0,0
BRDA:471,33,0,0
BRDA:483,34,0,0
BRDA:30,35,0,0
BRDA:30,35,1,0
BRDA:30,36,0,0
BRDA:30,36,1,0
BRDA:493,37,0,0
BRDA:497,38,0,0
BRDA:502,39,0,0
BRDA:506,40,0,0
BRDA:506,41,0,0
BRDA:506,41,1,0
BRDA:507,42,0,0
BRDA:507,42,1,0
BRDA:510,43,0,0
BRDA:514,44,0,0
BRDA:518,45,0,0
BRDA:518,46,0,0
BRDA:518,46,1,0
BRDA:519,47,0,0
BRDA:519,47,1,0
BRDA:522,48,0,0
BRDA:523,49,0,0
BRDA:523,49,1,0
BRDA:523,49,2,0
BRDA:523,49,3,0
BRF:85
BRH:0
end_of_record
TN:
SF:src\health\health.controller.ts
FN:7,(anonymous_2)
FN:13,(anonymous_3)
FN:24,(anonymous_4)
FNF:3
FNH:0
FNDA:0,(anonymous_2)
FNDA:0,(anonymous_3)
FNDA:0,(anonymous_4)
DA:1,0
DA:2,0
DA:3,0
DA:6,0
DA:8,0
DA:9,0
DA:13,0
DA:14,0
DA:15,0
DA:16,0
DA:17,0
DA:19,0
DA:24,0
DA:25,0
DA:27,0
DA:28,0
DA:31,0
LF:17
LH:0
BRDA:27,0,0,0
BRDA:8,1,0,0
BRDA:8,1,1,0
BRDA:8,2,0,0
BRDA:8,2,1,0
BRDA:8,3,0,0
BRDA:8,3,1,0
BRDA:8,4,0,0
BRDA:8,4,1,0
BRF:9
BRH:0
end_of_record
TN:
SF:src\health\health.module.ts
FNF:0
FNH:0
DA:1,0
DA:2,0
DA:3,0
DA:9,0
LF:4
LH:0
BRF:0
BRH:0
end_of_record
TN:
SF:src\jobs\jobs.controller.ts
FN:39,(anonymous_4)
FN:43,(anonymous_5)
FN:59,(anonymous_6)
FN:81,(anonymous_7)
FN:99,(anonymous_8)
FN:112,(anonymous_9)
FN:125,(anonymous_10)
FN:138,(anonymous_11)
FN:163,(anonymous_12)
FN:182,(anonymous_13)
FN:195,(anonymous_14)
FN:208,(anonymous_15)
FN:221,(anonymous_16)
FN:240,(anonymous_17)
FN:259,(anonymous_18)
FN:278,(anonymous_19)
FNF:16
FNH:0
FNDA:0,(anonymous_4)
FNDA:0,(anonymous_5)
FNDA:0,(anonymous_6)
FNDA:0,(anonymous_7)
FNDA:0,(anonymous_8)
FNDA:0,(anonymous_9)
FNDA:0,(anonymous_10)
FNDA:0,(anonymous_11)
FNDA:0,(anonymous_12)
FNDA:0,(anonymous_13)
FNDA:0,(anonymous_14)
FNDA:0,(anonymous_15)
FNDA:0,(anonymous_16)
FNDA:0,(anonymous_17)
FNDA:0,(anonymous_18)
FNDA:0,(anonymous_19)
DA:1,0
DA:18,0
DA:19,0
DA:20,0
DA:21,0
DA:22,0
DA:23,0
DA:24,0
DA:25,0
DA:26,0
DA:38,0
DA:39,0
DA:43,0
DA:49,0
DA:59,0
DA:70,0
DA:71,0
DA:72,0
DA:81,0
DA:86,0
DA:87,0
DA:89,0
DA:90,0
DA:95,0
DA:99,0
DA:100,0
DA:101,0
DA:103,0
DA:112,0
DA:113,0
DA:114,0
DA:116,0
DA:125,0
DA:126,0
DA:127,0
DA:129,0
DA:138,0
DA:143,0
DA:144,0
DA:146,0
DA:148,0
DA:149,0
DA:154,0
DA:163,0
DA:169,0
DA:170,0
DA:172,0
DA:182,0
DA:183,0
DA:184,0
DA:186,0
DA:195,0
DA:196,0
DA:197,0
DA:199,0
DA:208,0
DA:209,0
DA:210,0
DA:212,0
DA:221,0
DA:227,0
DA:228,0
DA:230,0
DA:240,0
DA:246,0
DA:247,0
DA:249,0
DA:259,0
DA:265,0
DA:266,0
DA:268,0
DA:278,0
DA:286,0
DA:287,0
DA:289,0
DA:290,0
DA:295,0
LF:77
LH:0
BRDA:51,0,0,0
BRDA:51,0,1,0
BRDA:70,1,0,0
BRDA:70,1,1,0
BRDA:71,2,0,0
BRDA:86,3,0,0
BRDA:86,3,1,0
BRDA:86,3,2,0
BRDA:87,4,0,0
BRDA:87,4,1,0
BRDA:89,5,0,0
BRDA:101,6,0,0
BRDA:114,7,0,0
BRDA:127,8,0,0
BRDA:143,9,0,0
BRDA:143,9,1,0
BRDA:144,10,0,0
BRDA:144,10,1,0
BRDA:146,11,0,0
BRDA:146,11,1,0
BRDA:146,11,2,0
BRDA:148,12,0,0
BRDA:170,13,0,0
BRDA:184,14,0,0
BRDA:197,15,0,0
BRDA:210,16,0,0
BRDA:228,17,0,0
BRDA:247,18,0,0
BRDA:266,19,0,0
BRDA:286,20,0,0
BRDA:286,20,1,0
BRDA:286,20,2,0
BRDA:287,21,0,0
BRDA:287,21,1,0
BRDA:289,22,0,0
BRDA:44,23,0,0
BRDA:44,23,1,0
BRDA:44,24,0,0
BRDA:44,24,1,0
BRDA:44,25,0,0
BRDA:44,25,1,0
BRDA:44,26,0,0
BRDA:44,26,1,0
BRDA:60,27,0,0
BRDA:60,27,1,0
BRDA:60,28,0,0
BRDA:60,28,1,0
BRDA:60,29,0,0
BRDA:60,29,1,0
BRDA:60,30,0,0
BRDA:60,30,1,0
BRDA:99,31,0,0
BRDA:99,31,1,0
BRDA:99,32,0,0
BRDA:99,32,1,0
BRDA:112,33,0,0
BRDA:112,33,1,0
BRDA:112,34,0,0
BRDA:112,34,1,0
BRDA:125,35,0,0
BRDA:125,35,1,0
BRDA:125,36,0,0
BRDA:125,36,1,0
BRDA:164,37,0,0
BRDA:164,37,1,0
BRDA:164,38,0,0
BRDA:164,38,1,0
BRDA:164,39,0,0
BRDA:164,39,1,0
BRDA:164,40,0,0
BRDA:164,40,1,0
BRDA:182,41,0,0
BRDA:182,41,1,0
BRDA:182,42,0,0
BRDA:182,42,1,0
BRDA:195,43,0,0
BRDA:195,43,1,0
BRDA:195,44,0,0
BRDA:195,44,1,0
BRDA:208,45,0,0
BRDA:208,45,1,0
BRDA:208,46,0,0
BRDA:208,46,1,0
BRDA:222,47,0,0
BRDA:222,47,1,0
BRDA:222,48,0,0
BRDA:222,48,1,0
BRDA:222,49,0,0
BRDA:222,49,1,0
BRDA:222,50,0,0
BRDA:222,50,1,0
BRDA:241,51,0,0
BRDA:241,51,1,0
BRDA:241,52,0,0
BRDA:241,52,1,0
BRDA:241,53,0,0
BRDA:241,53,1,0
BRDA:241,54,0,0
BRDA:241,54,1,0
BRDA:260,55,0,0
BRDA:260,55,1,0
BRDA:260,56,0,0
BRDA:260,56,1,0
BRDA:260,57,0,0
BRDA:260,57,1,0
BRDA:260,58,0,0
BRDA:260,58,1,0
BRDA:283,59,0,0
BRDA:283,59,1,0
BRDA:283,60,0,0
BRDA:283,60,1,0
BRDA:39,61,0,0
BRDA:39,61,1,0
BRDA:39,62,0,0
BRDA:39,62,1,0
BRF:115
BRH:0
end_of_record
TN:
SF:src\jobs\jobs.module.ts
FNF:0
FNH:0
DA:1,0
DA:2,0
DA:3,0
DA:4,0
DA:5,0
DA:6,0
DA:7,0
DA:8,0
DA:22,0
LF:9
LH:0
BRF:0
BRH:0
end_of_record
TN:
SF:src\jobs\jobs.service.ts
FN:97,(anonymous_2)
FN:106,(anonymous_3)
FN:150,(anonymous_4)
FN:250,(anonymous_5)
FN:256,(anonymous_6)
FN:280,(anonymous_7)
FN:300,(anonymous_8)
FN:323,(anonymous_9)
FN:343,(anonymous_10)
FN:363,(anonymous_11)
FN:377,(anonymous_12)
FN:437,(anonymous_13)
FN:445,(anonymous_14)
FN:553,(anonymous_15)
FN:577,(anonymous_16)
FN:620,(anonymous_17)
FN:638,(anonymous_18)
FN:682,(anonymous_19)
FN:700,(anonymous_20)
FN:725,(anonymous_21)
FN:749,(anonymous_22)
FN:775,(anonymous_23)
FN:795,(anonymous_24)
FN:818,(anonymous_25)
FN:877,(anonymous_26)
FN:916,(anonymous_27)
FN:923,(anonymous_28)
FN:932,(anonymous_29)
FN:936,(anonymous_30)
FN:994,(anonymous_31)
FN:1059,(anonymous_32)
FN:1118,(anonymous_33)
FN:1196,(anonymous_34)
FN:1309,(anonymous_35)
FN:1315,(anonymous_36)
FN:1320,(anonymous_37)
FN:1366,(anonymous_38)
FN:1374,(anonymous_39)
FN:1441,(anonymous_40)
FN:1442,(anonymous_41)
FN:1476,(anonymous_42)
FN:1483,(anonymous_43)
FN:1490,(anonymous_44)
FN:1505,(anonymous_45)
FN:1530,(anonymous_46)
FN:1559,(anonymous_47)
FN:1582,(anonymous_48)
FN:1599,(anonymous_49)
FN:1611,(anonymous_50)
FN:1618,(anonymous_51)
FN:1623,(anonymous_52)
FN:1626,(anonymous_53)
FN:1661,(anonymous_54)
FN:1687,(anonymous_55)
FN:1691,(anonymous_56)
FN:1697,(anonymous_57)
FN:1702,(anonymous_58)
FN:1705,(anonymous_59)
FN:1727,(anonymous_60)
FN:1732,(anonymous_61)
FN:1747,(anonymous_62)
FN:1764,(anonymous_63)
FN:1777,(anonymous_64)
FN:1782,(anonymous_65)
FN:1804,(anonymous_66)
FN:1824,(anonymous_67)
FN:1837,(anonymous_68)
FN:1861,(anonymous_69)
FN:1915,(anonymous_70)
FNF:69
FNH:14
FNDA:4,(anonymous_2)
FNDA:0,(anonymous_3)
FNDA:0,(anonymous_4)
FNDA:0,(anonymous_5)
FNDA:0,(anonymous_6)
FNDA:0,(anonymous_7)
FNDA:0,(anonymous_8)
FNDA:0,(anonymous_9)
FNDA:0,(anonymous_10)
FNDA:0,(anonymous_11)
FNDA:0,(anonymous_12)
FNDA:0,(anonymous_13)
FNDA:0,(anonymous_14)
FNDA:2,(anonymous_15)
FNDA:1,(anonymous_16)
FNDA:1,(anonymous_17)
FNDA:0,(anonymous_18)
FNDA:1,(anonymous_19)
FNDA:1,(anonymous_20)
FNDA:0,(anonymous_21)
FNDA:0,(anonymous_22)
FNDA:0,(anonymous_23)
FNDA:0,(anonymous_24)
FNDA:0,(anonymous_25)
FNDA:0,(anonymous_26)
FNDA:0,(anonymous_27)
FNDA:0,(anonymous_28)
FNDA:0,(anonymous_29)
FNDA:0,(anonymous_30)
FNDA:0,(anonymous_31)
FNDA:0,(anonymous_32)
FNDA:0,(anonymous_33)
FNDA:0,(anonymous_34)
FNDA:2,(anonymous_35)
FNDA:0,(anonymous_36)
FNDA:0,(anonymous_37)
FNDA:0,(anonymous_38)
FNDA:0,(anonymous_39)
FNDA:2,(anonymous_40)
FNDA:2,(anonymous_41)
FNDA:2,(anonymous_42)
FNDA:0,(anonymous_43)
FNDA:0,(anonymous_44)
FNDA:2,(anonymous_45)
FNDA:2,(anonymous_46)
FNDA:0,(anonymous_47)
FNDA:0,(anonymous_48)
FNDA:0,(anonymous_49)
FNDA:0,(anonymous_50)
FNDA:0,(anonymous_51)
FNDA:0,(anonymous_52)
FNDA:0,(anonymous_53)
FNDA:0,(anonymous_54)
FNDA:2,(anonymous_55)
FNDA:2,(anonymous_56)
FNDA:0,(anonymous_57)
FNDA:0,(anonymous_58)
FNDA:0,(anonymous_59)
FNDA:0,(anonymous_60)
FNDA:0,(anonymous_61)
FNDA:0,(anonymous_62)
FNDA:0,(anonymous_63)
FNDA:0,(anonymous_64)
FNDA:0,(anonymous_65)
FNDA:0,(anonymous_66)
FNDA:0,(anonymous_67)
FNDA:0,(anonymous_68)
FNDA:0,(anonymous_69)
FNDA:0,(anonymous_70)
DA:1,1
DA:8,1
DA:9,1
DA:10,1
DA:11,1
DA:12,1
DA:13,1
DA:17,1
DA:22,1
DA:23,1
DA:24,1
DA:96,1
DA:98,4
DA:99,4
DA:100,4
DA:101,4
DA:102,4
DA:103,4
DA:112,0
DA:114,0
DA:115,0
DA:116,0
DA:119,0
DA:120,0
DA:124,0
DA:125,0
DA:126,0
DA:129,0
DA:131,0
DA:132,0
DA:133,0
DA:138,0
DA:139,0
DA:143,0
DA:144,0
DA:150,0
DA:151,0
DA:157,0
DA:161,0
DA:164,0
DA:165,0
DA:166,0
DA:167,0
DA:168,0
DA:169,0
DA:170,0
DA:171,0
DA:173,0
DA:176,0
DA:179,0
DA:241,0
DA:245,0
DA:246,0
DA:247,0
DA:249,0
DA:251,0
DA:253,0
DA:256,0
DA:286,0
DA:291,0
DA:296,0
DA:297,0
DA:306,0
DA:311,0
DA:316,0
DA:317,0
DA:329,0
DA:334,0
DA:339,0
DA:340,0
DA:349,0
DA:354,0
DA:359,0
DA:360,0
DA:370,0
DA:375,0
DA:377,0
DA:378,0
DA:383,0
DA:384,0
DA:385,0
DA:391,0
DA:393,0
DA:396,0
DA:399,0
DA:400,0
DA:401,0
DA:404,0
DA:405,0
DA:406,0
DA:409,0
DA:410,0
DA:412,0
DA:413,0
DA:418,0
DA:419,0
DA:426,0
DA:427,0
DA:428,0
DA:429,0
DA:430,0
DA:431,0
DA:432,0
DA:433,0
DA:437,0
DA:443,0
DA:444,0
DA:445,0
DA:457,0
DA:458,0
DA:462,0
DA:467,0
DA:468,0
DA:471,0
DA:472,0
DA:478,0
DA:479,0
DA:482,0
DA:483,0
DA:495,0
DA:496,0
DA:497,0
DA:499,0
DA:500,0
DA:515,0
DA:519,0
DA:539,0
DA:542,0
DA:543,0
DA:550,0
DA:559,2
DA:564,2
DA:569,2
DA:571,2
DA:572,1
DA:577,1
DA:578,1
DA:583,1
DA:594,1
DA:608,1
DA:611,1
DA:617,1
DA:626,1
DA:631,1
DA:633,0
DA:638,0
DA:639,0
DA:644,0
DA:655,0
DA:670,0
DA:673,0
DA:679,0
DA:688,1
DA:693,1
DA:695,1
DA:700,1
DA:701,1
DA:706,1
DA:717,1
DA:720,1
DA:722,1
DA:732,0
DA:737,0
DA:742,0
DA:744,0
DA:745,0
DA:746,0
DA:749,0
DA:750,0
DA:758,0
DA:769,0
DA:772,0
DA:782,0
DA:787,0
DA:792,0
DA:794,0
DA:795,0
DA:796,0
DA:801,0
DA:812,0
DA:815,0
DA:825,0
DA:830,0
DA:832,0
DA:837,0
DA:838,0
DA:843,0
DA:854,0
DA:868,0
DA:884,0
DA:885,0
DA:886,0
DA:887,0
DA:888,0
DA:889,0
DA:892,0
DA:893,0
DA:895,0
DA:896,0
DA:904,0
DA:905,0
DA:908,0
DA:920,0
DA:929,0
DA:933,0
DA:942,0
DA:947,0
DA:949,0
DA:950,0
DA:952,0
DA:955,0
DA:961,0
DA:967,0
DA:968,0
DA:969,0
DA:970,0
DA:971,0
DA:974,0
DA:975,0
DA:978,0
DA:991,0
DA:993,0
DA:995,0
DA:996,0
DA:999,0
DA:1000,0
DA:1009,0
DA:1010,0
DA:1014,0
DA:1015,0
DA:1024,0
DA:1032,0
DA:1037,0
DA:1058,0
DA:1059,0
DA:1070,0
DA:1072,0
DA:1087,0
DA:1101,0
DA:1102,0
DA:1108,0
DA:1113,0
DA:1115,0
DA:1124,0
DA:1125,0
DA:1128,0
DA:1129,0
DA:1131,0
DA:1135,0
DA:1137,0
DA:1144,0
DA:1161,0
DA:1163,0
DA:1165,0
DA:1167,0
DA:1170,0
DA:1171,0
DA:1176,0
DA:1177,0
DA:1184,0
DA:1186,0
DA:1193,0
DA:1195,0
DA:1197,0
DA:1198,0
DA:1201,0
DA:1202,0
DA:1211,0
DA:1212,0
DA:1216,0
DA:1217,0
DA:1226,0
DA:1234,0
DA:1239,0
DA:1264,0
DA:1276,0
DA:1278,0
DA:1292,0
DA:1293,0
DA:1299,0
DA:1304,0
DA:1306,0
DA:1313,2
DA:1315,0
DA:1325,0
DA:1327,0
DA:1349,0
DA:1351,0
DA:1352,0
DA:1358,0
DA:1367,0
DA:1369,0
DA:1370,0
DA:1372,0
DA:1379,0
DA:1438,0
DA:1439,0
DA:1442,2
DA:1447,2
DA:1476,2
DA:1483,0
DA:1490,0
DA:1527,2
DA:1528,2
DA:1530,2
DA:1541,2
DA:1542,2
DA:1543,2
DA:1551,2
DA:1552,2
DA:1553,0
DA:1556,2
DA:1566,0
DA:1567,0
DA:1568,0
DA:1571,0
DA:1573,0
DA:1574,0
DA:1575,0
DA:1579,0
DA:1588,0
DA:1589,0
DA:1592,0
DA:1593,0
DA:1596,0
DA:1604,0
DA:1606,0
DA:1607,0
DA:1610,0
DA:1611,0
DA:1619,0
DA:1620,0
DA:1623,0
DA:1633,0
DA:1634,0
DA:1637,0
DA:1656,0
DA:1657,0
DA:1666,0
DA:1667,0
DA:1672,0
DA:1675,0
DA:1676,0
DA:1681,0
DA:1684,0
DA:1688,2
DA:1692,2
DA:1693,2
DA:1694,1
DA:1698,0
DA:1699,0
DA:1705,0
DA:1706,0
DA:1707,0
DA:1708,0
DA:1710,0
DA:1711,0
DA:1713,0
DA:1714,0
DA:1719,0
DA:1731,0
DA:1732,0
DA:1735,0
DA:1736,0
DA:1737,0
DA:1739,0
DA:1752,0
DA:1753,0
DA:1754,0
DA:1755,0
DA:1756,0
DA:1758,0
DA:1761,0
DA:1769,0
DA:1781,0
DA:1782,0
DA:1788,0
DA:1789,0
DA:1794,0
DA:1805,0
DA:1817,0
DA:1818,0
DA:1821,0
DA:1829,0
DA:1834,0
DA:1842,0
DA:1843,0
DA:1845,0
DA:1854,0
DA:1855,0
DA:1858,0
DA:1866,0
DA:1867,0
DA:1875,0
DA:1876,0
DA:1879,0
DA:1880,0
DA:1883,0
DA:1888,0
DA:1889,0
DA:1890,0
DA:1891,0
DA:1893,0
DA:1894,0
DA:1898,0
DA:1901,0
DA:1912,0
DA:1920,0
DA:1921,0
DA:1923,0
DA:1931,0
DA:1932,0
DA:1935,0
LF:413
LH:58
BRDA:119,0,0,0
BRDA:119,1,0,0
BRDA:119,1,1,0
BRDA:121,2,0,0
BRDA:121,2,1,0
BRDA:125,3,0,0
BRDA:131,4,0,0
BRDA:132,5,0,0
BRDA:132,5,1,0
BRDA:132,6,0,0
BRDA:132,6,1,0
BRDA:138,7,0,0
BRDA:143,8,0,0
BRDA:151,9,0,0
BRDA:151,9,1,0
BRDA:153,10,0,0
BRDA:153,10,1,0
BRDA:164,11,0,0
BRDA:164,11,1,0
BRDA:165,12,0,0
BRDA:166,13,0,0
BRDA:167,14,0,0
BRDA:167,14,1,0
BRDA:169,15,0,0
BRDA:169,15,1,0
BRDA:170,16,0,0
BRDA:170,16,1,0
BRDA:189,17,0,0
BRDA:189,17,1,0
BRDA:189,18,0,0
BRDA:189,18,1,0
BRDA:189,19,0,0
BRDA:189,19,1,0
BRDA:192,20,0,0
BRDA:192,20,1,0
BRDA:193,21,0,0
BRDA:193,21,1,0
BRDA:242,22,0,0
BRDA:242,22,1,0
BRDA:242,23,0,0
BRDA:242,23,1,0
BRDA:242,24,0,0
BRDA:242,24,1,0
BRDA:246,25,0,0
BRDA:246,25,1,0
BRDA:247,26,0,0
BRDA:247,26,1,0
BRDA:260,27,0,0
BRDA:260,27,1,0
BRDA:266,28,0,0
BRDA:266,28,1,0
BRDA:266,28,2,0
BRDA:266,28,3,0
BRDA:271,29,0,0
BRDA:271,29,1,0
BRDA:271,29,2,0
BRDA:273,30,0,0
BRDA:273,30,1,0
BRDA:273,30,2,0
BRDA:277,31,0,0
BRDA:277,31,1,0
BRDA:375,32,0,0
BRDA:393,33,0,0
BRDA:393,33,1,0
BRDA:396,34,0,0
BRDA:396,34,1,0
BRDA:399,35,0,0
BRDA:404,36,0,0
BRDA:409,37,0,0
BRDA:410,38,0,0
BRDA:410,38,1,0
BRDA:412,39,0,0
BRDA:413,40,0,0
BRDA:413,40,1,0
BRDA:418,41,0,0
BRDA:426,42,0,0
BRDA:434,43,0,0
BRDA:434,43,1,0
BRDA:434,44,0,0
BRDA:434,44,1,0
BRDA:435,45,0,0
BRDA:435,45,1,0
BRDA:457,46,0,0
BRDA:458,47,0,0
BRDA:459,48,0,0
BRDA:459,48,1,0
BRDA:471,49,0,0
BRDA:478,50,0,0
BRDA:479,51,0,0
BRDA:479,51,1,0
BRDA:482,52,0,0
BRDA:495,53,0,0
BRDA:496,54,0,0
BRDA:496,54,1,0
BRDA:499,55,0,0
BRDA:515,56,0,0
BRDA:516,57,0,0
BRDA:516,57,1,0
BRDA:527,58,0,0
BRDA:527,58,1,0
BRDA:542,59,0,0
BRDA:571,60,0,1
BRDA:601,61,0,1
BRDA:601,61,1,0
BRDA:631,62,0,1
BRDA:693,63,0,0
BRDA:745,64,0,0
BRDA:830,65,0,0
BRDA:837,66,0,0
BRDA:885,67,0,0
BRDA:885,67,1,0
BRDA:886,68,0,0
BRDA:888,69,0,0
BRDA:888,70,0,0
BRDA:888,70,1,0
BRDA:888,70,2,0
BRDA:895,71,0,0
BRDA:904,72,0,0
BRDA:947,73,0,0
BRDA:950,74,0,0
BRDA:952,75,0,0
BRDA:952,75,1,0
BRDA:958,76,0,0
BRDA:958,76,1,0
BRDA:961,77,0,0
BRDA:961,77,1,0
BRDA:967,78,0,0
BRDA:967,78,1,0
BRDA:972,79,0,0
BRDA:972,79,1,0
BRDA:976,80,0,0
BRDA:976,80,1,0
BRDA:980,81,0,0
BRDA:980,81,1,0
BRDA:981,82,0,0
BRDA:981,82,1,0
BRDA:995,83,0,0
BRDA:999,84,0,0
BRDA:999,84,1,0
BRDA:1009,85,0,0
BRDA:1014,86,0,0
BRDA:1054,87,0,0
BRDA:1054,87,1,0
BRDA:1061,88,0,0
BRDA:1061,88,1,0
BRDA:1094,89,0,0
BRDA:1094,89,1,0
BRDA:1094,89,2,0
BRDA:1094,90,0,0
BRDA:1094,90,1,0
BRDA:1096,91,0,0
BRDA:1096,91,1,0
BRDA:1097,92,0,0
BRDA:1097,92,1,0
BRDA:1097,92,2,0
BRDA:1101,93,0,0
BRDA:1124,94,0,0
BRDA:1129,95,0,0
BRDA:1137,96,0,0
BRDA:1137,96,1,0
BRDA:1148,97,0,0
BRDA:1148,97,1,0
BRDA:1161,98,0,0
BRDA:1163,99,0,0
BRDA:1163,99,1,0
BRDA:1165,100,0,0
BRDA:1165,100,1,0
BRDA:1165,100,2,0
BRDA:1167,101,0,0
BRDA:1167,101,1,0
BRDA:1170,102,0,0
BRDA:1170,103,0,0
BRDA:1170,103,1,0
BRDA:1184,104,0,0
BRDA:1197,105,0,0
BRDA:1201,106,0,0
BRDA:1201,106,1,0
BRDA:1211,107,0,0
BRDA:1216,108,0,0
BRDA:1244,109,0,0
BRDA:1244,109,1,0
BRDA:1246,110,0,0
BRDA:1246,110,1,0
BRDA:1250,111,0,0
BRDA:1250,111,1,0
BRDA:1260,112,0,0
BRDA:1260,112,1,0
BRDA:1285,113,0,0
BRDA:1285,113,1,0
BRDA:1287,114,0,0
BRDA:1287,114,1,0
BRDA:1292,115,0,0
BRDA:1314,116,0,2
BRDA:1314,116,1,0
BRDA:1314,116,2,0
BRDA:1325,117,0,0
BRDA:1349,118,0,0
BRDA:1353,119,0,0
BRDA:1353,119,1,0
BRDA:1353,119,2,0
BRDA:1353,119,3,0
BRDA:1360,120,0,0
BRDA:1360,120,1,0
BRDA:1362,121,0,0
BRDA:1362,121,1,0
BRDA:1362,121,2,0
BRDA:1367,122,0,0
BRDA:1370,123,0,0
BRDA:1370,124,0,0
BRDA:1370,124,1,0
BRDA:1438,125,0,0
BRDA:1450,126,0,2
BRDA:1450,126,1,0
BRDA:1450,126,2,0
BRDA:1456,127,0,2
BRDA:1456,127,1,0
BRDA:1487,128,0,0
BRDA:1487,128,1,0
BRDA:1487,128,2,0
BRDA:1541,129,0,0
BRDA:1541,130,0,2
BRDA:1541,130,1,2
BRDA:1546,131,0,2
BRDA:1546,131,1,0
BRDA:1547,132,0,2
BRDA:1547,132,1,0
BRDA:1552,133,0,2
BRDA:1552,133,1,0
BRDA:1553,134,0,0
BRDA:1553,134,1,0
BRDA:1567,135,0,0
BRDA:1571,136,0,0
BRDA:1571,136,1,0
BRDA:1573,137,0,0
BRDA:1573,137,1,0
BRDA:1573,137,2,0
BRDA:1574,138,0,0
BRDA:1588,139,0,0
BRDA:1592,140,0,0
BRDA:1593,141,0,0
BRDA:1593,141,1,0
BRDA:1606,142,0,0
BRDA:1619,143,0,0
BRDA:1633,144,0,0
BRDA:1656,145,0,0
BRDA:1666,146,0,0
BRDA:1675,147,0,0
BRDA:1692,148,0,0
BRDA:1693,149,0,1
BRDA:1698,150,0,0
BRDA:1698,150,1,0
BRDA:1699,151,0,0
BRDA:1699,151,1,0
BRDA:1707,152,0,0
BRDA:1710,153,0,0
BRDA:1713,154,0,0
BRDA:1752,155,0,0
BRDA:1754,156,0,0
BRDA:1755,157,0,0
BRDA:1761,158,0,0
BRDA:1761,158,1,0
BRDA:1770,159,0,0
BRDA:1770,159,1,0
BRDA:1770,159,2,0
BRDA:1770,159,3,0
BRDA:1781,160,0,0
BRDA:1788,161,0,0
BRDA:1817,162,0,0
BRDA:1817,163,0,0
BRDA:1817,163,1,0
BRDA:1832,164,0,0
BRDA:1832,164,1,0
BRDA:1834,165,0,0
BRDA:1834,165,1,0
BRDA:1843,166,0,0
BRDA:1854,167,0,0
BRDA:1866,168,0,0
BRDA:1875,169,0,0
BRDA:1879,170,0,0
BRDA:1888,171,0,0
BRDA:1888,171,1,0
BRDA:1893,172,0,0
BRDA:1898,173,0,0
BRDA:1921,174,0,0
BRDA:1931,175,0,0
BRDA:98,176,0,1
BRDA:98,176,1,0
BRDA:98,177,0,1
BRDA:98,177,1,1
BRDA:98,178,0,1
BRDA:98,178,1,0
BRDA:98,179,0,1
BRDA:98,179,1,1
BRDA:99,180,0,1
BRDA:99,180,1,0
BRDA:99,181,0,1
BRDA:99,181,1,1
BRDA:100,182,0,1
BRDA:100,182,1,0
BRDA:100,183,0,1
BRDA:100,183,1,1
BRDA:101,184,0,1
BRDA:101,184,1,0
BRDA:101,185,0,1
BRDA:101,185,1,1
BRDA:102,186,0,1
BRDA:102,186,1,0
BRDA:102,187,0,1
BRDA:102,187,1,1
BRF:309
BRH:30
end_of_record
TN:
SF:src\jobs\dto\create-job-comment.dto.ts
FNF:0
FNH:0
DA:1,0
DA:3,0
DA:6,0
LF:3
LH:0
BRF:0
BRH:0
end_of_record
TN:
SF:src\jobs\dto\create-job.dto.ts
FN:49,(anonymous_2)
FN:54,(anonymous_3)
FN:69,(anonymous_4)
FN:113,(anonymous_5)
FN:119,(anonymous_6)
FNF:5
FNH:0
FNDA:0,(anonymous_2)
FNDA:0,(anonymous_3)
FNDA:0,(anonymous_4)
FNDA:0,(anonymous_5)
FNDA:0,(anonymous_6)
DA:1,0
DA:2,0
DA:18,0
DA:22,0
DA:26,0
DA:30,0
DA:34,0
DA:38,0
DA:42,0
DA:47,0
DA:49,0
DA:52,0
DA:54,0
DA:57,0
DA:60,0
DA:62,0
DA:66,0
DA:69,0
DA:71,0
DA:77,0
DA:81,0
DA:85,0
DA:89,0
DA:93,0
DA:97,0
DA:100,0
DA:104,0
DA:108,0
DA:113,0
DA:114,0
DA:119,0
DA:120,0
LF:32
LH:0
BRDA:69,0,0,0
BRDA:69,0,1,0
BRF:2
BRH:0
end_of_record
TN:
SF:src\jobs\dto\list-jobs.dto.ts
FN:31,(anonymous_2)
FNF:1
FNH:0
FNDA:0,(anonymous_2)
DA:1,0
DA:2,0
DA:3,0
DA:5,0
DA:8,0
DA:12,0
DA:16,0
DA:20,0
DA:24,0
DA:28,0
DA:31,0
DA:34,0
DA:38,0
LF:13
LH:0
BRDA:12,0,0,0
BRDA:12,0,1,0
BRDA:12,1,0,0
BRDA:12,1,1,0
BRF:4
BRH:0
end_of_record
TN:
SF:src\jobs\dto\request-job-payment.dto.ts
FNF:0
FNH:0
DA:1,0
DA:3,0
DA:6,0
DA:10,0
DA:14,0
LF:5
LH:0
BRF:0
BRH:0
end_of_record
TN:
SF:src\jobs\dto\review-job.dto.ts
FN:6,(anonymous_2)
FNF:1
FNH:0
FNDA:0,(anonymous_2)
DA:1,0
DA:2,0
DA:4,0
DA:6,0
DA:8,0
DA:12,0
DA:16,0
DA:20,0
DA:24,0
LF:9
LH:0
BRDA:6,0,0,0
BRDA:6,0,1,0
BRF:2
BRH:0
end_of_record
TN:
SF:src\jobs\dto\update-job-internal-notes.dto.ts
FNF:0
FNH:0
DA:1,0
DA:3,0
DA:6,0
LF:3
LH:0
BRF:0
BRH:0
end_of_record
TN:
SF:src\jobs\dto\update-job.dto.ts
FN:22,(anonymous_2)
FN:27,(anonymous_3)
FN:43,(anonymous_4)
FN:60,(anonymous_5)
FNF:4
FNH:0
FNDA:0,(anonymous_2)
FNDA:0,(anonymous_3)
FNDA:0,(anonymous_4)
FNDA:0,(anonymous_5)
DA:1,0
DA:2,0
DA:12,0
DA:17,0
DA:20,0
DA:22,0
DA:25,0
DA:27,0
DA:30,0
DA:33,0
DA:36,0
DA:40,0
DA:43,0
DA:45,0
DA:51,0
DA:55,0
DA:60,0
DA:61,0
LF:18
LH:0
BRDA:43,0,0,0
BRDA:43,0,1,0
BRDA:55,1,0,0
BRDA:55,1,1,0
BRDA:55,2,0,0
BRDA:55,2,1,0
BRF:6
BRH:0
end_of_record
TN:
SF:src\me\me.controller.ts
FN:25,(anonymous_4)
FN:31,(anonymous_5)
FN:36,(anonymous_6)
FN:73,(anonymous_7)
FN:87,(anonymous_8)
FN:94,(anonymous_9)
FN:98,(anonymous_10)
FNF:7
FNH:0
FNDA:0,(anonymous_4)
FNDA:0,(anonymous_5)
FNDA:0,(anonymous_6)
FNDA:0,(anonymous_7)
FNDA:0,(anonymous_8)
FNDA:0,(anonymous_9)
FNDA:0,(anonymous_10)
DA:2,0
DA:3,0
DA:4,0
DA:5,0
DA:6,0
DA:7,0
DA:24,0
DA:26,0
DA:27,0
DA:31,0
DA:32,0
DA:33,0
DA:34,0
DA:35,0
DA:36,0
DA:39,0
DA:41,0
DA:45,0
DA:59,0
DA:61,0
DA:70,0
DA:72,0
DA:73,0
DA:74,0
DA:75,0
DA:77,0
DA:78,0
DA:81,0
DA:87,0
DA:94,0
DA:100,0
DA:102,0
DA:105,0
DA:106,0
DA:109,0
DA:114,0
DA:115,0
DA:118,0
DA:123,0
DA:124,0
DA:127,0
LF:41
LH:0
BRDA:32,0,0,0
BRDA:32,0,1,0
BRDA:33,1,0,0
BRDA:33,1,1,0
BRDA:34,2,0,0
BRDA:34,2,1,0
BRDA:35,3,0,0
BRDA:35,3,1,0
BRDA:36,4,0,0
BRDA:36,4,1,0
BRDA:39,5,0,0
BRDA:39,5,1,0
BRDA:39,5,2,0
BRDA:48,6,0,0
BRDA:48,6,1,0
BRDA:49,7,0,0
BRDA:49,7,1,0
BRDA:49,7,2,0
BRDA:53,8,0,0
BRDA:53,8,1,0
BRDA:54,9,0,0
BRDA:54,9,1,0
BRDA:54,9,2,0
BRDA:70,10,0,0
BRDA:70,10,1,0
BRDA:72,11,0,0
BRDA:72,11,1,0
BRDA:74,12,0,0
BRDA:75,13,0,0
BRDA:75,13,1,0
BRDA:77,14,0,0
BRDA:83,15,0,0
BRDA:83,15,1,0
BRDA:83,15,2,0
BRDA:84,16,0,0
BRDA:84,16,1,0
BRDA:84,16,2,0
BRDA:84,16,3,0
BRDA:85,17,0,0
BRDA:85,17,1,0
BRDA:94,18,0,0
BRDA:94,18,1,0
BRDA:102,19,0,0
BRDA:102,19,1,0
BRDA:105,20,0,0
BRDA:105,21,0,0
BRDA:105,21,1,0
BRDA:114,22,0,0
BRDA:123,23,0,0
BRDA:26,24,0,0
BRDA:26,24,1,0
BRDA:26,25,0,0
BRDA:26,25,1,0
BRDA:26,26,0,0
BRDA:26,26,1,0
BRDA:26,27,0,0
BRDA:26,27,1,0
BRF:57
BRH:0
end_of_record
TN:
SF:src\me\me.module.ts
FNF:0
FNH:0
DA:1,0
DA:2,0
DA:5,0
LF:3
LH:0
BRF:0
BRH:0
end_of_record
TN:
SF:src\modules\services\services.controller.ts
FN:29,(anonymous_4)
FN:34,(anonymous_5)
FN:46,(anonymous_6)
FN:54,(anonymous_7)
FN:65,(anonymous_8)
FNF:5
FNH:0
FNDA:0,(anonymous_4)
FNDA:0,(anonymous_5)
FNDA:0,(anonymous_6)
FNDA:0,(anonymous_7)
FNDA:0,(anonymous_8)
DA:1,0
DA:15,0
DA:16,0
DA:17,0
DA:18,0
DA:19,0
DA:20,0
DA:21,0
DA:22,0
DA:23,0
DA:24,0
DA:28,0
DA:30,0
DA:34,0
DA:42,0
DA:46,0
DA:47,0
DA:54,0
DA:59,0
DA:65,0
DA:71,0
LF:21
LH:0
BRDA:30,0,0,0
BRDA:30,0,1,0
BRDA:30,1,0,0
BRDA:30,1,1,0
BRDA:30,2,0,0
BRDA:30,2,1,0
BRDA:30,3,0,0
BRDA:30,3,1,0
BRF:8
BRH:0
end_of_record
TN:
SF:src\modules\services\services.module.ts
FNF:0
FNH:0
DA:1,0
DA:2,0
DA:3,0
DA:4,0
DA:10,0
LF:5
LH:0
BRF:0
BRH:0
end_of_record
TN:
SF:src\modules\services\services.service.ts
FN:8,(anonymous_2)
FN:14,(anonymous_3)
FN:41,(anonymous_4)
FN:47,(anonymous_5)
FN:85,(anonymous_6)
FN:133,(anonymous_7)
FN:143,(anonymous_8)
FN:146,(anonymous_9)
FN:178,(anonymous_10)
FNF:9
FNH:0
FNDA:0,(anonymous_2)
FNDA:0,(anonymous_3)
FNDA:0,(anonymous_4)
FNDA:0,(anonymous_5)
FNDA:0,(anonymous_6)
FNDA:0,(anonymous_7)
FNDA:0,(anonymous_8)
FNDA:0,(anonymous_9)
FNDA:0,(anonymous_10)
DA:1,0
DA:2,0
DA:4,0
DA:7,0
DA:9,0
DA:10,0
DA:18,0
DA:19,0
DA:21,0
DA:31,0
DA:33,0
DA:38,0
DA:42,0
DA:43,0
DA:44,0
DA:48,0
DA:60,0
DA:61,0
DA:63,0
DA:78,0
DA:80,0
DA:81,0
DA:86,0
DA:87,0
DA:89,0
DA:99,0
DA:100,0
DA:102,0
DA:126,0
DA:128,0
DA:129,0
DA:134,0
DA:144,0
DA:146,0
DA:147,0
DA:149,0
DA:150,0
DA:151,0
DA:153,0
DA:155,0
DA:156,0
DA:158,0
DA:159,0
DA:161,0
DA:162,0
DA:164,0
DA:165,0
DA:167,0
DA:168,0
DA:171,0
DA:175,0
DA:179,0
LF:52
LH:0
BRDA:18,0,0,0
BRDA:18,0,1,0
BRDA:19,1,0,0
BRDA:19,1,1,0
BRDA:26,2,0,0
BRDA:26,2,1,0
BRDA:27,3,0,0
BRDA:27,3,1,0
BRDA:43,4,0,0
BRDA:51,5,0,0
BRDA:51,5,1,0
BRDA:53,6,0,0
BRDA:53,6,1,0
BRDA:54,7,0,0
BRDA:54,7,1,0
BRDA:55,8,0,0
BRDA:55,8,1,0
BRDA:56,9,0,0
BRDA:56,9,1,0
BRDA:80,10,0,0
BRDA:87,11,0,0
BRDA:90,12,0,0
BRDA:90,12,1,0
BRDA:91,13,0,0
BRDA:91,13,1,0
BRDA:92,14,0,0
BRDA:92,14,1,0
BRDA:93,15,0,0
BRDA:93,15,1,0
BRDA:93,15,2,0
BRDA:94,16,0,0
BRDA:94,16,1,0
BRDA:95,17,0,0
BRDA:95,17,1,0
BRDA:96,18,0,0
BRDA:96,18,1,0
BRDA:128,19,0,0
BRDA:144,20,0,0
BRDA:150,21,0,0
BRDA:150,21,1,0
BRDA:153,22,0,0
BRDA:153,22,1,0
BRDA:153,22,2,0
BRDA:153,22,3,0
BRDA:153,22,4,0
BRDA:153,22,5,0
BRDA:175,23,0,0
BRDA:175,23,1,0
BRDA:9,24,0,0
BRDA:9,24,1,0
BRDA:9,25,0,0
BRDA:9,25,1,0
BRDA:9,26,0,0
BRDA:9,26,1,0
BRDA:9,27,0,0
BRDA:9,27,1,0
BRF:56
BRH:0
end_of_record
TN:
SF:src\modules\services\services.zod.ts
FN:16,(anonymous_0)
FNF:1
FNH:0
FNDA:0,(anonymous_0)
DA:1,0
DA:3,0
DA:15,0
DA:16,0
LF:4
LH:0
BRF:0
BRH:0
end_of_record
TN:
SF:src\notifications\notification-worker.main.ts
FN:6,bootstrap
FN:16,(anonymous_1)
FN:22,(anonymous_2)
FN:25,(anonymous_3)
FNF:4
FNH:0
FNDA:0,bootstrap
FNDA:0,(anonymous_1)
FNDA:0,(anonymous_2)
FNDA:0,(anonymous_3)
DA:1,0
DA:2,0
DA:3,0
DA:4,0
DA:7,0
DA:10,0
DA:12,0
DA:14,0
DA:16,0
DA:17,0
DA:18,0
DA:19,0
DA:22,0
DA:23,0
DA:25,0
DA:26,0
DA:30,0
LF:17
LH:0
BRF:0
BRH:0
end_of_record
TN:
SF:src\notifications\notification-worker.module.ts
FNF:0
FNH:0
DA:1,0
DA:2,0
DA:3,0
DA:4,0
DA:5,0
DA:6,0
DA:17,0
LF:7
LH:0
BRF:0
BRH:0
end_of_record
TN:
SF:src\notifications\notification-worker.service.ts
FN:34,(anonymous_4)
FN:44,(anonymous_5)
FN:49,(anonymous_6)
FN:50,(anonymous_7)
FN:61,(anonymous_8)
FN:62,(anonymous_9)
FN:75,(anonymous_10)
FN:82,(anonymous_11)
FN:83,(anonymous_12)
FN:89,(anonymous_13)
FN:96,(anonymous_14)
FN:127,(anonymous_15)
FN:133,(anonymous_16)
FN:140,(anonymous_17)
FN:173,(anonymous_18)
FN:190,(anonymous_19)
FN:224,(anonymous_20)
FN:350,(anonymous_21)
FN:419,(anonymous_22)
FNF:19
FNH:0
FNDA:0,(anonymous_4)
FNDA:0,(anonymous_5)
FNDA:0,(anonymous_6)
FNDA:0,(anonymous_7)
FNDA:0,(anonymous_8)
FNDA:0,(anonymous_9)
FNDA:0,(anonymous_10)
FNDA:0,(anonymous_11)
FNDA:0,(anonymous_12)
FNDA:0,(anonymous_13)
FNDA:0,(anonymous_14)
FNDA:0,(anonymous_15)
FNDA:0,(anonymous_16)
FNDA:0,(anonymous_17)
FNDA:0,(anonymous_18)
FNDA:0,(anonymous_19)
FNDA:0,(anonymous_20)
FNDA:0,(anonymous_21)
FNDA:0,(anonymous_22)
DA:1,0
DA:2,0
DA:7,0
DA:8,0
DA:9,0
DA:10,0
DA:11,0
DA:15,0
DA:16,0
DA:21,0
DA:22,0
DA:23,0
DA:30,0
DA:31,0
DA:32,0
DA:35,0
DA:36,0
DA:37,0
DA:38,0
DA:40,0
DA:41,0
DA:45,0
DA:47,0
DA:50,0
DA:51,0
DA:59,0
DA:62,0
DA:63,0
DA:71,0
DA:72,0
DA:76,0
DA:83,0
DA:84,0
DA:89,0
DA:90,0
DA:96,0
DA:97,0
DA:98,0
DA:101,0
DA:109,0
DA:110,0
DA:111,0
DA:112,0
DA:116,0
DA:127,0
DA:128,0
DA:133,0
DA:134,0
DA:140,0
DA:141,0
DA:142,0
DA:145,0
DA:153,0
DA:154,0
DA:155,0
DA:156,0
DA:161,0
DA:179,0
DA:191,0
DA:198,0
DA:199,0
DA:200,0
DA:206,0
DA:208,0
DA:218,0
DA:225,0
DA:227,0
DA:231,0
DA:236,0
DA:239,0
DA:243,0
DA:245,0
DA:246,0
DA:249,0
DA:252,0
DA:264,0
DA:265,0
DA:268,0
DA:271,0
DA:272,0
DA:275,0
DA:278,0
DA:279,0
DA:282,0
DA:285,0
DA:286,0
DA:289,0
DA:292,0
DA:293,0
DA:294,0
DA:297,0
DA:300,0
DA:301,0
DA:302,0
DA:305,0
DA:319,0
DA:320,0
DA:321,0
DA:322,0
DA:323,0
DA:324,0
DA:325,0
DA:326,0
DA:328,0
DA:331,0
DA:338,0
DA:339,0
DA:342,0
DA:351,0
DA:353,0
DA:354,0
DA:359,0
DA:362,0
DA:363,0
DA:364,0
DA:365,0
DA:368,0
DA:376,0
DA:377,0
DA:380,0
DA:381,0
DA:385,0
DA:388,0
DA:389,0
DA:390,0
DA:394,0
DA:397,0
DA:401,0
DA:405,0
DA:406,0
DA:408,0
DA:409,0
DA:413,0
DA:416,0
DA:429,0
LF:135
LH:0
BRDA:91,0,0,0
BRDA:91,0,1,0
BRDA:97,1,0,0
BRDA:102,2,0,0
BRDA:102,2,1,0
BRDA:105,3,0,0
BRDA:105,3,1,0
BRDA:106,4,0,0
BRDA:106,4,1,0
BRDA:109,5,0,0
BRDA:109,6,0,0
BRDA:109,6,1,0
BRDA:113,7,0,0
BRDA:113,7,1,0
BRDA:135,8,0,0
BRDA:135,8,1,0
BRDA:141,9,0,0
BRDA:146,10,0,0
BRDA:146,10,1,0
BRDA:149,11,0,0
BRDA:149,11,1,0
BRDA:150,12,0,0
BRDA:150,12,1,0
BRDA:153,13,0,0
BRDA:153,14,0,0
BRDA:153,14,1,0
BRDA:158,15,0,0
BRDA:158,15,1,0
BRDA:186,16,0,0
BRDA:186,16,1,0
BRDA:187,17,0,0
BRDA:187,17,1,0
BRDA:194,18,0,0
BRDA:194,18,1,0
BRDA:203,19,0,0
BRDA:203,19,1,0
BRDA:213,20,0,0
BRDA:213,20,1,0
BRDA:231,21,0,0
BRDA:232,22,0,0
BRDA:232,22,1,0
BRDA:232,22,2,0
BRDA:245,23,0,0
BRDA:264,24,0,0
BRDA:271,25,0,0
BRDA:278,26,0,0
BRDA:285,27,0,0
BRDA:292,28,0,0
BRDA:292,28,1,0
BRDA:293,29,0,0
BRDA:301,30,0,0
BRDA:308,31,0,0
BRDA:308,31,1,0
BRDA:312,32,0,0
BRDA:312,32,1,0
BRDA:312,32,2,0
BRDA:313,33,0,0
BRDA:313,33,1,0
BRDA:319,34,0,0
BRDA:319,34,1,0
BRDA:323,35,0,0
BRDA:323,35,1,0
BRDA:338,36,0,0
BRDA:339,37,0,0
BRDA:339,37,1,0
BRDA:345,38,0,0
BRDA:345,38,1,0
BRDA:354,39,0,0
BRDA:355,40,0,0
BRDA:355,40,1,0
BRDA:355,40,2,0
BRDA:364,41,0,0
BRDA:371,42,0,0
BRDA:371,42,1,0
BRDA:376,43,0,0
BRDA:376,44,0,0
BRDA:376,44,1,0
BRDA:380,45,0,0
BRDA:389,46,0,0
BRDA:401,47,0,0
BRDA:401,47,1,0
BRDA:405,48,0,0
BRDA:405,48,1,0
BRDA:408,49,0,0
BRDA:416,50,0,0
BRDA:416,50,1,0
BRDA:433,51,0,0
BRDA:433,51,1,0
BRDA:35,52,0,0
BRDA:35,52,1,0
BRDA:35,53,0,0
BRDA:35,53,1,0
BRDA:35,54,0,0
BRDA:35,54,1,0
BRDA:35,55,0,0
BRDA:35,55,1,0
BRDA:36,56,0,0
BRDA:36,56,1,0
BRDA:36,57,0,0
BRDA:36,57,1,0
BRDA:37,58,0,0
BRDA:37,58,1,0
BRDA:37,59,0,0
BRDA:37,59,1,0
BRDA:38,60,0,0
BRDA:38,60,1,0
BRDA:38,61,0,0
BRDA:38,61,1,0
BRF:108
BRH:0
end_of_record
TN:
SF:src\notifications\notification.constants.ts
FNF:0
FNH:0
DA:1,3
DA:2,3
DA:3,3
DA:4,3
DA:6,3
DA:7,3
DA:8,3
DA:10,3
LF:8
LH:8
BRF:0
BRH:0
end_of_record
TN:
SF:src\notifications\notification.module.ts
FN:22,(anonymous_1)
FNF:1
FNH:0
FNDA:0,(anonymous_1)
DA:1,0
DA:2,0
DA:3,0
DA:4,0
DA:8,0
DA:9,0
DA:10,0
DA:26,0
DA:39,0
LF:9
LH:0
BRF:0
BRH:0
end_of_record
TN:
SF:src\notifications\notification.service.ts
FN:55,(anonymous_4)
FN:60,(anonymous_5)
FN:67,(anonymous_6)
FN:143,(anonymous_7)
FN:149,(anonymous_8)
FN:161,(anonymous_9)
FN:173,(anonymous_10)
FN:180,(anonymous_11)
FN:191,(anonymous_12)
FN:197,(anonymous_13)
FN:202,(anonymous_14)
FN:222,(anonymous_15)
FN:230,(anonymous_16)
FN:235,(anonymous_17)
FN:241,(anonymous_18)
FN:324,(anonymous_19)
FN:337,(anonymous_20)
FN:357,(anonymous_21)
FN:368,(anonymous_22)
FN:391,(anonymous_23)
FN:414,(anonymous_24)
FN:454,(anonymous_25)
FN:501,(anonymous_26)
FN:527,(anonymous_27)
FN:545,(anonymous_28)
FN:568,(anonymous_29)
FN:583,(anonymous_30)
FN:605,(anonymous_31)
FN:622,(anonymous_32)
FNF:29
FNH:16
FNDA:6,(anonymous_4)
FNDA:2,(anonymous_5)
FNDA:1,(anonymous_6)
FNDA:1,(anonymous_7)
FNDA:2,(anonymous_8)
FNDA:2,(anonymous_9)
FNDA:0,(anonymous_10)
FNDA:0,(anonymous_11)
FNDA:0,(anonymous_12)
FNDA:0,(anonymous_13)
FNDA:1,(anonymous_14)
FNDA:0,(anonymous_15)
FNDA:2,(anonymous_16)
FNDA:0,(anonymous_17)
FNDA:0,(anonymous_18)
FNDA:0,(anonymous_19)
FNDA:0,(anonymous_20)
FNDA:1,(anonymous_21)
FNDA:2,(anonymous_22)
FNDA:1,(anonymous_23)
FNDA:1,(anonymous_24)
FNDA:2,(anonymous_25)
FNDA:2,(anonymous_26)
FNDA:0,(anonymous_27)
FNDA:0,(anonymous_28)
FNDA:1,(anonymous_29)
FNDA:0,(anonymous_30)
FNDA:0,(anonymous_31)
FNDA:2,(anonymous_32)
DA:1,3
DA:7,3
DA:13,3
DA:23,3
DA:27,3
DA:28,3
DA:33,3
DA:34,3
DA:36,3
DA:53,3
DA:55,6
DA:59,3
DA:61,2
DA:62,2
DA:64,2
DA:71,1
DA:73,1
DA:79,1
DA:80,0
DA:83,1
DA:84,1
DA:85,1
DA:91,1
DA:92,1
DA:94,1
DA:95,2
DA:96,2
DA:97,0
DA:100,2
DA:116,2
DA:117,2
DA:125,2
DA:127,0
DA:136,0
DA:140,1
DA:148,1
DA:150,2
DA:154,1
DA:161,2
DA:177,0
DA:184,0
DA:191,0
DA:197,0
DA:198,0
DA:206,1
DA:220,1
DA:221,1
DA:222,0
DA:225,1
DA:231,2
DA:235,0
DA:245,0
DA:246,0
DA:248,0
DA:249,0
DA:252,0
DA:253,0
DA:254,0
DA:275,0
DA:276,0
DA:277,0
DA:285,0
DA:292,0
DA:298,0
DA:314,0
DA:328,0
DA:337,0
DA:338,0
DA:339,0
DA:342,0
DA:354,0
DA:361,1
DA:369,2
DA:384,2
DA:385,0
DA:388,2
DA:395,1
DA:396,0
DA:399,1
DA:400,1
DA:403,0
DA:404,0
DA:407,0
DA:408,0
DA:411,0
DA:421,1
DA:423,1
DA:424,1
DA:431,0
DA:432,0
DA:439,0
DA:440,0
DA:447,0
DA:469,2
DA:470,2
DA:472,2
DA:474,2
DA:479,2
DA:490,0
DA:508,2
DA:509,0
DA:512,2
DA:513,2
DA:516,0
DA:517,0
DA:520,0
DA:521,0
DA:524,0
DA:530,0
DA:532,0
DA:534,0
DA:536,0
DA:538,0
DA:541,0
DA:554,0
DA:569,1
DA:580,1
DA:589,0
DA:590,0
DA:593,0
DA:594,0
DA:604,0
DA:605,0
DA:608,0
DA:609,0
DA:612,0
DA:633,2
LF:127
LH:61
BRDA:79,0,0,0
BRDA:88,1,0,1
BRDA:88,1,1,0
BRDA:91,2,0,1
BRDA:91,2,1,0
BRDA:96,3,0,0
BRDA:132,4,0,0
BRDA:132,4,1,0
BRDA:146,5,0,0
BRDA:220,6,0,1
BRDA:220,6,1,1
BRDA:248,7,0,0
BRDA:265,8,0,0
BRDA:265,8,1,0
BRDA:276,9,0,0
BRDA:300,10,0,0
BRDA:300,10,1,0
BRDA:305,11,0,0
BRDA:305,11,1,0
BRDA:310,12,0,0
BRDA:310,12,1,0
BRDA:317,13,0,0
BRDA:317,13,1,0
BRDA:338,14,0,0
BRDA:354,15,0,0
BRDA:354,15,1,0
BRDA:362,16,0,1
BRDA:362,16,1,1
BRDA:362,16,2,1
BRDA:384,17,0,0
BRDA:395,18,0,0
BRDA:399,19,0,1
BRDA:403,20,0,0
BRDA:407,21,0,0
BRDA:423,22,0,1
BRDA:431,23,0,0
BRDA:434,24,0,0
BRDA:434,24,1,0
BRDA:439,25,0,0
BRDA:442,26,0,0
BRDA:442,26,1,0
BRDA:449,27,0,0
BRDA:449,27,1,0
BRDA:472,28,0,2
BRDA:474,29,0,2
BRDA:474,29,1,2
BRDA:474,29,2,2
BRDA:474,29,3,0
BRDA:481,30,0,0
BRDA:481,30,1,2
BRDA:482,31,0,0
BRDA:482,31,1,2
BRDA:484,32,0,0
BRDA:484,32,1,2
BRDA:494,33,0,0
BRDA:494,33,1,0
BRDA:495,34,0,0
BRDA:495,34,1,0
BRDA:496,35,0,0
BRDA:496,35,1,0
BRDA:508,36,0,0
BRDA:512,37,0,2
BRDA:516,38,0,0
BRDA:520,39,0,0
BRDA:530,40,0,0
BRDA:530,40,1,0
BRDA:530,40,2,0
BRDA:530,40,3,0
BRDA:530,40,4,0
BRDA:530,40,5,0
BRDA:557,41,0,0
BRDA:557,41,1,0
BRDA:561,42,0,0
BRDA:561,42,1,0
BRDA:561,42,2,0
BRDA:562,43,0,0
BRDA:562,43,1,0
BRDA:589,44,0,0
BRDA:593,45,0,0
BRDA:608,46,0,0
BRDA:638,47,0,2
BRDA:638,47,1,0
BRDA:639,48,0,2
BRDA:639,48,1,2
BRDA:61,49,0,3
BRDA:61,49,1,0
BRDA:61,50,0,3
BRDA:61,50,1,3
BRDA:61,51,0,3
BRDA:61,51,1,0
BRDA:61,52,0,3
BRDA:61,52,1,3
BRF:92
BRH:26
end_of_record
TN:
SF:src\notifications\providers\email.provider.ts
FN:11,resolveEmailProviderKind
FN:27,selectEmailProvider
FNF:2
FNH:0
FNDA:0,resolveEmailProviderKind
FNDA:0,selectEmailProvider
DA:3,4
DA:11,4
DA:14,0
DA:16,0
DA:17,0
DA:20,0
DA:24,0
DA:27,4
DA:31,0
LF:9
LH:3
BRDA:12,0,0,0
BRDA:16,1,0,0
BRDA:16,2,0,0
BRDA:16,2,1,0
BRDA:20,3,0,0
BRDA:20,3,1,0
BRDA:20,3,2,0
BRDA:24,4,0,0
BRDA:24,4,1,0
BRDA:29,5,0,0
BRDA:31,6,0,0
BRDA:31,6,1,0
BRF:12
BRH:0
end_of_record
TN:
SF:src\notifications\providers\resend.provider.ts
FN:10,(anonymous_2)
FN:15,(anonymous_3)
FNF:2
FNH:0
FNDA:0,(anonymous_2)
FNDA:0,(anonymous_3)
DA:1,0
DA:4,0
DA:7,0
DA:11,0
DA:12,0
DA:16,0
DA:17,0
DA:20,0
DA:21,0
DA:28,0
DA:29,0
DA:31,0
LF:12
LH:0
BRDA:12,0,0,0
BRDA:12,0,1,0
BRDA:16,1,0,0
BRDA:28,2,0,0
BRDA:31,3,0,0
BRDA:31,3,1,0
BRF:6
BRH:0
end_of_record
TN:
SF:src\notifications\providers\smtp.provider.ts
FN:6,parseBoolean
FN:17,buildTransporter
FN:36,(anonymous_3)
FN:48,(anonymous_4)
FNF:4
FNH:0
FNDA:0,parseBoolean
FNDA:0,buildTransporter
FNDA:0,(anonymous_3)
FNDA:0,(anonymous_4)
DA:1,0
DA:2,0
DA:7,0
DA:8,0
DA:11,0
DA:12,0
DA:13,0
DA:14,0
DA:18,0
DA:19,0
DA:20,0
DA:21,0
DA:22,0
DA:24,0
DA:33,0
DA:34,0
DA:37,0
DA:38,0
DA:39,0
DA:41,0
DA:49,0
LF:21
LH:0
BRDA:7,0,0,0
BRDA:12,1,0,0
BRDA:13,2,0,0
BRDA:18,3,0,0
BRDA:18,3,1,0
BRDA:19,4,0,0
BRDA:19,4,1,0
BRDA:28,5,0,0
BRDA:28,5,1,0
BRDA:28,6,0,0
BRDA:28,6,1,0
BRDA:43,7,0,0
BRDA:43,7,1,0
BRF:13
BRH:0
end_of_record
TN:
SF:src\notifications\providers\twilio.provider.ts
FN:10,(anonymous_3)
FN:18,(anonymous_4)
FNF:2
FNH:0
FNDA:0,(anonymous_3)
FNDA:0,(anonymous_4)
DA:1,0
DA:4,0
DA:7,0
DA:8,0
DA:11,0
DA:12,0
DA:13,0
DA:14,0
DA:19,0
DA:20,0
DA:21,0
DA:26,0
DA:28,0
LF:13
LH:0
BRDA:13,0,0,0
BRDA:13,1,0,0
BRDA:13,1,1,0
BRDA:20,2,0,0
BRDA:28,3,0,0
BRDA:28,3,1,0
BRF:6
BRH:0
end_of_record
TN:
SF:src\notifications\queue\notification-queue.service.ts
FN:41,(anonymous_2)
FN:46,(anonymous_3)
FN:85,(anonymous_4)
FN:87,(anonymous_5)
FN:95,(anonymous_6)
FN:106,(anonymous_7)
FN:117,(anonymous_8)
FN:121,(anonymous_9)
FN:154,(anonymous_10)
FN:163,(anonymous_11)
FNF:10
FNH:0
FNDA:0,(anonymous_2)
FNDA:0,(anonymous_3)
FNDA:0,(anonymous_4)
FNDA:0,(anonymous_5)
FNDA:0,(anonymous_6)
FNDA:0,(anonymous_7)
FNDA:0,(anonymous_8)
FNDA:0,(anonymous_9)
FNDA:0,(anonymous_10)
FNDA:0,(anonymous_11)
DA:1,3
DA:5,3
DA:6,3
DA:7,3
DA:8,3
DA:19,3
DA:22,3
DA:23,0
DA:25,0
DA:29,0
DA:33,0
DA:37,0
DA:42,0
DA:43,0
DA:53,0
DA:54,0
DA:56,0
DA:78,0
DA:86,0
DA:87,0
DA:88,0
DA:96,0
DA:100,0
DA:107,0
DA:111,0
DA:118,0
DA:122,0
DA:123,0
DA:124,0
DA:126,0
DA:133,0
DA:141,0
DA:143,0
DA:155,0
DA:164,0
LF:35
LH:7
BRDA:141,0,0,0
BRDA:141,0,1,0
BRDA:42,1,0,3
BRDA:42,1,1,0
BRDA:42,2,0,3
BRDA:42,2,1,3
BRDA:42,3,0,3
BRDA:42,3,1,0
BRDA:42,4,0,3
BRDA:42,4,1,3
BRF:10
BRH:6
end_of_record
TN:
SF:src\notifications\queue\redis.config.ts
FN:3,getRedisConnection
FNF:1
FNH:0
FNDA:0,getRedisConnection
DA:3,3
DA:6,0
DA:8,0
DA:9,0
DA:11,0
DA:22,0
LF:6
LH:1
BRDA:4,0,0,0
BRDA:8,1,0,0
BRDA:13,2,0,0
BRDA:13,2,1,0
BRDA:14,3,0,0
BRDA:14,3,1,0
BRDA:15,4,0,0
BRDA:15,4,1,0
BRDA:16,5,0,0
BRDA:16,5,1,0
BRDA:16,6,0,0
BRDA:16,6,1,0
BRDA:17,7,0,0
BRDA:17,7,1,0
BRDA:23,8,0,0
BRDA:23,8,1,0
BRDA:24,9,0,0
BRDA:24,9,1,0
BRDA:25,10,0,0
BRDA:25,10,1,0
BRDA:26,11,0,0
BRDA:26,11,1,0
BRF:22
BRH:0
end_of_record
TN:
SF:src\notifications\templates\jobConfirmation.ts
FN:4,jobConfirmation
FNF:1
FNH:0
FNDA:0,jobConfirmation
DA:2,3
DA:4,3
DA:5,0
DA:11,0
DA:12,0
DA:13,0
DA:14,0
DA:15,0
DA:17,0
LF:9
LH:2
BRDA:11,0,0,0
BRDA:11,0,1,0
BRDA:12,1,0,0
BRDA:12,1,1,0
BRDA:13,2,0,0
BRDA:13,2,1,0
BRDA:14,3,0,0
BRDA:14,3,1,0
BRDA:15,4,0,0
BRDA:15,4,1,0
BRDA:26,5,0,0
BRDA:26,5,1,0
BRF:12
BRH:0
end_of_record
TN:
SF:src\notifications\templates\jobReminder1h.ts
FN:4,jobReminder1h
FNF:1
FNH:0
FNDA:0,jobReminder1h
DA:2,0
DA:4,0
DA:5,0
DA:6,0
DA:7,0
DA:8,0
DA:9,0
DA:10,0
DA:11,0
DA:12,0
LF:10
LH:0
BRDA:6,0,0,0
BRDA:6,0,1,0
BRDA:9,1,0,0
BRDA:9,1,1,0
BRDA:10,2,0,0
BRDA:10,2,1,0
BRDA:11,3,0,0
BRDA:11,3,1,0
BRDA:20,4,0,0
BRDA:20,4,1,0
BRDA:21,5,0,0
BRDA:21,5,1,0
BRDA:22,6,0,0
BRDA:22,6,1,0
BRF:14
BRH:0
end_of_record
TN:
SF:src\notifications\templates\jobReminder24h.ts
FN:4,jobReminder24h
FNF:1
FNH:0
FNDA:0,jobReminder24h
DA:2,0
DA:4,0
DA:5,0
DA:6,0
DA:7,0
DA:8,0
DA:9,0
DA:10,0
DA:11,0
DA:12,0
LF:10
LH:0
BRDA:6,0,0,0
BRDA:6,0,1,0
BRDA:9,1,0,0
BRDA:9,1,1,0
BRDA:10,2,0,0
BRDA:10,2,1,0
BRDA:11,3,0,0
BRDA:11,3,1,0
BRDA:20,4,0,0
BRDA:20,4,1,0
BRDA:21,5,0,0
BRDA:21,5,1,0
BRDA:22,6,0,0
BRDA:22,6,1,0
BRF:14
BRH:0
end_of_record
TN:
SF:src\notifications\templates\jobReminder2h.ts
FN:4,jobReminder2h
FNF:1
FNH:0
FNDA:0,jobReminder2h
DA:2,0
DA:4,0
DA:5,0
DA:6,0
DA:7,0
DA:8,0
DA:9,0
DA:10,0
DA:11,0
DA:12,0
LF:10
LH:0
BRDA:6,0,0,0
BRDA:6,0,1,0
BRDA:9,1,0,0
BRDA:9,1,1,0
BRDA:10,2,0,0
BRDA:10,2,1,0
BRDA:11,3,0,0
BRDA:11,3,1,0
BRDA:20,4,0,0
BRDA:20,4,1,0
BRDA:21,5,0,0
BRDA:21,5,1,0
BRDA:22,6,0,0
BRDA:22,6,1,0
BRF:14
BRH:0
end_of_record
TN:
SF:src\notifications\templates\template.utils.ts
FN:1,escapeHtml
FN:10,formatNotificationDate
FNF:2
FNH:0
FNDA:0,escapeHtml
FNDA:0,formatNotificationDate
DA:1,3
DA:2,0
DA:10,3
DA:11,0
LF:4
LH:2
BRF:0
BRH:0
end_of_record
TN:
SF:src\observability\app-logger.service.ts
FN:10,(anonymous_2)
FN:15,(anonymous_3)
FN:19,(anonymous_4)
FN:30,(anonymous_5)
FN:34,(anonymous_6)
FN:38,(anonymous_7)
FN:42,(anonymous_8)
FN:46,(anonymous_9)
FN:50,(anonymous_10)
FN:54,(anonymous_11)
FN:76,(anonymous_12)
FN:95,(anonymous_13)
FN:112,(anonymous_14)
FNF:13
FNH:0
FNDA:0,(anonymous_2)
FNDA:0,(anonymous_3)
FNDA:0,(anonymous_4)
FNDA:0,(anonymous_5)
FNDA:0,(anonymous_6)
FNDA:0,(anonymous_7)
FNDA:0,(anonymous_8)
FNDA:0,(anonymous_9)
FNDA:0,(anonymous_10)
FNDA:0,(anonymous_11)
FNDA:0,(anonymous_12)
FNDA:0,(anonymous_13)
FNDA:0,(anonymous_14)
DA:1,3
DA:3,3
DA:4,3
DA:9,3
DA:11,0
DA:12,0
DA:16,0
DA:20,0
DA:31,0
DA:35,0
DA:39,0
DA:43,0
DA:47,0
DA:51,0
DA:60,0
DA:70,0
DA:77,0
DA:78,0
DA:86,0
DA:87,0
DA:88,0
DA:89,0
DA:92,0
DA:96,0
DA:97,0
DA:100,0
DA:113,0
DA:114,0
DA:117,0
DA:118,0
DA:121,0
LF:31
LH:4
BRDA:16,0,0,0
BRDA:16,0,1,0
BRDA:24,1,0,0
BRDA:24,1,1,0
BRDA:25,2,0,0
BRDA:25,2,1,0
BRDA:31,3,0,0
BRDA:31,3,1,0
BRDA:35,4,0,0
BRDA:35,4,1,0
BRDA:39,5,0,0
BRDA:39,5,1,0
BRDA:60,6,0,0
BRDA:60,6,1,0
BRDA:66,7,0,0
BRDA:66,7,1,0
BRDA:71,8,0,0
BRDA:71,8,1,0
BRDA:83,9,0,0
BRDA:83,9,1,0
BRDA:87,10,0,0
BRDA:96,11,0,0
BRDA:113,12,0,0
BRDA:117,13,0,0
BRDA:11,14,0,3
BRDA:11,14,1,0
BRDA:11,15,0,3
BRDA:11,15,1,3
BRDA:11,16,0,3
BRDA:11,16,1,0
BRDA:11,17,0,3
BRDA:11,17,1,3
BRF:32
BRH:6
end_of_record
TN:
SF:src\observability\audit-log.service.ts
FN:23,(anonymous_2)
FN:29,(anonymous_3)
FNF:2
FNH:0
FNDA:0,(anonymous_2)
FNDA:0,(anonymous_3)
DA:1,1
DA:3,1
DA:4,1
DA:5,1
DA:22,1
DA:24,0
DA:25,0
DA:26,0
DA:30,0
DA:31,0
DA:33,0
LF:11
LH:5
BRDA:30,0,0,0
BRDA:30,0,1,0
BRDA:39,1,0,0
BRDA:39,1,1,0
BRDA:39,1,2,0
BRDA:41,2,0,0
BRDA:41,2,1,0
BRDA:41,2,2,0
BRDA:42,3,0,0
BRDA:42,3,1,0
BRDA:42,3,2,0
BRDA:24,4,0,1
BRDA:24,4,1,0
BRDA:24,5,0,1
BRDA:24,5,1,1
BRDA:24,6,0,1
BRDA:24,6,1,0
BRDA:24,7,0,1
BRDA:24,7,1,1
BRDA:25,8,0,1
BRDA:25,8,1,0
BRDA:25,9,0,1
BRDA:25,9,1,1
BRF:23
BRH:9
end_of_record
TN:
SF:src\observability\global-exception.filter.ts
FN:14,(anonymous_2)
FN:19,(anonymous_3)
FN:62,(anonymous_4)
FNF:3
FNH:0
FNDA:0,(anonymous_2)
FNDA:0,(anonymous_3)
FNDA:0,(anonymous_4)
DA:1,0
DA:8,0
DA:9,0
DA:10,0
DA:13,0
DA:15,0
DA:16,0
DA:20,0
DA:21,0
DA:22,0
DA:23,0
DA:24,0
DA:26,0
DA:27,0
DA:30,0
DA:31,0
DA:33,0
DA:52,0
DA:67,0
DA:68,0
DA:71,0
DA:72,0
DA:75,0
DA:80,0
DA:81,0
DA:82,0
DA:84,0
DA:85,0
DA:89,0
DA:90,0
DA:93,0
LF:31
LH:0
BRDA:27,0,0,0
BRDA:27,0,1,0
BRDA:30,1,0,0
BRDA:30,1,1,0
BRDA:37,2,0,0
BRDA:37,2,1,0
BRDA:38,3,0,0
BRDA:38,3,1,0
BRDA:40,4,0,0
BRDA:40,4,1,0
BRDA:41,5,0,0
BRDA:41,5,1,0
BRDA:42,6,0,0
BRDA:42,6,1,0
BRDA:45,7,0,0
BRDA:45,7,1,0
BRDA:47,8,0,0
BRDA:47,8,1,0
BRDA:57,9,0,0
BRDA:57,9,1,0
BRDA:67,10,0,0
BRDA:71,11,0,0
BRDA:75,12,0,0
BRDA:76,13,0,0
BRDA:76,13,1,0
BRDA:76,13,2,0
BRDA:81,14,0,0
BRDA:84,15,0,0
BRDA:84,16,0,0
BRDA:84,16,1,0
BRDA:89,17,0,0
BRDA:89,18,0,0
BRDA:89,18,1,0
BRDA:15,19,0,0
BRDA:15,19,1,0
BRDA:15,20,0,0
BRDA:15,20,1,0
BRDA:15,21,0,0
BRDA:15,21,1,0
BRDA:15,22,0,0
BRDA:15,22,1,0
BRF:41
BRH:0
end_of_record
TN:
SF:src\observability\log-sanitizer.service.ts
FN:26,(anonymous_1)
FN:56,(anonymous_2)
FN:92,(anonymous_3)
FN:96,(anonymous_4)
FN:100,(anonymous_5)
FN:104,(anonymous_6)
FN:108,(anonymous_7)
FN:118,(anonymous_8)
FN:128,(anonymous_9)
FNF:9
FNH:0
FNDA:0,(anonymous_1)
FNDA:0,(anonymous_2)
FNDA:0,(anonymous_3)
FNDA:0,(anonymous_4)
FNDA:0,(anonymous_5)
FNDA:0,(anonymous_6)
FNDA:0,(anonymous_7)
FNDA:0,(anonymous_8)
FNDA:0,(anonymous_9)
DA:1,4
DA:3,4
DA:4,4
DA:7,4
DA:8,0
DA:27,0
DA:28,0
DA:31,0
DA:32,0
DA:35,0
DA:40,0
DA:43,0
DA:44,0
DA:47,0
DA:48,0
DA:55,0
DA:56,0
DA:59,0
DA:60,0
DA:62,0
DA:63,0
DA:64,0
DA:65,0
DA:68,0
DA:69,0
DA:70,0
DA:73,0
DA:74,0
DA:75,0
DA:78,0
DA:79,0
DA:80,0
DA:83,0
DA:86,0
DA:89,0
DA:93,0
DA:97,0
DA:101,0
DA:105,0
DA:109,0
DA:110,0
DA:119,0
DA:120,0
DA:123,0
DA:124,0
DA:125,0
DA:129,0
DA:130,0
DA:133,0
DA:134,0
DA:135,0
DA:138,0
DA:139,0
LF:53
LH:4
BRDA:26,0,0,0
BRDA:27,1,0,0
BRDA:31,2,0,0
BRDA:35,3,0,0
BRDA:36,4,0,0
BRDA:36,4,1,0
BRDA:36,4,2,0
BRDA:43,5,0,0
BRDA:47,6,0,0
BRDA:55,7,0,0
BRDA:59,8,0,0
BRDA:63,9,0,0
BRDA:68,10,0,0
BRDA:73,11,0,0
BRDA:78,12,0,0
BRDA:79,13,0,0
BRDA:79,13,1,0
BRDA:97,14,0,0
BRDA:97,14,1,0
BRDA:111,15,0,0
BRDA:111,15,1,0
BRDA:111,15,2,0
BRDA:111,15,3,0
BRDA:119,16,0,0
BRDA:119,17,0,0
BRDA:119,17,1,0
BRDA:120,18,0,0
BRDA:120,18,1,0
BRDA:129,19,0,0
BRDA:130,20,0,0
BRDA:130,20,1,0
BRDA:134,21,0,0
BRF:32
BRH:0
end_of_record
TN:
SF:src\observability\observability.module.ts
FNF:0
FNH:0
DA:1,0
DA:2,0
DA:3,0
DA:4,0
DA:5,0
DA:6,0
DA:7,0
DA:8,0
DA:9,0
DA:10,0
DA:39,0
LF:11
LH:0
BRF:0
BRH:0
end_of_record
TN:
SF:src\observability\request-context.interceptor.ts
FN:12,(anonymous_2)
FN:14,(anonymous_3)
FNF:2
FNH:0
FNDA:0,(anonymous_2)
FNDA:0,(anonymous_3)
DA:1,0
DA:8,0
DA:11,0
DA:12,0
DA:15,0
DA:16,0
DA:18,0
DA:29,0
LF:8
LH:0
BRDA:15,0,0,0
BRDA:19,1,0,0
BRDA:19,1,1,0
BRDA:20,2,0,0
BRDA:20,2,1,0
BRDA:22,3,0,0
BRDA:22,3,1,0
BRDA:22,3,2,0
BRDA:22,3,3,0
BRDA:12,4,0,0
BRDA:12,4,1,0
BRDA:12,5,0,0
BRDA:12,5,1,0
BRF:13
BRH:0
end_of_record
TN:
SF:src\observability\request-context.middleware.ts
FN:8,(anonymous_2)
FN:13,(anonymous_3)
FN:32,(anonymous_4)
FN:33,(anonymous_5)
FN:59,(anonymous_6)
FN:70,(anonymous_7)
FNF:6
FNH:0
FNDA:0,(anonymous_2)
FNDA:0,(anonymous_3)
FNDA:0,(anonymous_4)
FNDA:0,(anonymous_5)
FNDA:0,(anonymous_6)
FNDA:0,(anonymous_7)
DA:1,0
DA:3,0
DA:4,0
DA:7,0
DA:9,0
DA:10,0
DA:15,0
DA:18,0
DA:19,0
DA:20,0
DA:21,0
DA:27,0
DA:29,0
DA:30,0
DA:32,0
DA:33,0
DA:35,0
DA:37,0
DA:39,0
DA:55,0
DA:60,0
DA:61,0
DA:63,0
DA:64,0
DA:67,0
DA:71,0
DA:72,0
LF:27
LH:0
BRDA:15,0,0,0
BRDA:15,0,1,0
BRDA:15,0,2,0
BRDA:18,1,0,0
BRDA:18,1,1,0
BRDA:19,2,0,0
BRDA:19,2,1,0
BRDA:20,3,0,0
BRDA:20,3,1,0
BRDA:37,4,0,0
BRDA:37,4,1,0
BRDA:46,5,0,0
BRDA:46,5,1,0
BRDA:48,6,0,0
BRDA:48,6,1,0
BRDA:48,6,2,0
BRDA:48,6,3,0
BRDA:61,7,0,0
BRDA:61,7,1,0
BRDA:63,8,0,0
BRDA:64,9,0,0
BRDA:64,9,1,0
BRDA:72,10,0,0
BRDA:72,10,1,0
BRDA:72,11,0,0
BRDA:72,11,1,0
BRDA:9,12,0,0
BRDA:9,12,1,0
BRDA:9,13,0,0
BRDA:9,13,1,0
BRDA:9,14,0,0
BRDA:9,14,1,0
BRDA:9,15,0,0
BRDA:9,15,1,0
BRF:34
BRH:0
end_of_record
TN:
SF:src\observability\request-context.service.ts
FN:19,(anonymous_1)
FN:29,(anonymous_2)
FN:33,(anonymous_3)
FN:42,(anonymous_4)
FN:65,(anonymous_5)
FN:86,(anonymous_6)
FN:105,(anonymous_7)
FNF:7
FNH:0
FNDA:0,(anonymous_1)
FNDA:0,(anonymous_2)
FNDA:0,(anonymous_3)
FNDA:0,(anonymous_4)
FNDA:0,(anonymous_5)
FNDA:0,(anonymous_6)
FNDA:0,(anonymous_7)
DA:1,4
DA:2,4
DA:3,4
DA:16,4
DA:17,0
DA:20,0
DA:30,0
DA:34,0
DA:35,0
DA:36,0
DA:39,0
DA:48,0
DA:49,0
DA:51,0
DA:66,0
DA:68,0
DA:73,0
DA:91,0
DA:113,0
LF:19
LH:4
BRDA:23,0,0,0
BRDA:23,0,1,0
BRDA:30,1,0,0
BRDA:30,1,1,0
BRDA:35,2,0,0
BRDA:48,3,0,0
BRDA:48,3,1,0
BRDA:49,4,0,0
BRDA:49,4,1,0
BRDA:59,5,0,0
BRDA:59,5,1,0
BRDA:60,6,0,0
BRDA:60,6,1,0
BRDA:68,7,0,0
BRDA:68,7,1,0
BRDA:68,7,2,0
BRDA:68,7,3,0
BRDA:76,8,0,0
BRDA:76,8,1,0
BRDA:76,8,2,0
BRDA:79,9,0,0
BRDA:79,9,1,0
BRDA:79,9,2,0
BRDA:80,10,0,0
BRDA:80,10,1,0
BRDA:80,10,2,0
BRDA:81,11,0,0
BRDA:81,11,1,0
BRDA:81,11,2,0
BRDA:82,12,0,0
BRDA:82,12,1,0
BRDA:82,12,2,0
BRDA:93,13,0,0
BRDA:93,13,1,0
BRDA:94,14,0,0
BRDA:94,14,1,0
BRDA:96,15,0,0
BRDA:96,15,1,0
BRDA:97,16,0,0
BRDA:97,16,1,0
BRDA:98,17,0,0
BRDA:98,17,1,0
BRDA:98,17,2,0
BRDA:116,18,0,0
BRDA:116,18,1,0
BRDA:118,19,0,0
BRDA:118,19,1,0
BRDA:121,20,0,0
BRDA:121,20,1,0
BRF:49
BRH:0
end_of_record
TN:
SF:src\payments\payments.controller.ts
FN:10,(anonymous_4)
FN:13,(anonymous_5)
FN:22,(anonymous_6)
FNF:3
FNH:0
FNDA:0,(anonymous_4)
FNDA:0,(anonymous_5)
FNDA:0,(anonymous_6)
DA:1,0
DA:2,0
DA:3,0
DA:4,0
DA:5,0
DA:9,0
DA:10,0
DA:13,0
DA:18,0
DA:22,0
DA:27,0
LF:11
LH:0
BRDA:16,0,0,0
BRDA:16,0,1,0
BRDA:16,1,0,0
BRDA:16,1,1,0
BRDA:10,2,0,0
BRDA:10,2,1,0
BRDA:10,3,0,0
BRDA:10,3,1,0
BRF:8
BRH:0
end_of_record
TN:
SF:src\payments\payments.module.ts
FNF:0
FNH:0
DA:1,0
DA:2,0
DA:3,0
DA:4,0
DA:5,0
DA:6,0
DA:14,0
LF:7
LH:0
BRF:0
BRH:0
end_of_record
TN:
SF:src\payments\payments.service.ts
FN:34,(anonymous_5)
FN:41,(anonymous_6)
FN:78,(anonymous_7)
FN:81,(anonymous_8)
FN:177,(anonymous_9)
FN:244,(anonymous_10)
FN:314,(anonymous_11)
FN:344,(anonymous_12)
FN:430,(anonymous_13)
FN:461,(anonymous_14)
FN:486,(anonymous_15)
FN:533,(anonymous_16)
FN:549,(anonymous_17)
FN:561,(anonymous_18)
FN:580,(anonymous_19)
FN:590,(anonymous_20)
FN:600,(anonymous_21)
FN:620,(anonymous_22)
FNF:18
FNH:8
FNDA:4,(anonymous_5)
FNDA:3,(anonymous_6)
FNDA:1,(anonymous_7)
FNDA:1,(anonymous_8)
FNDA:0,(anonymous_9)
FNDA:0,(anonymous_10)
FNDA:1,(anonymous_11)
FNDA:1,(anonymous_12)
FNDA:0,(anonymous_13)
FNDA:0,(anonymous_14)
FNDA:0,(anonymous_15)
FNDA:0,(anonymous_16)
FNDA:0,(anonymous_17)
FNDA:0,(anonymous_18)
FNDA:0,(anonymous_19)
FNDA:1,(anonymous_20)
FNDA:1,(anonymous_21)
FNDA:0,(anonymous_22)
DA:1,3
DA:8,3
DA:9,3
DA:10,3
DA:11,3
DA:13,3
DA:14,3
DA:15,3
DA:33,3
DA:35,4
DA:36,4
DA:37,4
DA:38,4
DA:46,3
DA:68,3
DA:69,0
DA:72,3
DA:73,1
DA:76,2
DA:77,2
DA:78,2
DA:79,2
DA:80,2
DA:81,1
DA:104,2
DA:107,2
DA:114,2
DA:115,1
DA:121,1
DA:122,1
DA:123,0
DA:127,1
DA:131,1
DA:134,1
DA:149,1
DA:171,1
DA:180,0
DA:182,0
DA:214,0
DA:215,0
DA:218,0
DA:219,0
DA:223,0
DA:229,0
DA:248,0
DA:250,0
DA:284,0
DA:285,0
DA:288,0
DA:289,0
DA:294,0
DA:318,1
DA:319,1
DA:321,1
DA:325,1
DA:326,0
DA:329,1
DA:337,1
DA:338,0
DA:341,1
DA:342,1
DA:344,1
DA:345,1
DA:360,1
DA:377,1
DA:378,0
DA:381,1
DA:382,1
DA:384,1
DA:393,1
DA:395,1
DA:409,1
DA:425,1
DA:426,1
DA:434,0
DA:448,0
DA:449,0
DA:452,0
DA:463,0
DA:467,0
DA:468,0
DA:471,0
DA:477,0
DA:478,0
DA:481,0
DA:482,0
DA:483,0
DA:486,0
DA:487,0
DA:496,0
DA:500,0
DA:501,0
DA:504,0
DA:505,0
DA:507,0
DA:515,0
DA:534,0
DA:538,0
DA:539,0
DA:542,0
DA:543,0
DA:544,0
DA:547,0
DA:550,0
DA:551,0
DA:554,0
DA:555,0
DA:558,0
DA:565,0
DA:566,0
DA:569,0
DA:570,0
DA:573,0
DA:574,0
DA:577,0
DA:583,0
DA:584,0
DA:586,0
DA:591,1
DA:593,1
DA:594,0
DA:597,1
DA:601,1
DA:602,0
DA:605,1
DA:613,1
DA:617,1
DA:625,0
DA:626,0
DA:629,0
DA:641,0
DA:642,0
DA:643,0
DA:645,0
LF:134
LH:61
BRDA:68,0,0,0
BRDA:72,1,0,1
BRDA:76,2,0,2
BRDA:76,2,1,1
BRDA:77,3,0,2
BRDA:77,3,1,0
BRDA:79,4,0,2
BRDA:79,4,1,1
BRDA:80,5,0,1
BRDA:80,5,1,1
BRDA:104,6,0,2
BRDA:104,6,1,0
BRDA:114,7,0,1
BRDA:122,8,0,0
BRDA:127,9,0,1
BRDA:127,9,1,0
BRDA:131,10,0,1
BRDA:131,10,1,0
BRDA:214,11,0,0
BRDA:214,12,0,0
BRDA:214,12,1,0
BRDA:214,12,2,0
BRDA:235,13,0,0
BRDA:235,13,1,0
BRDA:236,14,0,0
BRDA:236,14,1,0
BRDA:237,15,0,0
BRDA:237,15,1,0
BRDA:238,16,0,0
BRDA:238,16,1,0
BRDA:284,17,0,0
BRDA:284,18,0,0
BRDA:284,18,1,0
BRDA:300,19,0,0
BRDA:300,19,1,0
BRDA:301,20,0,0
BRDA:301,20,1,0
BRDA:302,21,0,0
BRDA:302,21,1,0
BRDA:303,22,0,0
BRDA:303,22,1,0
BRDA:319,23,0,1
BRDA:319,23,1,0
BRDA:321,24,0,1
BRDA:321,24,1,0
BRDA:323,25,0,0
BRDA:323,25,1,0
BRDA:325,26,0,0
BRDA:325,27,0,1
BRDA:325,27,1,1
BRDA:337,28,0,0
BRDA:337,29,0,1
BRDA:337,29,1,1
BRDA:349,30,0,1
BRDA:349,30,1,0
BRDA:351,31,0,1
BRDA:351,31,1,0
BRDA:355,32,0,0
BRDA:355,32,1,1
BRDA:377,33,0,0
BRDA:389,34,0,1
BRDA:389,34,1,0
BRDA:393,35,0,1
BRDA:393,35,1,0
BRDA:415,36,0,1
BRDA:415,36,1,0
BRDA:416,37,0,1
BRDA:416,37,1,0
BRDA:420,38,0,1
BRDA:420,38,1,0
BRDA:425,39,0,1
BRDA:440,40,0,0
BRDA:440,40,1,0
BRDA:448,41,0,0
BRDA:463,42,0,0
BRDA:463,42,1,0
BRDA:465,43,0,0
BRDA:465,43,1,0
BRDA:467,44,0,0
BRDA:477,45,0,0
BRDA:481,46,0,0
BRDA:481,46,1,0
BRDA:482,47,0,0
BRDA:492,48,0,0
BRDA:492,48,1,0
BRDA:500,49,0,0
BRDA:538,50,0,0
BRDA:538,51,0,0
BRDA:538,51,1,0
BRDA:543,52,0,0
BRDA:543,53,0,0
BRDA:543,53,1,0
BRDA:550,54,0,0
BRDA:554,55,0,0
BRDA:565,56,0,0
BRDA:569,57,0,0
BRDA:573,58,0,0
BRDA:593,59,0,0
BRDA:601,60,0,0
BRDA:613,61,0,0
BRDA:613,61,1,1
BRDA:617,62,0,1
BRDA:617,62,1,0
BRDA:625,63,0,0
BRDA:35,64,0,3
BRDA:35,64,1,0
BRDA:35,65,0,3
BRDA:35,65,1,3
BRDA:35,66,0,3
BRDA:35,66,1,0
BRDA:35,67,0,3
BRDA:35,67,1,3
BRDA:36,68,0,3
BRDA:36,68,1,0
BRDA:36,69,0,3
BRDA:36,69,1,3
BRDA:37,70,0,3
BRDA:37,70,1,0
BRDA:37,71,0,3
BRDA:37,71,1,3
BRF:120
BRH:41
end_of_record
TN:
SF:src\payments\dto\create-checkout.dto.ts
FNF:0
FNH:0
DA:1,0
DA:3,0
DA:5,0
DA:9,0
DA:13,0
DA:17,0
LF:6
LH:0
BRF:0
BRH:0
end_of_record
TN:
SF:src\prisma\prisma.module.ts
FNF:0
FNH:0
DA:1,0
DA:2,0
DA:9,0
LF:3
LH:0
BRF:0
BRH:0
end_of_record
TN:
SF:src\prisma\prisma.service.ts
FN:6,(anonymous_1)
FN:11,(anonymous_2)
FN:15,(anonymous_3)
FN:16,(anonymous_4)
FN:17,(anonymous_5)
FNF:5
FNH:0
FNDA:0,(anonymous_1)
FNDA:0,(anonymous_2)
FNDA:0,(anonymous_3)
FNDA:0,(anonymous_4)
FNDA:0,(anonymous_5)
DA:1,7
DA:2,7
DA:5,7
DA:7,0
DA:8,0
DA:12,0
DA:16,0
DA:17,0
DA:18,0
DA:19,0
LF:10
LH:3
BRF:0
BRH:0
end_of_record
TN:
SF:src\public-booking\public-booking.controller.ts
FN:9,(anonymous_4)
FN:15,(anonymous_5)
FN:24,(anonymous_6)
FN:38,(anonymous_7)
FN:44,(anonymous_8)
FN:49,(anonymous_9)
FN:54,(anonymous_10)
FN:62,(anonymous_11)
FNF:8
FNH:0
FNDA:0,(anonymous_4)
FNDA:0,(anonymous_5)
FNDA:0,(anonymous_6)
FNDA:0,(anonymous_7)
FNDA:0,(anonymous_8)
FNDA:0,(anonymous_9)
FNDA:0,(anonymous_10)
FNDA:0,(anonymous_11)
DA:1,0
DA:2,0
DA:3,0
DA:4,0
DA:5,0
DA:8,0
DA:9,0
DA:10,0
DA:15,0
DA:19,0
DA:24,0
DA:30,0
DA:31,0
DA:33,0
DA:38,0
DA:39,0
DA:44,0
DA:45,0
DA:49,0
DA:50,0
DA:54,0
DA:58,0
DA:62,0
DA:63,0
LF:24
LH:0
BRDA:30,0,0,0
BRDA:30,1,0,0
BRDA:30,1,1,0
BRDA:30,1,2,0
BRDA:30,1,3,0
BRDA:44,2,0,0
BRDA:44,2,1,0
BRDA:44,3,0,0
BRDA:44,3,1,0
BRDA:56,4,0,0
BRDA:56,4,1,0
BRDA:56,5,0,0
BRDA:56,5,1,0
BRDA:9,6,0,0
BRDA:9,6,1,0
BRDA:9,7,0,0
BRDA:9,7,1,0
BRDA:9,8,0,0
BRDA:9,8,1,0
BRDA:9,9,0,0
BRDA:9,9,1,0
BRF:21
BRH:0
end_of_record
TN:
SF:src\public-booking\public-booking.module.ts
FNF:0
FNH:0
DA:1,0
DA:2,0
DA:3,0
DA:4,0
DA:5,0
DA:6,0
DA:7,0
DA:8,0
DA:9,0
DA:17,0
LF:10
LH:0
BRF:0
BRH:0
end_of_record
TN:
SF:src\public-booking\public-booking.service.ts
FN:24,(anonymous_4)
FN:35,(anonymous_5)
FN:71,(anonymous_6)
FN:99,(anonymous_7)
FN:109,(anonymous_8)
FN:110,(anonymous_9)
FN:115,(anonymous_10)
FN:118,(anonymous_11)
FN:148,(anonymous_12)
FN:150,(anonymous_13)
FN:305,(anonymous_14)
FN:339,(anonymous_15)
FN:381,(anonymous_16)
FN:428,(anonymous_17)
FN:453,(anonymous_18)
FN:503,(anonymous_19)
FN:544,(anonymous_20)
FN:554,(anonymous_21)
FN:567,(anonymous_22)
FNF:19
FNH:11
FNDA:3,(anonymous_4)
FNDA:0,(anonymous_5)
FNDA:0,(anonymous_6)
FNDA:0,(anonymous_7)
FNDA:0,(anonymous_8)
FNDA:0,(anonymous_9)
FNDA:0,(anonymous_10)
FNDA:2,(anonymous_11)
FNDA:2,(anonymous_12)
FNDA:2,(anonymous_13)
FNDA:0,(anonymous_14)
FNDA:0,(anonymous_15)
FNDA:1,(anonymous_16)
FNDA:1,(anonymous_17)
FNDA:1,(anonymous_18)
FNDA:1,(anonymous_19)
FNDA:2,(anonymous_20)
FNDA:2,(anonymous_21)
FNDA:1,(anonymous_22)
DA:1,1
DA:8,1
DA:9,1
DA:10,1
DA:11,1
DA:12,1
DA:13,1
DA:14,1
DA:15,1
DA:16,1
DA:17,1
DA:20,1
DA:23,1
DA:25,3
DA:26,3
DA:27,3
DA:28,3
DA:29,3
DA:30,3
DA:32,3
DA:36,0
DA:40,0
DA:42,0
DA:58,0
DA:60,0
DA:72,0
DA:73,0
DA:74,0
DA:75,0
DA:78,0
DA:82,0
DA:84,0
DA:85,0
DA:86,0
DA:87,0
DA:88,0
DA:94,0
DA:95,0
DA:98,0
DA:100,0
DA:108,0
DA:109,0
DA:111,0
DA:112,0
DA:113,0
DA:115,0
DA:119,2
DA:120,2
DA:122,2
DA:140,2
DA:141,2
DA:143,2
DA:144,2
DA:145,2
DA:146,2
DA:148,2
DA:149,2
DA:151,2
DA:153,2
DA:162,2
DA:163,1
DA:167,1
DA:168,1
DA:169,1
DA:174,1
DA:175,0
DA:176,0
DA:186,1
DA:197,1
DA:198,1
DA:201,0
DA:212,0
DA:213,0
DA:216,1
DA:217,1
DA:218,1
DA:220,1
DA:240,1
DA:252,1
DA:262,1
DA:269,1
DA:270,1
DA:283,1
DA:296,1
DA:298,1
DA:306,0
DA:311,0
DA:312,0
DA:315,0
DA:332,0
DA:340,0
DA:342,0
DA:355,0
DA:382,1
DA:383,1
DA:384,1
DA:386,1
DA:401,1
DA:408,1
DA:420,1
DA:429,1
DA:433,1
DA:434,0
DA:437,1
DA:454,1
DA:492,1
DA:493,0
DA:496,1
DA:497,0
DA:500,1
DA:514,1
DA:515,1
DA:516,1
DA:519,0
DA:523,0
DA:541,0
DA:549,2
DA:555,2
DA:556,2
DA:557,2
DA:559,1
DA:560,1
DA:564,0
DA:568,1
LF:124
LH:78
BRDA:40,0,0,0
BRDA:58,1,0,0
BRDA:74,2,0,0
BRDA:74,3,0,0
BRDA:74,3,1,0
BRDA:74,3,2,0
BRDA:82,4,0,0
BRDA:84,5,0,0
BRDA:84,5,1,0
BRDA:94,6,0,0
BRDA:113,7,0,0
BRDA:113,7,1,0
BRDA:120,8,0,0
BRDA:140,9,0,0
BRDA:141,10,0,0
BRDA:144,11,0,2
BRDA:144,11,1,0
BRDA:146,12,0,0
BRDA:162,13,0,1
BRDA:168,14,0,1
BRDA:168,14,1,0
BRDA:174,15,0,0
BRDA:174,15,1,1
BRDA:180,16,0,0
BRDA:180,16,1,0
BRDA:181,17,0,0
BRDA:181,17,1,0
BRDA:182,18,0,0
BRDA:182,18,1,0
BRDA:191,19,0,1
BRDA:191,19,1,0
BRDA:192,20,0,1
BRDA:192,20,1,0
BRDA:193,21,0,1
BRDA:193,21,1,0
BRDA:206,22,0,0
BRDA:206,22,1,0
BRDA:207,23,0,0
BRDA:207,23,1,0
BRDA:208,24,0,0
BRDA:208,24,1,0
BRDA:229,25,0,1
BRDA:229,25,1,0
BRDA:236,26,0,1
BRDA:236,26,1,0
BRDA:264,27,0,1
BRDA:264,27,1,0
BRDA:265,28,0,1
BRDA:265,28,1,0
BRDA:269,29,0,1
BRDA:274,30,0,1
BRDA:274,30,1,0
BRDA:275,31,0,1
BRDA:275,31,1,0
BRDA:278,32,0,1
BRDA:278,32,1,0
BRDA:287,33,0,1
BRDA:287,33,1,0
BRDA:288,34,0,1
BRDA:288,34,1,0
BRDA:292,35,0,1
BRDA:292,35,1,0
BRDA:311,36,0,0
BRDA:361,37,0,0
BRDA:361,37,1,0
BRDA:361,37,2,0
BRDA:362,38,0,0
BRDA:362,38,1,0
BRDA:362,38,2,0
BRDA:365,39,0,0
BRDA:365,39,1,0
BRDA:368,40,0,0
BRDA:368,40,1,0
BRDA:368,40,2,0
BRDA:369,41,0,0
BRDA:369,41,1,0
BRDA:372,42,0,0
BRDA:372,42,1,0
BRDA:373,43,0,0
BRDA:373,43,1,0
BRDA:374,44,0,0
BRDA:374,44,1,0
BRDA:375,45,0,0
BRDA:375,45,1,0
BRDA:376,46,0,0
BRDA:376,46,1,0
BRDA:383,47,0,1
BRDA:383,47,1,0
BRDA:384,48,0,1
BRDA:384,48,1,0
BRDA:413,49,0,1
BRDA:413,49,1,0
BRDA:413,49,2,0
BRDA:415,50,0,1
BRDA:415,50,1,0
BRDA:422,51,0,0
BRDA:422,51,1,1
BRDA:433,52,0,0
BRDA:433,53,0,1
BRDA:433,53,1,0
BRDA:433,53,2,0
BRDA:492,54,0,0
BRDA:492,55,0,1
BRDA:492,55,1,1
BRDA:496,56,0,0
BRDA:496,57,0,1
BRDA:496,57,1,1
BRDA:515,58,0,1
BRDA:532,59,0,0
BRDA:532,59,1,0
BRDA:534,60,0,0
BRDA:534,60,1,0
BRDA:554,61,0,2
BRDA:559,62,0,1
BRDA:559,62,1,0
BRDA:560,63,0,1
BRDA:568,64,0,1
BRDA:568,64,1,0
BRDA:25,65,0,1
BRDA:25,65,1,0
BRDA:25,66,0,1
BRDA:25,66,1,1
BRDA:25,67,0,1
BRDA:25,67,1,0
BRDA:25,68,0,1
BRDA:25,68,1,1
BRDA:26,69,0,1
BRDA:26,69,1,0
BRDA:26,70,0,1
BRDA:26,70,1,1
BRDA:27,71,0,1
BRDA:27,71,1,0
BRDA:27,72,0,1
BRDA:27,72,1,1
BRDA:28,73,0,1
BRDA:28,73,1,0
BRDA:28,74,0,1
BRDA:28,74,1,1
BRDA:29,75,0,1
BRDA:29,75,1,0
BRDA:29,76,0,1
BRDA:29,76,1,1
BRF:142
BRH:51
end_of_record
TN:
SF:src\public-booking\public-booking.utils.ts
FN:5,createBookingAccessToken
FN:9,getBookingAccessExpiry
FN:13,buildBookingAccessUrl
FNF:3
FNH:3
FNDA:3,createBookingAccessToken
FNDA:3,getBookingAccessExpiry
FNDA:2,buildBookingAccessUrl
DA:1,5
DA:3,5
DA:5,5
DA:6,3
DA:9,5
DA:10,3
DA:13,5
DA:14,2
DA:15,2
DA:17,2
DA:18,0
DA:21,2
LF:12
LH:11
BRDA:9,0,0,3
BRDA:17,1,0,0
BRF:2
BRH:1
end_of_record
TN:
SF:src\public-booking\dto\public-checkout.dto.ts
FN:29,(anonymous_2)
FNF:1
FNH:0
FNDA:0,(anonymous_2)
DA:1,0
DA:2,0
DA:5,0
DA:8,0
DA:11,0
DA:14,0
DA:17,0
DA:20,0
DA:21,0
DA:22,0
DA:25,0
DA:29,0
DA:30,0
DA:33,0
DA:36,0
LF:15
LH:0
BRF:0
BRH:0
end_of_record
TN:
SF:src\public-booking\dto\request-booking-changes.dto.ts
FNF:0
FNH:0
DA:1,0
DA:3,0
DA:7,0
LF:3
LH:0
BRF:0
BRH:0
end_of_record
TN:
SF:src\schedule\schedule.module.ts
FNF:0
FNH:0
DA:1,0
DA:2,0
DA:3,0
DA:4,0
DA:5,0
DA:12,0
LF:6
LH:0
BRF:0
BRH:0
end_of_record
TN:
SF:src\schedule\schedule.service.ts
FN:20,(anonymous_2)
FN:27,(anonymous_3)
FN:76,(anonymous_4)
FN:200,(anonymous_5)
FN:221,(anonymous_6)
FN:240,(anonymous_7)
FN:266,(anonymous_8)
FN:422,(anonymous_9)
FN:438,(anonymous_10)
FNF:9
FNH:5
FNDA:3,(anonymous_2)
FNDA:0,(anonymous_3)
FNDA:0,(anonymous_4)
FNDA:0,(anonymous_5)
FNDA:3,(anonymous_6)
FNDA:3,(anonymous_7)
FNDA:3,(anonymous_8)
FNDA:0,(anonymous_9)
FNDA:3,(anonymous_10)
DA:1,2
DA:8,2
DA:9,2
DA:10,2
DA:11,2
DA:12,2
DA:13,2
DA:14,2
DA:19,2
DA:21,3
DA:22,3
DA:23,3
DA:24,3
DA:33,0
DA:37,0
DA:38,0
DA:40,0
DA:51,0
DA:52,0
DA:55,0
DA:56,0
DA:58,0
DA:59,0
DA:63,0
DA:66,0
DA:73,0
DA:75,0
DA:77,0
DA:78,0
DA:81,0
DA:82,0
DA:91,0
DA:92,0
DA:96,0
DA:97,0
DA:100,0
DA:105,0
DA:106,0
DA:107,0
DA:114,0
DA:117,0
DA:118,0
DA:119,0
[...]
BRDA:152,17,0,0
BRDA:152,17,1,0
BRDA:183,18,0,0
BRDA:231,19,0,2
BRDA:231,19,1,1
BRDA:232,20,0,0
BRDA:232,20,1,3
BRDA:233,21,0,0
BRDA:233,22,0,3
BRDA:233,22,1,2
BRDA:236,23,0,0
BRDA:236,24,0,3
BRDA:236,24,1,0
BRDA:260,25,0,0
BRDA:266,26,0,3
BRDA:266,26,1,3
BRDA:269,27,0,3
BRDA:269,27,1,0
BRDA:271,28,0,0
BRDA:271,28,1,3
BRDA:272,29,0,0
BRDA:272,29,1,0
BRDA:274,30,0,3
BRDA:274,30,1,1
BRDA:276,31,0,3
BRDA:276,31,1,3
BRDA:277,32,0,2
BRDA:277,32,1,1
BRDA:280,33,0,0
BRDA:284,34,0,3
BRDA:293,35,0,1
BRDA:296,36,0,0
BRDA:296,37,0,2
BRDA:296,37,1,1
BRDA:303,38,0,0
BRDA:304,39,0,0
BRDA:304,39,1,0
BRDA:310,40,0,2
BRDA:311,41,0,2
BRDA:311,41,1,0
BRDA:328,42,0,1
BRDA:328,43,0,2
BRDA:328,43,1,1
BRDA:333,44,0,0
BRDA:373,45,0,1
BRDA:373,45,1,1
BRDA:378,46,0,2
BRDA:378,46,1,1
BRDA:383,47,0,2
BRDA:384,48,0,2
BRDA:384,48,1,0
BRDA:384,48,2,0
BRDA:386,49,0,2
BRDA:386,49,1,0
BRDA:386,49,2,0
BRDA:411,50,0,1
BRDA:439,51,0,0
BRDA:459,52,0,0
BRDA:460,53,0,0
BRDA:460,54,0,3
BRDA:460,54,1,0
BRDA:21,55,0,2
BRDA:21,55,1,0
BRDA:21,56,0,2
BRDA:21,56,1,2
BRDA:21,57,0,2
BRDA:21,57,1,0
BRDA:21,58,0,2
BRDA:21,58,1,2
BRDA:22,59,0,2
BRDA:22,59,1,0
BRDA:22,60,0,2
BRDA:22,60,1,2
BRDA:23,61,0,2
BRDA:23,61,1,0
BRDA:23,62,0,2
BRDA:23,62,1,2
BRF:99
BRH:46
end_of_record
TN:
SF:src\settings\settings.controller.ts
FN:33,(anonymous_4)
FN:36,(anonymous_5)
FN:48,(anonymous_6)
FN:64,(anonymous_7)
FN:80,(anonymous_8)
FN:96,(anonymous_9)
FNF:6
FNH:0
FNDA:0,(anonymous_4)
FNDA:0,(anonymous_5)
FNDA:0,(anonymous_6)
FNDA:0,(anonymous_7)
FNDA:0,(anonymous_8)
FNDA:0,(anonymous_9)
DA:1,0
DA:15,0
DA:16,0
DA:17,0
DA:18,0
DA:19,0
DA:20,0
DA:32,0
DA:33,0
DA:36,0
DA:37,0
DA:38,0
DA:40,0
DA:48,0
DA:52,0
DA:53,0
DA:55,0
DA:64,0
DA:68,0
DA:69,0
DA:71,0
DA:80,0
DA:84,0
DA:85,0
DA:87,0
DA:96,0
DA:101,0
DA:102,0
DA:104,0
LF:29
LH:0
BRDA:38,0,0,0
BRDA:53,1,0,0
BRDA:69,2,0,0
BRDA:85,3,0,0
BRDA:102,4,0,0
BRDA:36,5,0,0
BRDA:36,5,1,0
BRDA:36,6,0,0
BRDA:36,6,1,0
BRDA:49,7,0,0
BRDA:49,7,1,0
BRDA:49,8,0,0
BRDA:49,8,1,0
BRDA:49,9,0,0
BRDA:49,9,1,0
BRDA:49,10,0,0
BRDA:49,10,1,0
BRDA:65,11,0,0
BRDA:65,11,1,0
BRDA:65,12,0,0
BRDA:65,12,1,0
BRDA:65,13,0,0
BRDA:65,13,1,0
BRDA:65,14,0,0
BRDA:65,14,1,0
BRDA:81,15,0,0
BRDA:81,15,1,0
BRDA:81,16,0,0
BRDA:81,16,1,0
BRDA:81,17,0,0
BRDA:81,17,1,0
BRDA:81,18,0,0
BRDA:81,18,1,0
BRDA:97,19,0,0
BRDA:97,19,1,0
BRDA:97,20,0,0
BRDA:97,20,1,0
BRDA:97,21,0,0
BRDA:97,21,1,0
BRDA:97,22,0,0
BRDA:97,22,1,0
BRDA:33,23,0,0
BRDA:33,23,1,0
BRDA:33,24,0,0
BRDA:33,24,1,0
BRF:45
BRH:0
end_of_record
TN:
SF:src\settings\settings.module.ts
FNF:0
FNH:0
DA:1,0
DA:2,0
DA:3,0
DA:4,0
DA:11,0
LF:5
LH:0
BRF:0
BRH:0
end_of_record
TN:
SF:src\settings\settings.service.ts
FN:19,(anonymous_2)
FN:24,(anonymous_3)
FN:52,(anonymous_4)
FN:138,(anonymous_5)
FN:192,(anonymous_6)
FN:202,(anonymous_7)
FN:261,(anonymous_8)
FN:398,(anonymous_9)
FN:414,(anonymous_10)
FN:439,(anonymous_11)
FN:444,(anonymous_12)
FN:449,(anonymous_13)
FN:462,(anonymous_14)
FNF:13
FNH:0
FNDA:0,(anonymous_2)
FNDA:0,(anonymous_3)
FNDA:0,(anonymous_4)
FNDA:0,(anonymous_5)
FNDA:0,(anonymous_6)
FNDA:0,(anonymous_7)
FNDA:0,(anonymous_8)
FNDA:0,(anonymous_9)
FNDA:0,(anonymous_10)
FNDA:0,(anonymous_11)
FNDA:0,(anonymous_12)
FNDA:0,(anonymous_13)
FNDA:0,(anonymous_14)
DA:1,0
DA:8,0
DA:9,0
DA:10,0
DA:15,0
DA:18,0
DA:20,0
DA:21,0
DA:29,0
DA:31,0
DA:45,0
DA:46,0
DA:49,0
DA:58,0
DA:60,0
DA:73,0
DA:74,0
DA:77,0
DA:79,0
DA:80,0
DA:81,0
DA:82,0
DA:84,0
DA:87,0
DA:88,0
DA:89,0
DA:90,0
DA:92,0
DA:95,0
DA:96,0
DA:99,0
DA:100,0
DA:105,0
DA:125,0
DA:126,0
DA:128,0
DA:131,0
DA:144,0
DA:146,0
DA:147,0
DA:148,0
DA:149,0
DA:151,0
DA:162,0
DA:191,0
DA:192,0
DA:208,0
DA:210,0
DA:211,0
DA:212,0
DA:215,0
DA:244,0
DA:258,0
DA:268,0
DA:270,0
DA:295,0
DA:296,0
DA:299,0
DA:301,0
DA:302,0
DA:303,0
DA:304,0
DA:306,0
DA:309,0
DA:310,0
DA:313,0
DA:314,0
DA:317,0
DA:318,0
DA:321,0
DA:322,0
DA:323,0
DA:326,0
DA:328,0
DA:329,0
DA:332,0
DA:333,0
DA:336,0
DA:347,0
DA:371,0
DA:395,0
DA:405,0
DA:427,0
DA:440,0
DA:441,0
DA:445,0
DA:446,0
DA:450,0
DA:459,0
DA:463,0
DA:464,0
DA:467,0
DA:468,0
DA:471,0
DA:482,0
DA:483,0
DA:486,0
LF:97
LH:0
BRDA:45,0,0,0
BRDA:73,1,0,0
BRDA:79,2,0,0
BRDA:81,3,0,0
BRDA:87,4,0,0
BRDA:89,5,0,0
BRDA:95,6,0,0
BRDA:125,7,0,0
BRDA:125,8,0,0
BRDA:125,8,1,0
BRDA:147,9,0,0
BRDA:147,9,1,0
BRDA:148,10,0,0
BRDA:148,10,1,0
BRDA:153,11,0,0
BRDA:153,11,1,0
BRDA:211,12,0,0
BRDA:221,13,0,0
BRDA:221,13,1,0
BRDA:295,14,0,0
BRDA:301,15,0,0
BRDA:303,16,0,0
BRDA:309,17,0,0
BRDA:313,18,0,0
BRDA:317,19,0,0
BRDA:321,20,0,0
BRDA:322,21,0,0
BRDA:322,22,0,0
BRDA:322,22,1,0
BRDA:326,23,0,0
BRDA:326,23,1,0
BRDA:328,24,0,0
BRDA:332,25,0,0
BRDA:332,26,0,0
BRDA:332,26,1,0
BRDA:383,27,0,0
BRDA:383,27,1,0
BRDA:390,28,0,0
BRDA:390,28,1,0
BRDA:433,29,0,0
BRDA:433,29,1,0
BRDA:434,30,0,0
BRDA:434,30,1,0
BRDA:440,31,0,0
BRDA:440,31,1,0
BRDA:441,32,0,0
BRDA:441,32,1,0
BRDA:445,33,0,0
BRDA:445,33,1,0
BRDA:446,34,0,0
BRDA:446,34,1,0
BRDA:450,35,0,0
BRDA:450,35,1,0
BRDA:459,36,0,0
BRDA:459,36,1,0
BRDA:463,37,0,0
BRDA:467,38,0,0
BRDA:482,39,0,0
BRDA:20,40,0,0
BRDA:20,40,1,0
BRDA:20,41,0,0
BRDA:20,41,1,0
BRDA:20,42,0,0
BRDA:20,42,1,0
BRDA:20,43,0,0
BRDA:20,43,1,0
BRF:66
BRH:0
end_of_record
TN:
SF:src\settings\dto\create-settings-worker.dto.ts
FNF:0
FNH:0
DA:1,0
DA:3,0
DA:6,0
DA:11,0
DA:16,0
DA:20,0
LF:6
LH:0
BRF:0
BRH:0
end_of_record
TN:
SF:src\settings\dto\list-settings-workers.dto.ts
FN:6,(anonymous_2)
FN:11,(anonymous_3)
FN:17,(anonymous_4)
FNF:3
FNH:0
FNDA:0,(anonymous_2)
FNDA:0,(anonymous_3)
FNDA:0,(anonymous_4)
DA:1,0
DA:2,0
DA:4,0
DA:6,0
DA:8,0
DA:11,0
DA:14,0
DA:17,0
DA:21,0
LF:9
LH:0
BRDA:6,0,0,0
BRDA:6,0,1,0
BRF:2
BRH:0
end_of_record
TN:
SF:src\settings\dto\update-company-settings.dto.ts
FNF:0
FNH:0
DA:1,0
DA:3,0
DA:7,0
DA:12,0
DA:17,0
LF:5
LH:0
BRF:0
BRH:0
end_of_record
TN:
SF:src\settings\dto\update-settings-worker.dto.ts
FNF:0
FNH:0
DA:1,0
DA:3,0
DA:7,0
DA:12,0
DA:17,0
DA:21,0
DA:26,0
LF:7
LH:0
BRF:0
BRH:0
end_of_record
TN:
SF:src\slots\intervals.ts
FN:5,mergeIntervals
FN:7,(anonymous_1)
FN:23,subtractIntervals
FN:26,(anonymous_3)
FN:52,unionIntervals
FN:56,sameOrAfter
FN:60,strictlyInside
FN:68,expandDailyWindows
FN:106,applyExceptions
FN:111,(anonymous_9)
FN:111,(anonymous_10)
FN:112,(anonymous_11)
FN:112,(anonymous_12)
FN:121,snapToSlots
FNF:14
FNH:7
FNDA:6,mergeIntervals
FNDA:4,(anonymous_1)
FNDA:4,subtractIntervals
FNDA:0,(anonymous_3)
FNDA:1,unionIntervals
FNDA:0,sameOrAfter
FNDA:0,strictlyInside
FNDA:1,expandDailyWindows
FNDA:1,applyExceptions
FNDA:0,(anonymous_9)
FNDA:0,(anonymous_10)
FNDA:0,(anonymous_11)
FNDA:0,(anonymous_12)
FNDA:2,snapToSlots
DA:1,4
DA:5,4
DA:6,6
DA:7,4
DA:8,4
DA:9,4
DA:10,4
DA:11,4
DA:12,4
DA:13,3
DA:15,1
DA:16,1
DA:19,4
DA:20,4
DA:23,4
DA:24,4
DA:25,2
DA:26,2
DA:28,2
DA:29,2
DA:30,2
DA:31,2
DA:32,2
DA:33,2
DA:34,2
DA:35,2
DA:36,2
DA:37,2
DA:38,1
DA:40,1
DA:41,1
DA:44,2
DA:45,2
DA:47,2
DA:49,2
DA:52,4
DA:53,1
DA:56,4
DA:57,0
DA:60,4
DA:61,0
DA:68,4
DA:74,1
DA:75,1
DA:76,1
DA:78,1
DA:79,1
DA:80,1
DA:81,1
DA:84,1
DA:85,1
DA:86,1
DA:87,1
DA:88,0
DA:89,0
DA:90,0
DA:91,0
DA:92,0
DA:93,0
DA:96,1
DA:98,1
DA:106,4
DA:111,1
DA:112,1
DA:113,1
DA:114,1
DA:115,1
DA:121,4
DA:126,2
DA:127,2
DA:128,2
DA:130,2
DA:131,1
DA:132,1
DA:133,1
DA:134,1
DA:135,3
DA:138,2
LF:78
LH:70
BRDA:6,0,0,2
BRDA:12,1,0,3
BRDA:12,1,1,1
BRDA:13,2,0,3
BRDA:24,3,0,2
BRDA:24,4,0,4
BRDA:24,4,1,2
BRDA:37,5,0,1
BRDA:37,5,1,1
BRDA:37,6,0,2
BRDA:37,6,1,2
BRDA:40,7,0,1
BRDA:41,8,0,1
BRDA:45,9,0,0
BRDA:61,10,0,0
BRDA:61,10,1,0
BRDA:80,11,0,1
BRDA:86,12,0,1
BRDA:86,12,1,1
BRDA:92,13,0,0
BRDA:114,14,0,0
BRF:21
BRH:16
end_of_record
TN:
SF:src\slots\slots.controller.ts
FN:22,(anonymous_4)
FN:25,(anonymous_5)
FN:52,(anonymous_6)
FN:66,(anonymous_7)
FN:82,(anonymous_8)
FN:85,(anonymous_9)
FN:112,(anonymous_10)
FNF:7
FNH:0
FNDA:0,(anonymous_4)
FNDA:0,(anonymous_5)
FNDA:0,(anonymous_6)
FNDA:0,(anonymous_7)
FNDA:0,(anonymous_8)
FNDA:0,(anonymous_9)
FNDA:0,(anonymous_10)
DA:1,0
DA:10,0
DA:11,0
DA:12,0
DA:21,0
DA:22,0
DA:25,0
DA:29,0
DA:30,0
DA:32,0
DA:33,0
DA:34,0
DA:36,0
DA:37,0
DA:40,0
DA:42,0
DA:52,0
DA:56,0
DA:58,0
DA:67,0
DA:69,0
DA:73,0
DA:76,0
DA:81,0
DA:82,0
DA:85,0
DA:86,0
DA:87,0
DA:89,0
DA:92,0
DA:93,0
DA:94,0
DA:102,0
DA:104,0
DA:113,0
DA:114,0
DA:115,0
DA:117,0
LF:38
LH:0
BRDA:36,0,0,0
BRDA:67,1,0,0
BRDA:67,1,1,0
BRDA:69,2,0,0
BRDA:70,3,0,0
BRDA:70,3,1,0
BRDA:70,3,2,0
BRDA:70,3,3,0
BRDA:27,4,0,0
BRDA:27,4,1,0
BRDA:27,5,0,0
BRDA:27,5,1,0
BRDA:54,6,0,0
BRDA:54,6,1,0
BRDA:54,7,0,0
BRDA:54,7,1,0
BRDA:22,8,0,0
BRDA:22,8,1,0
BRDA:22,9,0,0
BRDA:22,9,1,0
BRDA:86,10,0,0
BRDA:87,11,0,0
BRDA:92,12,0,0
BRDA:93,13,0,0
BRDA:102,14,0,0
BRDA:113,15,0,0
BRDA:113,15,1,0
BRDA:114,16,0,0
BRDA:114,17,0,0
BRDA:114,17,1,0
BRDA:114,17,2,0
BRDA:114,17,3,0
BRDA:85,18,0,0
BRDA:85,18,1,0
BRDA:85,19,0,0
BRDA:85,19,1,0
BRDA:82,20,0,0
BRDA:82,20,1,0
BRDA:82,21,0,0
BRDA:82,21,1,0
BRF:40
BRH:0
end_of_record
TN:
SF:src\slots\slots.module.ts
FNF:0
FNH:0
DA:1,0
DA:2,0
DA:3,0
DA:4,0
DA:11,0
LF:5
LH:0
BRF:0
BRH:0
end_of_record
TN:
SF:src\slots\slots.service.ts
FN:53,(anonymous_2)
FN:66,(anonymous_3)
FN:128,(anonymous_4)
FN:163,(anonymous_5)
FN:164,(anonymous_6)
FN:179,(anonymous_7)
FN:192,(anonymous_8)
FN:221,(anonymous_9)
FN:224,(anonymous_10)
FN:280,(anonymous_11)
FN:283,(anonymous_12)
FN:330,(anonymous_13)
FN:360,(anonymous_14)
FN:412,(anonymous_15)
FN:424,(anonymous_16)
FN:431,(anonymous_17)
FN:438,(anonymous_18)
FN:439,(anonymous_19)
FN:442,(anonymous_20)
FN:447,(anonymous_21)
FN:454,(anonymous_22)
FN:458,(anonymous_23)
FN:464,(anonymous_24)
FN:470,(anonymous_25)
FN:476,(anonymous_26)
FNF:25
FNH:9
FNDA:1,(anonymous_2)
FNDA:0,(anonymous_3)
FNDA:0,(anonymous_4)
FNDA:0,(anonymous_5)
FNDA:0,(anonymous_6)
FNDA:0,(anonymous_7)
FNDA:0,(anonymous_8)
FNDA:0,(anonymous_9)
FNDA:0,(anonymous_10)
FNDA:0,(anonymous_11)
FNDA:1,(anonymous_12)
FNDA:0,(anonymous_13)
FNDA:1,(anonymous_14)
FNDA:1,(anonymous_15)
FNDA:0,(anonymous_16)
FNDA:1,(anonymous_17)
FNDA:0,(anonymous_18)
FNDA:0,(anonymous_19)
FNDA:0,(anonymous_20)
FNDA:0,(anonymous_21)
FNDA:2,(anonymous_22)
FNDA:1,(anonymous_23)
FNDA:1,(anonymous_24)
FNDA:1,(anonymous_25)
FNDA:0,(anonymous_26)
DA:1,3
DA:2,3
DA:3,3
DA:4,3
DA:11,3
DA:52,3
DA:53,1
DA:55,1
DA:56,1
DA:57,1
DA:58,1
DA:60,1
DA:75,0
DA:77,0
DA:88,0
DA:89,0
DA:90,0
DA:93,0
DA:94,0
DA:95,0
DA:96,0
DA:98,0
DA:115,0
DA:116,0
DA:127,0
DA:129,0
DA:140,0
DA:144,0
DA:146,0
DA:147,0
DA:148,0
DA:149,0
DA:150,0
DA:152,0
DA:153,0
DA:154,0
DA:155,0
DA:157,0
DA:162,0
DA:163,0
DA:165,0
DA:170,0
DA:171,0
DA:173,0
DA:179,0
DA:181,0
DA:201,0
DA:203,0
DA:204,0
DA:207,0
DA:211,0
DA:213,0
DA:214,0
DA:215,0
DA:217,0
DA:218,0
DA:219,0
DA:221,0
DA:235,0
DA:237,0
DA:238,0
DA:241,0
DA:252,0
DA:253,0
DA:255,0
DA:256,0
DA:257,0
DA:258,0
DA:260,0
DA:261,0
DA:262,0
DA:264,0
DA:265,0
DA:278,0
DA:279,0
DA:280,0
DA:284,1
DA:285,1
DA:287,1
DA:298,1
DA:299,1
DA:300,1
DA:302,1
DA:303,1
DA:304,1
DA:306,1
DA:318,1
DA:339,0
DA:343,0
DA:345,0
DA:346,0
DA:348,0
DA:380,1
DA:382,1
DA:406,1
DA:412,1
DA:419,1
DA:424,0
DA:431,1
DA:436,1
DA:437,1
DA:438,0
DA:439,0
DA:447,0
DA:448,0
DA:455,2
DA:459,1
DA:460,0
DA:465,1
DA:466,1
DA:467,1
DA:471,1
DA:472,1
DA:473,1
DA:477,0
DA:478,0
DA:480,0
DA:481,0
DA:482,0
LF:119
LH:39
BRDA:73,0,0,0
BRDA:88,1,0,0
BRDA:89,2,0,0
BRDA:89,3,0,0
BRDA:89,3,1,0
BRDA:93,4,0,0
BRDA:93,4,1,0
BRDA:115,5,0,0
BRDA:150,6,0,0
BRDA:150,7,0,0
BRDA:150,7,1,0
BRDA:154,8,0,0
BRDA:154,8,1,0
BRDA:171,9,0,0
BRDA:199,10,0,0
BRDA:203,11,0,0
BRDA:203,12,0,0
BRDA:203,12,1,0
BRDA:203,12,2,0
BRDA:211,13,0,0
BRDA:213,14,0,0
BRDA:213,14,1,0
BRDA:215,15,0,0
BRDA:221,16,0,0
BRDA:221,16,1,0
BRDA:233,17,0,0
BRDA:235,18,0,0
BRDA:237,19,0,0
BRDA:237,20,0,0
BRDA:237,20,1,0
BRDA:237,20,2,0
BRDA:252,21,0,0
BRDA:252,22,0,0
BRDA:252,22,1,0
BRDA:253,23,0,0
BRDA:253,24,0,0
BRDA:253,24,1,0
BRDA:255,25,0,0
BRDA:255,25,1,0
BRDA:258,26,0,0
BRDA:262,27,0,0
BRDA:280,28,0,0
BRDA:280,28,1,0
BRDA:283,29,0,1
BRDA:298,30,0,0
BRDA:299,31,0,0
BRDA:300,32,0,0
BRDA:302,33,0,1
BRDA:302,33,1,0
BRDA:337,34,0,0
BRDA:343,35,0,0
BRDA:345,36,0,0
BRDA:345,36,1,0
BRDA:379,37,0,1
BRDA:406,38,0,0
BRDA:406,38,1,1
BRDA:419,39,0,0
BRDA:419,39,1,1
BRDA:425,40,0,0
BRDA:425,40,1,0
BRDA:448,41,0,0
BRDA:448,41,1,0
BRDA:448,42,0,0
BRDA:448,42,1,0
BRDA:455,43,0,2
BRDA:455,43,1,2
BRDA:459,44,0,0
BRDA:459,45,0,1
BRDA:459,45,1,1
BRDA:459,45,2,1
BRDA:466,46,0,0
BRDA:466,47,0,1
BRDA:466,47,1,1
BRDA:471,48,0,1
BRDA:471,48,1,1
BRDA:478,49,0,0
BRDA:53,50,0,3
BRDA:53,50,1,0
BRDA:53,51,0,3
BRDA:53,51,1,3
BRF:80
BRH:17
end_of_record
TN:
SF:src\slots\dto\get-worker-slot.dto.ts
FN:5,(anonymous_2)
FN:11,(anonymous_3)
FN:19,(anonymous_4)
FN:24,(anonymous_5)
FNF:4
FNH:0
FNDA:0,(anonymous_2)
FNDA:0,(anonymous_3)
FNDA:0,(anonymous_4)
FNDA:0,(anonymous_5)
DA:1,0
DA:2,0
DA:6,0
DA:7,0
DA:8,0
DA:9,0
DA:12,0
DA:13,0
DA:17,0
DA:19,0
DA:20,0
DA:24,0
DA:25,0
DA:28,0
DA:32,0
DA:35,0
DA:37,0
DA:40,0
DA:44,0
DA:47,0
DA:49,0
DA:52,0
DA:56,0
DA:60,0
DA:64,0
LF:25
LH:0
BRDA:9,0,0,0
BRDA:9,0,1,0
BRDA:9,0,2,0
BRF:3
BRH:0
end_of_record
TN:
SF:src\stripe\stripe.module.ts
FN:9,(anonymous_2)
FNF:1
FNH:0
FNDA:0,(anonymous_2)
DA:1,0
DA:2,0
DA:10,0
DA:19,0
LF:4
LH:0
BRF:0
BRH:0
end_of_record
TN:
SF:src\tasks\tasks.controller.ts
FN:35,(anonymous_4)
FN:38,(anonymous_5)
FN:54,(anonymous_6)
FN:67,(anonymous_7)
FN:83,(anonymous_8)
FN:101,(anonymous_9)
FNF:6
FNH:0
FNDA:0,(anonymous_4)
FNDA:0,(anonymous_5)
FNDA:0,(anonymous_6)
FNDA:0,(anonymous_7)
FNDA:0,(anonymous_8)
FNDA:0,(anonymous_9)
DA:1,0
DA:18,0
DA:19,0
DA:20,0
DA:21,0
DA:22,0
DA:34,0
DA:35,0
DA:38,0
DA:42,0
DA:43,0
DA:45,0
DA:54,0
DA:55,0
DA:56,0
DA:58,0
DA:67,0
DA:71,0
DA:72,0
DA:74,0
DA:83,0
DA:88,0
DA:89,0
DA:91,0
DA:101,0
DA:102,0
DA:103,0
DA:105,0
DA:112,0
LF:29
LH:0
BRDA:43,0,0,0
BRDA:56,1,0,0
BRDA:72,2,0,0
BRDA:89,3,0,0
BRDA:103,4,0,0
BRDA:39,5,0,0
BRDA:39,5,1,0
BRDA:39,6,0,0
BRDA:39,6,1,0
BRDA:39,7,0,0
BRDA:39,7,1,0
BRDA:39,8,0,0
BRDA:39,8,1,0
BRDA:54,9,0,0
BRDA:54,9,1,0
BRDA:54,10,0,0
BRDA:54,10,1,0
BRDA:68,11,0,0
BRDA:68,11,1,0
BRDA:68,12,0,0
BRDA:68,12,1,0
BRDA:68,13,0,0
BRDA:68,13,1,0
BRDA:68,14,0,0
BRDA:68,14,1,0
BRDA:84,15,0,0
BRDA:84,15,1,0
BRDA:84,16,0,0
BRDA:84,16,1,0
BRDA:84,17,0,0
BRDA:84,17,1,0
BRDA:84,18,0,0
BRDA:84,18,1,0
BRDA:101,19,0,0
BRDA:101,19,1,0
BRDA:101,20,0,0
BRDA:101,20,1,0
BRDA:35,21,0,0
BRDA:35,21,1,0
BRDA:35,22,0,0
BRDA:35,22,1,0
BRF:41
BRH:0
end_of_record
TN:
SF:src\tasks\tasks.module.ts
FNF:0
FNH:0
DA:1,0
DA:2,0
DA:3,0
DA:4,0
DA:12,0
LF:5
LH:0
BRF:0
BRH:0
end_of_record
TN:
SF:src\tasks\tasks.service.ts
FN:39,(anonymous_2)
FN:44,(anonymous_3)
FN:105,(anonymous_4)
FN:109,(anonymous_5)
FN:130,(anonymous_6)
FN:143,(anonymous_7)
FN:158,(anonymous_8)
FN:184,(anonymous_9)
FN:230,(anonymous_10)
FN:240,(anonymous_11)
FN:269,(anonymous_12)
FN:301,(anonymous_13)
FN:318,(anonymous_14)
FN:320,(anonymous_15)
FN:324,(anonymous_16)
FN:337,(anonymous_17)
FN:344,(anonymous_18)
FN:352,(anonymous_19)
FN:357,(anonymous_20)
FN:365,(anonymous_21)
FN:376,(anonymous_22)
FN:395,(anonymous_23)
FN:415,(anonymous_24)
FN:421,(anonymous_25)
FN:434,(anonymous_26)
FNF:25
FNH:0
FNDA:0,(anonymous_2)
FNDA:0,(anonymous_3)
FNDA:0,(anonymous_4)
FNDA:0,(anonymous_5)
FNDA:0,(anonymous_6)
FNDA:0,(anonymous_7)
FNDA:0,(anonymous_8)
FNDA:0,(anonymous_9)
FNDA:0,(anonymous_10)
FNDA:0,(anonymous_11)
FNDA:0,(anonymous_12)
FNDA:0,(anonymous_13)
FNDA:0,(anonymous_14)
FNDA:0,(anonymous_15)
FNDA:0,(anonymous_16)
FNDA:0,(anonymous_17)
FNDA:0,(anonymous_18)
FNDA:0,(anonymous_19)
FNDA:0,(anonymous_20)
FNDA:0,(anonymous_21)
FNDA:0,(anonymous_22)
FNDA:0,(anonymous_23)
FNDA:0,(anonymous_24)
FNDA:0,(anonymous_25)
FNDA:0,(anonymous_26)
DA:1,0
DA:8,0
DA:9,0
DA:10,0
DA:38,0
DA:40,0
DA:41,0
DA:50,0
DA:51,0
DA:55,0
DA:56,0
DA:61,0
DA:62,0
DA:68,0
DA:69,0
DA:76,0
DA:77,0
DA:80,0
DA:81,0
DA:84,0
DA:85,0
DA:90,0
DA:91,0
DA:98,0
DA:104,0
DA:105,0
DA:114,0
DA:116,0
DA:136,0
DA:137,0
DA:139,0
DA:140,0
DA:141,0
DA:143,0
DA:144,0
DA:156,0
DA:157,0
DA:158,0
DA:165,0
DA:178,0
DA:181,0
DA:191,0
DA:192,0
DA:193,0
DA:195,0
DA:197,0
DA:198,0
DA:201,0
DA:202,0
DA:205,0
DA:206,0
DA:209,0
DA:210,0
DA:211,0
DA:216,0
DA:217,0
DA:221,0
DA:222,0
DA:226,0
DA:230,0
DA:231,0
DA:236,0
DA:237,0
DA:238,0
DA:239,0
DA:240,0
DA:248,0
DA:249,0
DA:263,0
DA:266,0
DA:275,0
DA:276,0
DA:278,0
DA:281,0
DA:306,0
DA:314,0
DA:315,0
DA:319,0
DA:320,0
DA:324,0
DA:326,0
DA:337,0
DA:345,0
DA:346,0
DA:347,0
DA:349,0
DA:353,0
DA:354,0
DA:358,0
DA:359,0
DA:360,0
DA:362,0
DA:366,0
DA:367,0
DA:369,0
DA:370,0
DA:373,0
DA:377,0
DA:379,0
DA:388,0
DA:389,0
DA:392,0
DA:396,0
DA:397,0
DA:399,0
DA:408,0
DA:409,0
DA:412,0
DA:416,0
DA:417,0
DA:418,0
DA:422,0
DA:423,0
DA:426,0
DA:431,0
DA:435,0
DA:436,0
DA:439,0
DA:440,0
DA:443,0
DA:452,0
DA:454,0
LF:122
LH:0
BRDA:55,0,0,0
BRDA:55,0,1,0
BRDA:55,1,0,0
BRDA:55,1,1,0
BRDA:61,2,0,0
BRDA:68,3,0,0
BRDA:76,4,0,0
BRDA:80,5,0,0
BRDA:84,6,0,0
BRDA:84,6,1,0
BRDA:90,7,0,0
BRDA:141,8,0,0
BRDA:141,8,1,0
BRDA:152,9,0,0
BRDA:152,9,1,0
BRDA:156,10,0,0
BRDA:197,11,0,0
BRDA:201,12,0,0
BRDA:205,13,0,0
BRDA:209,14,0,0
BRDA:211,15,0,0
BRDA:211,15,1,0
BRDA:216,16,0,0
BRDA:216,17,0,0
BRDA:216,17,1,0
BRDA:218,18,0,0
BRDA:218,18,1,0
BRDA:219,19,0,0
BRDA:219,19,1,0
BRDA:226,20,0,0
BRDA:226,20,1,0
BRDA:236,21,0,0
BRDA:238,22,0,0
BRDA:248,23,0,0
BRDA:248,24,0,0
BRDA:248,24,1,0
BRDA:314,25,0,0
BRDA:335,26,0,0
BRDA:335,26,1,0
BRDA:336,27,0,0
BRDA:336,27,1,0
BRDA:346,28,0,0
BRDA:353,29,0,0
BRDA:353,29,1,0
BRDA:354,30,0,0
BRDA:354,30,1,0
BRDA:359,31,0,0
BRDA:369,32,0,0
BRDA:377,33,0,0
BRDA:388,34,0,0
BRDA:397,35,0,0
BRDA:408,36,0,0
BRDA:417,37,0,0
BRDA:422,38,0,0
BRDA:431,39,0,0
BRDA:431,39,1,0
BRDA:431,39,2,0
BRDA:435,40,0,0
BRDA:439,41,0,0
BRDA:447,42,0,0
BRDA:447,42,1,0
BRDA:452,43,0,0
BRDA:40,44,0,0
BRDA:40,44,1,0
BRDA:40,45,0,0
BRDA:40,45,1,0
BRDA:40,46,0,0
BRDA:40,46,1,0
BRDA:40,47,0,0
BRDA:40,47,1,0
BRF:70
BRH:0
end_of_record
TN:
SF:src\tasks\dto\create-task.dto.ts
FNF:0
FNH:0
DA:1,0
DA:12,0
DA:16,0
DA:21,0
DA:24,0
DA:27,0
DA:31,0
DA:37,0
DA:41,0
LF:9
LH:0
BRF:0
BRH:0
end_of_record
TN:
SF:src\tasks\dto\list-tasks.dto.ts
FN:4,toOptionalBoolean
FN:30,(anonymous_3)
FNF:2
FNH:0
FNDA:0,toOptionalBoolean
FNDA:0,(anonymous_3)
DA:1,0
DA:2,0
DA:5,0
DA:6,0
DA:7,0
DA:8,0
DA:9,0
DA:12,0
DA:15,0
DA:19,0
DA:23,0
DA:27,0
DA:30,0
DA:32,0
LF:14
LH:0
BRDA:5,0,0,0
BRDA:5,1,0,0
BRDA:5,1,1,0
BRDA:5,1,2,0
BRDA:6,2,0,0
BRDA:7,3,0,0
BRDA:8,4,0,0
BRF:7
BRH:0
end_of_record
TN:
SF:src\tasks\dto\update-task.dto.ts
FNF:0
FNH:0
DA:1,0
DA:12,0
DA:17,0
DA:22,0
DA:26,0
DA:30,0
DA:34,0
DA:40,0
DA:44,0
LF:9
LH:0
BRF:0
BRH:0
end_of_record
TN:
SF:src\webhooks\stripe.webhook.controller.ts
FN:15,(anonymous_5)
FN:22,(anonymous_6)
FNF:2
FNH:0
FNDA:0,(anonymous_5)
FNDA:0,(anonymous_6)
DA:1,0
DA:10,0
DA:11,0
DA:14,0
DA:16,0
DA:17,0
DA:22,0
DA:26,0
DA:27,0
DA:28,0
DA:33,0
DA:34,0
DA:36,0
DA:39,0
DA:40,0
DA:41,0
DA:44,0
DA:46,0
DA:50,0
DA:54,0
DA:58,0
DA:62,0
DA:66,0
DA:71,0
DA:75,0
DA:79,0
DA:82,0
LF:27
LH:0
BRDA:27,0,0,0
BRDA:39,1,0,0
BRDA:39,1,1,0
BRDA:40,2,0,0
BRDA:40,3,0,0
BRDA:40,3,1,0
BRDA:44,4,0,0
BRDA:44,4,1,0
BRDA:44,4,2,0
BRDA:44,4,3,0
BRDA:44,4,4,0
BRDA:44,4,5,0
BRDA:16,5,0,0
BRDA:16,5,1,0
BRDA:16,6,0,0
BRDA:16,6,1,0
BRDA:16,7,0,0
BRDA:16,7,1,0
BRDA:16,8,0,0
BRDA:16,8,1,0
BRF:20
BRH:0
end_of_record
TN:
SF:src\webhooks\webhooks.module.ts
FNF:0
FNH:0
DA:1,0
DA:2,0
DA:3,0
DA:4,0
DA:10,0
LF:5
LH:0
BRF:0
BRH:0
end_of_record
TN:
SF:src\workers\workers.controller.ts
FN:9,(anonymous_4)
FN:12,(anonymous_5)
FNF:2
FNH:0
FNDA:0,(anonymous_4)
FNDA:0,(anonymous_5)
DA:1,0
DA:3,0
DA:4,0
DA:8,0
DA:9,0
DA:12,0
DA:15,0
DA:16,0
DA:18,0
LF:9
LH:0
BRDA:16,0,0,0
BRDA:9,1,0,0
BRDA:9,1,1,0
BRDA:9,2,0,0
BRDA:9,2,1,0
BRF:5
BRH:0
end_of_record
TN:
SF:src\workers\workers.module.ts
FNF:0
FNH:0
DA:1,0
DA:2,0
DA:3,0
DA:4,0
DA:11,0
LF:5
LH:0
BRF:0
BRH:0
end_of_record
TN:
SF:src\workers\workers.service.ts
FN:7,(anonymous_2)
FN:9,(anonymous_3)
FN:30,(anonymous_4)
FNF:3
FNH:0
FNDA:0,(anonymous_2)
FNDA:0,(anonymous_3)
FNDA:0,(anonymous_4)
DA:1,0
DA:2,0
DA:3,0
DA:6,0
DA:7,0
DA:14,0
DA:15,0
DA:16,0
DA:18,0
DA:19,0
DA:30,0
DA:38,0
DA:39,0
DA:53,0
DA:63,0
LF:15
LH:0
BRDA:18,0,0,0
BRDA:38,1,0,0
BRDA:43,2,0,0
BRDA:43,2,1,0
BRDA:53,3,0,0
BRDA:53,3,1,0
BRDA:7,4,0,0
BRDA:7,4,1,0
BRDA:7,5,0,0
BRDA:7,5,1,0
BRF:10
BRH:0
end_of_record
